Release 13.1 Map O.40d (lin64)
Xilinx Mapping Report File for Design 'Top'

Design Information
------------------
Command Line   : map -w GorillaPP.ngd 
Target Device  : xc6vhx255t
Target Package : ff1923
Target Speed   : -2
Mapper Version : virtex6 -- $Revision: 1.55 $
Mapped Date    : Wed Jun  4 15:31:46 2014

Design Summary
--------------
Number of errors   :   1
Number of warnings :   0

Section 1 - Errors
------------------
ERROR:Security:9 - No 'ISE' feature was available for part 'xc6vhx255t'.
ERROR:Security:12 - No 'xc6vhx255t' feature was available (-97).
ERROR:Map:258 - A problem was encountered attempting to get the license for this
   architecture. 

Section 2 - Warnings
--------------------
WARNING:Security:43 - No license file was found in the standard Xilinx license
directory.
WARNING:Security:44 - No license file was found.

Section 3 - Informational
-------------------------
INFO:Security:51 - The XILINXD_LICENSE_FILE environment variable is not set.
INFO:Security:52 - The LM_LICENSE_FILE environment variable is set to
'27000@hulk.ece.utexas.edu:2100@hulk.ece.utexas.edu'.
INFO:Security:56 - Part 'xc6vhx255t' is not a WebPack part.
INFO:Security:68 - Please run the Xilinx License Configuration Manager
