#
# A fatal error has been detected by the Java Runtime Environment:
#
#  SIGSEGV (0xb) at pc=0x00002aaaabdb7061, pid=6352, tid=46912771032832
#
# JRE version: 7.0_25-b30
# Java VM: OpenJDK 64-Bit Server VM (23.7-b01 mixed mode linux-amd64 compressed oops)
# Problematic frame:
# V  [libjvm.so+0x4e1061]  oopDesc::size_given_klass(Klass*)+0x1
#
# Failed to write core dump. Core dumps have been disabled. To enable core dumping, try "ulimit -c unlimited" before starting Java again
#
# If you would like to submit a bug report, please include
# instructions on how to reproduce the bug and visit:
#   https://bugs.launchpad.net/ubuntu/+source/openjdk-7/
#

---------------  T H R E A D  ---------------

Current thread (0x00002aaab002e000):  GCTaskThread [stack: 0x00002aaabafd8000,0x00002aaabb0d9000] [id=6358]

siginfo:si_signo=SIGSEGV: si_errno=0, si_code=1 (SEGV_MAPERR), si_addr=0x0000000000000018

Registers:
RAX=0x0000000000000000, RBX=0x0000000681a5c7d0, RCX=0x0000000000000003, RDX=0x0000000000000000
RSP=0x00002aaabb0d7ac0, RBP=0x00002aaabb0d7b30, RSI=0x0000000000000010, RDI=0x00000006c1a5c8c8
R8 =0x00000000009dd2e4, R9 =0x0000000002000000, R10=0x0000000000001000, R11=0x00002aaaac529c08
R12=0x00002aaab012b2a0, R13=0x00000006c1a5c8c8, R14=0x00002aaaac55a140, R15=0x0000000681a5c7ec
RIP=0x00002aaaabdb7061, EFLAGS=0x0000000000010202, CSGSFS=0x0000000000000033, ERR=0x0000000000000004
  TRAPNO=0x000000000000000e

Top of Stack: (sp=0x00002aaabb0d7ac0)
0x00002aaabb0d7ac0:   00002aaabb0d7b30 00002aaaabdb5096
0x00002aaabb0d7ad0:   00002aaabb0d7b40 0000000000000003
0x00002aaabb0d7ae0:   00002aaab012b2c0 0000000681a5c790
0x00002aaabb0d7af0:   000000058946cb18 000000058946cb08
0x00002aaabb0d7b00:   0000000000000010 00002aaab012b2a0
0x00002aaabb0d7b10:   00002aaaac555ae8 00002aaaac55a140
0x00002aaabb0d7b20:   0000000681aca120 00000006c4c27a08
0x00002aaabb0d7b30:   00002aaabb0d7c00 00002aaaac003dba
0x00002aaabb0d7b40:   00002aaabb0d7c10 000000000000000d
0x00002aaabb0d7b50:   00002aaab012b310 00002aaab012b320
0x00002aaabb0d7b60:   00002aaab012b2b0 00002aaab012b2c0
0x00002aaabb0d7b70:   0000000000400000 0000000000128400
0x00002aaabb0d7b80:   00000006c47869f8 00002aaaac551bea
0x00002aaabb0d7b90:   003847e50000e266 00002aaaac0d7386
0x00002aaabb0d7ba0:   003847e40000e266 00002aaaac0d7407
0x00002aaabb0d7bb0:   00007f4500000055 00002aaaabaf9e9d
0x00002aaabb0d7bc0:   00007f4400000055 0000000000000001
0x00002aaabb0d7bd0:   00002aab50000b01 0000000000000002
0x00002aaabb0d7be0:   00002aaab012b2a0 0000000000001200
0x00002aaabb0d7bf0:   0000000606b5a2f0 00000006c478b208
0x00002aaabb0d7c00:   00002aaabb0d7ca0 00002aaaabfeee6e
0x00002aaabb0d7c10:   0000000000000012 00002aaab012b2c0
0x00002aaabb0d7c20:   00000002bb0d7c60 0000000000000008
0x00002aaabb0d7c30:   0000000000400000 0000000000001200
0x00002aaabb0d7c40:   00002aab240f0d20 00000006c47869f8
0x00002aaabb0d7c50:   00000006c47869f8 00002aaa00001000
0x00002aaabb0d7c60:   0000000000000000 6c327a75abd57526
0x00002aaabb0d7c70:   00002aaaac551a02 00002aaab002e000
0x00002aaabb0d7c80:   00002aaaac551a02 0000000000000000
0x00002aaabb0d7c90:   00002aab240f0d20 0000000000000001
0x00002aaabb0d7ca0:   00002aaabb0d7d80 00002aaaabd58659
0x00002aaabb0d7cb0:   00002aaab002f810 00002aaab002ea88 

Instructions: (pc=0x00002aaaabdb7061)
0x00002aaaabdb7041:   68 fe ff ff 48 8d 35 2e 43 37 00 bf 03 00 00 00
0x00002aaaabdb7051:   e8 da 7f 0e 00 eb be 31 db e9 0a ff ff ff 90 55
0x00002aaaabdb7061:   8b 46 08 48 89 f2 48 89 e5 83 f8 00 7e 11 a8 01
0x00002aaaabdb7071:   75 15 c1 f8 03 5d c3 0f 1f 84 00 00 00 00 00 75 

Register to memory mapping:

RAX=0x0000000000000000 is an unknown value
RBX=0x0000000681a5c7d0 is an oop
Chisel.Literal 
 - klass: 'Chisel/Literal'
RCX=0x0000000000000003 is an unknown value
RDX=0x0000000000000000 is an unknown value
RSP=0x00002aaabb0d7ac0 is an unknown value
RBP=0x00002aaabb0d7b30 is an unknown value
RSI=0x0000000000000010 is an unknown value
RDI=0x00000006c1a5c8c8 is an oop
[Ljava.lang.Object; 
 - klass: 'java/lang/Object'[]
 - length: 16
R8 =0x00000000009dd2e4 is an unknown value
R9 =0x0000000002000000 is an unknown value
R10=0x0000000000001000 is an unknown value
R11=0x00002aaaac529c08: <offset 0xc53c08> in /usr/lib/jvm/java-7-openjdk-amd64/jre/lib/amd64/server/libjvm.so at 0x00002aaaab8d6000
R12=0x00002aaab012b2a0 is an unknown value
R13=0x00000006c1a5c8c8 is an oop
[Ljava.lang.Object; 
 - klass: 'java/lang/Object'[]
 - length: 16
R14=0x00002aaaac55a140: <offset 0xc84140> in /usr/lib/jvm/java-7-openjdk-amd64/jre/lib/amd64/server/libjvm.so at 0x00002aaaab8d6000
R15=0x0000000681a5c7ec is an oop
Chisel.Literal 
 - klass: 'Chisel/Literal'


Stack: [0x00002aaabafd8000,0x00002aaabb0d9000],  sp=0x00002aaabb0d7ac0,  free space=1022k
Native frames: (J=compiled Java code, j=interpreted, Vv=VM code, C=native code)
V  [libjvm.so+0x4e1061]  oopDesc::size_given_klass(Klass*)+0x1
V  [libjvm.so+0x72ddba]  ParCompactionManager::follow_marking_stacks()+0x1aa
V  [libjvm.so+0x718e6e]  StealMarkingTask::do_it(GCTaskManager*, unsigned int)+0x3de
V  [libjvm.so+0x482659]  GCTaskThread::run()+0x139
V  [libjvm.so+0x6ddde2]  java_start(Thread*)+0x132


---------------  P R O C E S S  ---------------

Java Threads: ( => current thread )
  0x00002aab74021000 JavaThread "run-main" [_thread_blocked, id=6439, stack(0x00002aaad8801000,0x00002aaad9002000)]
  0x00002aaab08b1000 JavaThread "pool-4-thread-12" [_thread_blocked, id=6431, stack(0x00002aaad8000000,0x00002aaad8801000)]
  0x00002aaab08b0000 JavaThread "pool-4-thread-11" [_thread_blocked, id=6430, stack(0x00002aaad2004000,0x00002aaad2805000)]
  0x00002aaab08af000 JavaThread "pool-4-thread-10" [_thread_blocked, id=6429, stack(0x00002aaad1803000,0x00002aaad2004000)]
  0x00002aaab08ac000 JavaThread "pool-4-thread-9" [_thread_blocked, id=6428, stack(0x00002aaad1002000,0x00002aaad1803000)]
  0x00002aaab08ab000 JavaThread "pool-4-thread-8" [_thread_blocked, id=6427, stack(0x00002aaacb66c000,0x00002aaacbe6d000)]
  0x00002aaab08aa000 JavaThread "pool-4-thread-7" [_thread_blocked, id=6426, stack(0x00002aaacae6b000,0x00002aaacb66c000)]
  0x00002aaab08a9000 JavaThread "pool-4-thread-6" [_thread_blocked, id=6425, stack(0x00002aaaca525000,0x00002aaacad26000)]
  0x00002aaab08a8000 JavaThread "pool-4-thread-5" [_thread_blocked, id=6424, stack(0x00002aaac9d24000,0x00002aaaca525000)]
  0x00002aaab08a7000 JavaThread "pool-4-thread-4" [_thread_blocked, id=6423, stack(0x00002aaad0801000,0x00002aaad1002000)]
  0x00002aaab08a6000 JavaThread "pool-4-thread-3" [_thread_blocked, id=6422, stack(0x00002aaad3006000,0x00002aaad3807000)]
  0x00002aaab08a3000 JavaThread "pool-4-thread-2" [_thread_blocked, id=6421, stack(0x00002aaad2805000,0x00002aaad3006000)]
  0x00002aaab08a2000 JavaThread "pool-4-thread-1" [_thread_blocked, id=6420, stack(0x00002aaad0000000,0x00002aaad0801000)]
  0x00002aaab0805000 JavaThread "process reaper" daemon [_thread_in_native, id=6376, stack(0x00002aaac3fb9000,0x00002aaac3fe1000)]
  0x00002aaab02ba800 JavaThread "Service Thread" daemon [_thread_blocked, id=6373, stack(0x00002aaac8000000,0x00002aaac8801000)]
  0x00002aaab02b8000 JavaThread "C2 CompilerThread1" daemon [_thread_blocked, id=6372, stack(0x00002aaac3c03000,0x00002aaac3d04000)]
  0x00002aaab02b5000 JavaThread "C2 CompilerThread0" daemon [_thread_blocked, id=6371, stack(0x00002aaac3b02000,0x00002aaac3c03000)]
  0x00002aaab02b3000 JavaThread "Signal Dispatcher" daemon [_thread_blocked, id=6370, stack(0x00002aaac3301000,0x00002aaac3b02000)]
  0x00002aaab0259800 JavaThread "Finalizer" daemon [_thread_blocked, id=6368, stack(0x00002aaac241d000,0x00002aaac2c1e000)]
  0x00002aaab0257000 JavaThread "Reference Handler" daemon [_thread_blocked, id=6367, stack(0x00002aaac1c1c000,0x00002aaac241d000)]
  0x00002aaab001c800 JavaThread "main" [_thread_blocked, id=6354, stack(0x00002aaaacd86000,0x00002aaaad587000)]

Other Threads:
  0x00002aaab024e800 VMThread [stack: 0x00002aaac1b1b000,0x00002aaac1c1c000] [id=6366]
  0x00002aaab02c5000 WatcherThread [stack: 0x00002aaac3d04000,0x00002aaac3e05000] [id=6374]

=>0x00002aaab002e000 (exited) GCTaskThread [stack: 0x00002aaabafd8000,0x00002aaabb0d9000] [id=6358]

VM state:at safepoint (normal execution)

VM Mutex/Monitor currently owned by a thread:  ([mutex/lock_event])
[0x00002aaab0005510] Threads_lock - owner thread: 0x00002aaab024e800
[0x00002aaab0005a10] Heap_lock - owner thread: 0x00002aab74021000

Heap
 PSYoungGen      total 1189888K, used 321088K [0x0000000757560000, 0x00000007d7370000, 0x0000000800000000)
  eden space 321088K, 100% used [0x0000000757560000,0x000000076aef0000,0x000000076aef0000)
  from space 868800K, 0% used [0x00000007a2300000,0x00000007a2300000,0x00000007d7370000)
  to   space 887040K, 0% used [0x000000076aef0000,0x000000076aef0000,0x00000007a1130000)
 ParOldGen       total 5526912K, used 5526911K [0x0000000606000000, 0x0000000757560000, 0x0000000757560000)
  object space 5526912K, 99% used [0x0000000606000000,0x000000075755fe20,0x0000000757560000)
 PSPermGen       total 57728K, used 57087K [0x0000000586000000, 0x0000000589860000, 0x0000000606000000)
  object space 57728K, 98% used [0x0000000586000000,0x00000005897bff50,0x0000000589860000)

Card table byte_map: [0x00002aaab8c7b000,0x00002aaaba04c000] byte_map_base: 0x00002aaab604b000

Polling page: 0x00002aaaaaacf000

Code Cache  [0x00002aaab5c7b000, 0x00002aaab619b000, 0x00002aaab8c7b000)
 total_blobs=2819 nmethods=2494 adapters=274 free_code_cache=44014Kb largest_free_block=44964736

Compilation events (10 events):
Event: 429.169 Thread 0x00002aaab02b5000 nmethod 2732 0x00002aaab6188bd0 code [0x00002aaab6188d00, 0x00002aaab6188db8]
Event: 429.170 Thread 0x00002aaab02b5000 2733             Chisel.Tester$$anonfun$step$2::<init> (56 bytes)
Event: 429.171 Thread 0x00002aaab02b5000 nmethod 2733 0x00002aaab60350d0 code [0x00002aaab6035200, 0x00002aaab60352f8]
Event: 429.178 Thread 0x00002aaab02b5000 2734             Chisel.Tester::step$default$3 (2 bytes)
Event: 429.178 Thread 0x00002aaab02b5000 nmethod 2734 0x00002aaab6034ed0 code [0x00002aaab6035000, 0x00002aaab6035058]
Event: 429.186 Thread 0x00002aaab02b8000 nmethod 2731 0x00002aaab618bed0 code [0x00002aaab618c140, 0x00002aaab618d110]
Event: 433.931 Thread 0x00002aaab02b5000 2735             java.math.BigInteger::compareMagnitude (96 bytes)
Event: 433.935 Thread 0x00002aaab02b5000 nmethod 2735 0x00002aaab6034a50 code [0x00002aaab6034ba0, 0x00002aaab6034db8]
Event: 439.739 Thread 0x00002aaab02b8000   27 %           Tutorial.TopTests$$anonfun$1::apply$mcZ$sp @ 361 (1073 bytes)
Event: 439.782 Thread 0x00002aaab02b8000 nmethod 27% 0x00002aaab6192050 code [0x00002aaab6192700, 0x00002aaab6195148]

GC Heap History (10 events):
Event: 935.281 GC heap after
Heap after GC invocations=143 (full 31):
 PSYoungGen      total 1189888K, used 321049K [0x0000000757560000, 0x00000007d7370000, 0x0000000800000000)
  eden space 321088K, 99% used [0x0000000757560000,0x000000076aee66c0,0x000000076aef0000)
  from space 868800K, 0% used [0x00000007a2300000,0x00000007a2300000,0x00000007d7370000)
  to   space 887040K, 0% used [0x000000076aef0000,0x000000076aef0000,0x00000007a1130000)
 ParOldGen       total 5526912K, used 5526911K [0x0000000606000000, 0x0000000757560000, 0x0000000757560000)
  object space 5526912K, 99% used [0x0000000606000000,0x000000075755fe20,0x0000000757560000)
 PSPermGen       total 58112K, used 57087K [0x0000000586000000, 0x00000005898c0000, 0x0000000606000000)
  object space 58112K, 98% used [0x0000000586000000,0x00000005897bff50,0x00000005898c0000)
}
Event: 935.282 GC heap before
{Heap before GC invocations=144 (full 32):
 PSYoungGen      total 1189888K, used 321088K [0x0000000757560000, 0x00000007d7370000, 0x0000000800000000)
  eden space 321088K, 100% used [0x0000000757560000,0x000000076aef0000,0x000000076aef0000)
  from space 868800K, 0% used [0x00000007a2300000,0x00000007a2300000,0x00000007d7370000)
  to   space 887040K, 0% used [0x000000076aef0000,0x000000076aef0000,0x00000007a1130000)
 ParOldGen       total 5526912K, used 5526911K [0x0000000606000000, 0x0000000757560000, 0x0000000757560000)
  object space 5526912K, 99% used [0x0000000606000000,0x000000075755fe20,0x0000000757560000)
 PSPermGen       total 58112K, used 57087K [0x0000000586000000, 0x00000005898c0000, 0x0000000606000000)
  object space 58112K, 98% used [0x0000000586000000,0x00000005897bff50,0x00000005898c0000)
Event: 945.798 GC heap after
Heap after GC invocations=144 (full 32):
 PSYoungGen      total 1189888K, used 321065K [0x0000000757560000, 0x00000007d7370000, 0x0000000800000000)
  eden space 321088K, 99% used [0x0000000757560000,0x000000076aeea430,0x000000076aef0000)
  from space 868800K, 0% used [0x00000007a2300000,0x00000007a2300000,0x00000007d7370000)
  to   space 887040K, 0% used [0x000000076aef0000,0x000000076aef0000,0x00000007a1130000)
 ParOldGen       total 5526912K, used 5526911K [0x0000000606000000, 0x0000000757560000, 0x0000000757560000)
  object space 5526912K, 99% used [0x0000000606000000,0x000000075755fe20,0x0000000757560000)
 PSPermGen       total 57984K, used 57087K [0x0000000586000000, 0x00000005898a0000, 0x0000000606000000)
  object space 57984K, 98% used [0x0000000586000000,0x00000005897bff50,0x00000005898a0000)
}
Event: 945.799 GC heap before
{Heap before GC invocations=145 (full 33):
 PSYoungGen      total 1189888K, used 321088K [0x0000000757560000, 0x00000007d7370000, 0x0000000800000000)
  eden space 321088K, 100% used [0x0000000757560000,0x000000076aef0000,0x000000076aef0000)
  from space 868800K, 0% used [0x00000007a2300000,0x00000007a2300000,0x00000007d7370000)
  to   space 887040K, 0% used [0x000000076aef0000,0x000000076aef0000,0x00000007a1130000)
 ParOldGen       total 5526912K, used 5526911K [0x0000000606000000, 0x0000000757560000, 0x0000000757560000)
  object space 5526912K, 99% used [0x0000000606000000,0x000000075755fe20,0x0000000757560000)
 PSPermGen       total 57984K, used 57087K [0x0000000586000000, 0x00000005898a0000, 0x0000000606000000)
  object space 57984K, 98% used [0x0000000586000000,0x00000005897bff50,0x00000005898a0000)
Event: 955.741 GC heap after
Heap after GC invocations=145 (full 33):
 PSYoungGen      total 1189888K, used 321073K [0x0000000757560000, 0x00000007d7370000, 0x0000000800000000)
  eden space 321088K, 99% used [0x0000000757560000,0x000000076aeec758,0x000000076aef0000)
  from space 868800K, 0% used [0x00000007a2300000,0x00000007a2300000,0x00000007d7370000)
  to   space 887040K, 0% used [0x000000076aef0000,0x000000076aef0000,0x00000007a1130000)
 ParOldGen       total 5526912K, used 5526911K [0x0000000606000000, 0x0000000757560000, 0x0000000757560000)
  object space 5526912K, 99% used [0x0000000606000000,0x000000075755fe20,0x0000000757560000)
 PSPermGen       total 57856K, used 57087K [0x0000000586000000, 0x0000000589880000, 0x0000000606000000)
  object space 57856K, 98% used [0x0000000586000000,0x00000005897bff50,0x0000000589880000)
}
Event: 955.742 GC heap before
{Heap before GC invocations=146 (full 34):
 PSYoungGen      total 1189888K, used 321088K [0x0000000757560000, 0x00000007d7370000, 0x0000000800000000)
  eden space 321088K, 100% used [0x0000000757560000,0x000000076aef0000,0x000000076aef0000)
  from space 868800K, 0% used [0x00000007a2300000,0x00000007a2300000,0x00000007d7370000)
  to   space 887040K, 0% used [0x000000076aef0000,0x000000076aef0000,0x00000007a1130000)
 ParOldGen       total 5526912K, used 5526911K [0x0000000606000000, 0x0000000757560000, 0x0000000757560000)
  object space 5526912K, 99% used [0x0000000606000000,0x000000075755fe20,0x0000000757560000)
 PSPermGen       total 57856K, used 57087K [0x0000000586000000, 0x0000000589880000, 0x0000000606000000)
  object space 57856K, 98% used [0x0000000586000000,0x00000005897bff50,0x0000000589880000)
Event: 964.260 GC heap after
Heap after GC invocations=146 (full 34):
 PSYoungGen      total 1189888K, used 321079K [0x0000000757560000, 0x00000007d7370000, 0x0000000800000000)
  eden space 321088K, 99% used [0x0000000757560000,0x000000076aeede10,0x000000076aef0000)
  from space 868800K, 0% used [0x00000007a2300000,0x00000007a2300000,0x00000007d7370000)
  to   space 887040K, 0% used [0x000000076aef0000,0x000000076aef0000,0x00000007a1130000)
 ParOldGen       total 5526912K, used 5526911K [0x0000000606000000, 0x0000000757560000, 0x0000000757560000)
  object space 5526912K, 99% used [0x0000000606000000,0x000000075755fe20,0x0000000757560000)
 PSPermGen       total 57792K, used 57087K [0x0000000586000000, 0x0000000589870000, 0x0000000606000000)
  object space 57792K, 98% used [0x0000000586000000,0x00000005897bff50,0x0000000589870000)
}
Event: 964.261 GC heap before
{Heap before GC invocations=147 (full 35):
 PSYoungGen      total 1189888K, used 321088K [0x0000000757560000, 0x00000007d7370000, 0x0000000800000000)
  eden space 321088K, 100% used [0x0000000757560000,0x000000076aef0000,0x000000076aef0000)
  from space 868800K, 0% used [0x00000007a2300000,0x00000007a2300000,0x00000007d7370000)
  to   space 887040K, 0% used [0x000000076aef0000,0x000000076aef0000,0x00000007a1130000)
 ParOldGen       total 5526912K, used 5526911K [0x0000000606000000, 0x0000000757560000, 0x0000000757560000)
  object space 5526912K, 99% used [0x0000000606000000,0x000000075755fe20,0x0000000757560000)
 PSPermGen       total 57792K, used 57087K [0x0000000586000000, 0x0000000589870000, 0x0000000606000000)
  object space 57792K, 98% used [0x0000000586000000,0x00000005897bff50,0x0000000589870000)
Event: 975.266 GC heap after
Heap after GC invocations=147 (full 35):
 PSYoungGen      total 1189888K, used 321084K [0x0000000757560000, 0x00000007d7370000, 0x0000000800000000)
  eden space 321088K, 99% used [0x0000000757560000,0x000000076aeef340,0x000000076aef0000)
  from space 868800K, 0% used [0x00000007a2300000,0x00000007a2300000,0x00000007d7370000)
  to   space 887040K, 0% used [0x000000076aef0000,0x000000076aef0000,0x00000007a1130000)
 ParOldGen       total 5526912K, used 5526911K [0x0000000606000000, 0x0000000757560000, 0x0000000757560000)
  object space 5526912K, 99% used [0x0000000606000000,0x000000075755fe20,0x0000000757560000)
 PSPermGen       total 57728K, used 57087K [0x0000000586000000, 0x0000000589860000, 0x0000000606000000)
  object space 57728K, 98% used [0x0000000586000000,0x00000005897bff50,0x0000000589860000)
}
Event: 975.266 GC heap before
{Heap before GC invocations=148 (full 36):
 PSYoungGen      total 1189888K, used 321088K [0x0000000757560000, 0x00000007d7370000, 0x0000000800000000)
  eden space 321088K, 100% used [0x0000000757560000,0x000000076aef0000,0x000000076aef0000)
  from space 868800K, 0% used [0x00000007a2300000,0x00000007a2300000,0x00000007d7370000)
  to   space 887040K, 0% used [0x000000076aef0000,0x000000076aef0000,0x00000007a1130000)
 ParOldGen       total 5526912K, used 5526911K [0x0000000606000000, 0x0000000757560000, 0x0000000757560000)
  object space 5526912K, 99% used [0x0000000606000000,0x000000075755fe20,0x0000000757560000)
 PSPermGen       total 57728K, used 57087K [0x0000000586000000, 0x0000000589860000, 0x0000000606000000)
  object space 57728K, 98% used [0x0000000586000000,0x00000005897bff50,0x0000000589860000)

Deoptimization events (10 events):
Event: 28.800 Thread 0x00002aab74021000 Uncommon trap -42 fr.pc 0x00002aaab604f0a4
Event: 29.098 Thread 0x00002aab74021000 Uncommon trap -34 fr.pc 0x00002aaab611b748
Event: 29.269 Thread 0x00002aab74021000 Uncommon trap -83 fr.pc 0x00002aaab5eb8608
Event: 38.446 Thread 0x00002aab74021000 Uncommon trap -34 fr.pc 0x00002aaab5fd1cf8
Event: 38.446 Thread 0x00002aab74021000 Uncommon trap -34 fr.pc 0x00002aaab5fd1cf8
Event: 38.446 Thread 0x00002aab74021000 Uncommon trap -34 fr.pc 0x00002aaab611b748
Event: 409.936 Thread 0x00002aab74021000 Uncommon trap -34 fr.pc 0x00002aaab5fd1cf8
Event: 409.936 Thread 0x00002aab74021000 Uncommon trap -34 fr.pc 0x00002aaab5fd1cf8
Event: 409.936 Thread 0x00002aab74021000 Uncommon trap -34 fr.pc 0x00002aaab611b748
Event: 410.079 Thread 0x00002aab74021000 Uncommon trap -34 fr.pc 0x00002aaab611b748

Internal exceptions (10 events):
Event: 410.094 Thread 0x00002aab74021000 Threw 0x000000075dab7288 at /build/buildd/openjdk-7-7u25-2.3.10/build/openjdk/hotspot/src/share/vm/prims/jvm.cpp:1235
Event: 410.095 Thread 0x00002aab74021000 Threw 0x000000075dabbe50 at /build/buildd/openjdk-7-7u25-2.3.10/build/openjdk/hotspot/src/share/vm/prims/jvm.cpp:1235
Event: 410.095 Thread 0x00002aab74021000 Threw 0x000000075dabc540 at /build/buildd/openjdk-7-7u25-2.3.10/build/openjdk/hotspot/src/share/vm/prims/jvm.cpp:1235
Event: 410.095 Thread 0x00002aab74021000 Threw 0x000000075dabce58 at /build/buildd/openjdk-7-7u25-2.3.10/build/openjdk/hotspot/src/share/vm/prims/jvm.cpp:1235
Event: 410.095 Thread 0x00002aab74021000 Threw 0x000000075dabd898 at /build/buildd/openjdk-7-7u25-2.3.10/build/openjdk/hotspot/src/share/vm/prims/jvm.cpp:1235
Event: 410.125 Thread 0x00002aab74021000 Threw 0x000000075dac3148 at /build/buildd/openjdk-7-7u25-2.3.10/build/openjdk/hotspot/src/share/vm/prims/jvm.cpp:1235
Event: 410.125 Thread 0x00002aab74021000 Threw 0x000000075dac3798 at /build/buildd/openjdk-7-7u25-2.3.10/build/openjdk/hotspot/src/share/vm/prims/jvm.cpp:1235
Event: 410.125 Thread 0x00002aab74021000 Threw 0x000000075dac3d10 at /build/buildd/openjdk-7-7u25-2.3.10/build/openjdk/hotspot/src/share/vm/prims/jvm.cpp:1235
Event: 410.125 Thread 0x00002aab74021000 Threw 0x000000075dac4490 at /build/buildd/openjdk-7-7u25-2.3.10/build/openjdk/hotspot/src/share/vm/prims/jvm.cpp:1235
Event: 411.509 Thread 0x00002aab74021000 Threw 0x000000075b6c1988 at /build/buildd/openjdk-7-7u25-2.3.10/build/openjdk/hotspot/src/share/vm/prims/jvm.cpp:1235

Events (10 events):
Event: 935.281 Executing VM operation: ParallelGCFailedAllocation done
Event: 935.282 Executing VM operation: ParallelGCFailedAllocation
Event: 945.798 Executing VM operation: ParallelGCFailedAllocation done
Event: 945.799 Executing VM operation: ParallelGCFailedAllocation
Event: 955.741 Executing VM operation: ParallelGCFailedAllocation done
Event: 955.742 Executing VM operation: ParallelGCFailedAllocation
Event: 964.260 Executing VM operation: ParallelGCFailedAllocation done
Event: 964.260 Executing VM operation: ParallelGCFailedAllocation
Event: 975.266 Executing VM operation: ParallelGCFailedAllocation done
Event: 975.266 Executing VM operation: ParallelGCFailedAllocation


Dynamic libraries:
00400000-00401000 r-xp 00000000 09:00 10854520                           /usr/lib/jvm/java-7-openjdk-amd64/jre/bin/java
00600000-00601000 r--p 00000000 09:00 10854520                           /usr/lib/jvm/java-7-openjdk-amd64/jre/bin/java
00601000-00602000 rw-p 00001000 09:00 10854520                           /usr/lib/jvm/java-7-openjdk-amd64/jre/bin/java
00b79000-00b9a000 rw-p 00000000 00:00 0                                  [heap]
586000000-589860000 rw-p 00000000 00:00 0 
589860000-58dbe0000 ---p 00000000 00:00 0 
58dbe0000-606000000 rw-p 00000000 00:00 0 
606000000-757560000 rw-p 00000000 00:00 0 
757560000-7d7370000 rw-p 00000000 00:00 0 
7d7370000-7d9580000 ---p 00000000 00:00 0 
7d9580000-800000000 rw-p 00000000 00:00 0 
2aaaaaaab000-2aaaaaacd000 r-xp 00000000 09:00 30778172                   /lib/x86_64-linux-gnu/ld-2.15.so
2aaaaaacd000-2aaaaaacf000 rw-p 00000000 00:00 0 
2aaaaaacf000-2aaaaaad0000 ---p 00000000 00:00 0 
2aaaaaad0000-2aaaaaad1000 rw-p 00000000 00:00 0 
2aaaaaad1000-2aaaaaad9000 rw-s 00000000 09:00 55861334                   /tmp/hsperfdata_maysam/6352
2aaaaaad9000-2aaaaaada000 r--s 00002000 09:00 10854693                   /usr/lib/jvm/java-7-openjdk-common/jre/lib/ext/dnsns.jar
2aaaaaada000-2aaaaaadc000 r--s 00012000 09:00 10854696                   /usr/lib/jvm/java-7-openjdk-common/jre/lib/ext/zipfs.jar
2aaaaaadc000-2aaaaaadd000 r--s 00007000 09:00 10307403                   /usr/share/java/java-atk-wrapper.jar
2aaaaaadd000-2aaaaaae0000 r--s 0000f000 09:00 10854692                   /usr/lib/jvm/java-7-openjdk-common/jre/lib/ext/pulse-java.jar
2aaaaaae0000-2aaaaaae3000 r--s 0003c000 09:00 10854695                   /usr/lib/jvm/java-7-openjdk-common/jre/lib/ext/sunpkcs11.jar
2aaaaaae3000-2aaaaaae7000 r--s 00085000 09:00 10854691                   /usr/lib/jvm/java-7-openjdk-common/jre/lib/ext/localedata.jar
2aaaaaae7000-2aaaaaaea000 r--s 00032000 09:00 10854694                   /usr/lib/jvm/java-7-openjdk-common/jre/lib/ext/sunjce_provider.jar
2aaaaaaea000-2aaaaaaf3000 r--s 000bc000 09:00 10854697                   /usr/lib/jvm/java-7-openjdk-common/jre/lib/resources.jar
2aaaaaaf3000-2aaaaaaf5000 r--s 00006000 00:23 129630246                  /home/maysam/.sbt/boot/scala-2.9.1/org.scala-tools.sbt/sbt/0.11.0/commons-codec-1.2.jar
2aaaaaaf5000-2aaaaab0e000 rw-p 00000000 00:00 0 
2aaaaab0e000-2aaaaabb9000 rw-p 00000000 00:00 0 
2aaaaabb9000-2aaaaabba000 ---p 00000000 00:00 0 
2aaaaabba000-2aaaaacba000 rw-p 00000000 00:00 0                          [stack:6356]
2aaaaacba000-2aaaaacbd000 r--s 000cf000 00:23 129501102                  /home/maysam/.sbt/boot/other/net.java.dev.jna/jna/3.2.3/jna-3.2.3.jar
2aaaaacbd000-2aaaaacc0000 r--s 00018000 00:23 129501134                  /home/maysam/.sbt/boot/scala-2.9.1/lib/jansi.jar
2aaaaacc0000-2aaaaacc3000 r--s 00024000 00:23 129501137                  /home/maysam/.sbt/boot/scala-2.9.1/lib/jline.jar
2aaaaacc3000-2aaaaacc7000 r--s 00021000 00:23 129630242                  /home/maysam/.sbt/boot/scala-2.9.1/org.scala-tools.sbt/sbt/0.11.0/incremental-compiler_2.9.1-0.11.0.jar
2aaaaacc7000-2aaaaacca000 r--s 00019000 00:23 129630220                  /home/maysam/.sbt/boot/scala-2.9.1/org.scala-tools.sbt/sbt/0.11.0/process_2.9.1-0.11.0.jar
2aaaaacca000-2aaaaaccb000 r--s 00003000 00:23 129630232                  /home/maysam/.sbt/boot/scala-2.9.1/org.scala-tools.sbt/sbt/0.11.0/sbt_2.9.1-0.11.0.jar
2aaaaaccb000-2aaaaaccc000 r--s 00002000 00:23 129630229                  /home/maysam/.sbt/boot/scala-2.9.1/org.scala-tools.sbt/sbt/0.11.0/control_2.9.1-0.11.0.jar
2aaaaaccc000-2aaaaaccd000 r--s 00001000 00:23 129630218                  /home/maysam/.sbt/boot/scala-2.9.1/org.scala-tools.sbt/sbt/0.11.0/launcher-interface_2.9.1-0.11.0.jar
2aaaaaccd000-2aaaaacce000 r--p 00022000 09:00 30778172                   /lib/x86_64-linux-gnu/ld-2.15.so
2aaaaacce000-2aaaaacd0000 rw-p 00023000 09:00 30778172                   /lib/x86_64-linux-gnu/ld-2.15.so
2aaaaacd0000-2aaaaacdd000 r-xp 00000000 09:00 10854595                   /usr/lib/jvm/java-7-openjdk-amd64/jre/lib/amd64/jli/libjli.so
2aaaaacdd000-2aaaaaedc000 ---p 0000d000 09:00 10854595                   /usr/lib/jvm/java-7-openjdk-amd64/jre/lib/amd64/jli/libjli.so
2aaaaaedc000-2aaaaaedd000 r--p 0000c000 09:00 10854595                   /usr/lib/jvm/java-7-openjdk-amd64/jre/lib/amd64/jli/libjli.so
2aaaaaedd000-2aaaaaede000 rw-p 0000d000 09:00 10854595                   /usr/lib/jvm/java-7-openjdk-amd64/jre/lib/amd64/jli/libjli.so
2aaaaaede000-2aaaab093000 r-xp 00000000 09:00 30778110                   /lib/x86_64-linux-gnu/libc-2.15.so
2aaaab093000-2aaaab293000 ---p 001b5000 09:00 30778110                   /lib/x86_64-linux-gnu/libc-2.15.so
2aaaab293000-2aaaab297000 r--p 001b5000 09:00 30778110                   /lib/x86_64-linux-gnu/libc-2.15.so
2aaaab297000-2aaaab299000 rw-p 001b9000 09:00 30778110                   /lib/x86_64-linux-gnu/libc-2.15.so
2aaaab299000-2aaaab29e000 rw-p 00000000 00:00 0 
2aaaab29e000-2aaaab2a0000 r-xp 00000000 09:00 30778273                   /lib/x86_64-linux-gnu/libdl-2.15.so
2aaaab2a0000-2aaaab4a0000 ---p 00002000 09:00 30778273                   /lib/x86_64-linux-gnu/libdl-2.15.so
2aaaab4a0000-2aaaab4a1000 r--p 00002000 09:00 30778273                   /lib/x86_64-linux-gnu/libdl-2.15.so
2aaaab4a1000-2aaaab4a2000 rw-p 00003000 09:00 30778273                   /lib/x86_64-linux-gnu/libdl-2.15.so
2aaaab4a2000-2aaaab4ba000 r-xp 00000000 09:00 30778295                   /lib/x86_64-linux-gnu/libpthread-2.15.so
2aaaab4ba000-2aaaab6b9000 ---p 00018000 09:00 30778295                   /lib/x86_64-linux-gnu/libpthread-2.15.so
2aaaab6b9000-2aaaab6ba000 r--p 00017000 09:00 30778295                   /lib/x86_64-linux-gnu/libpthread-2.15.so
2aaaab6ba000-2aaaab6bb000 rw-p 00018000 09:00 30778295                   /lib/x86_64-linux-gnu/libpthread-2.15.so
2aaaab6bb000-2aaaab6bf000 rw-p 00000000 00:00 0 
2aaaab6bf000-2aaaab6d5000 r-xp 00000000 09:00 30778270                   /lib/x86_64-linux-gnu/libz.so.1.2.3.4
2aaaab6d5000-2aaaab8d4000 ---p 00016000 09:00 30778270                   /lib/x86_64-linux-gnu/libz.so.1.2.3.4
2aaaab8d4000-2aaaab8d5000 r--p 00015000 09:00 30778270                   /lib/x86_64-linux-gnu/libz.so.1.2.3.4
2aaaab8d5000-2aaaab8d6000 rw-p 00016000 09:00 30778270                   /lib/x86_64-linux-gnu/libz.so.1.2.3.4
2aaaab8d6000-2aaaac2a9000 r-xp 00000000 09:00 10854628                   /usr/lib/jvm/java-7-openjdk-amd64/jre/lib/amd64/server/libjvm.so
2aaaac2a9000-2aaaac4a8000 ---p 009d3000 09:00 10854628                   /usr/lib/jvm/java-7-openjdk-amd64/jre/lib/amd64/server/libjvm.so
2aaaac4a8000-2aaaac527000 r--p 009d2000 09:00 10854628                   /usr/lib/jvm/java-7-openjdk-amd64/jre/lib/amd64/server/libjvm.so
2aaaac527000-2aaaac54a000 rw-p 00a51000 09:00 10854628                   /usr/lib/jvm/java-7-openjdk-amd64/jre/lib/amd64/server/libjvm.so
2aaaac54a000-2aaaac574000 rw-p 00000000 00:00 0 
2aaaac574000-2aaaac656000 r-xp 00000000 09:00 10717374                   /usr/lib/x86_64-linux-gnu/libstdc++.so.6.0.16
2aaaac656000-2aaaac855000 ---p 000e2000 09:00 10717374                   /usr/lib/x86_64-linux-gnu/libstdc++.so.6.0.16
2aaaac855000-2aaaac85d000 r--p 000e1000 09:00 10717374                   /usr/lib/x86_64-linux-gnu/libstdc++.so.6.0.16
2aaaac85d000-2aaaac85f000 rw-p 000e9000 09:00 10717374                   /usr/lib/x86_64-linux-gnu/libstdc++.so.6.0.16
2aaaac85f000-2aaaac874000 rw-p 00000000 00:00 0 
2aaaac874000-2aaaac96f000 r-xp 00000000 09:00 30778148                   /lib/x86_64-linux-gnu/libm-2.15.so
2aaaac96f000-2aaaacb6e000 ---p 000fb000 09:00 30778148                   /lib/x86_64-linux-gnu/libm-2.15.so
2aaaacb6e000-2aaaacb6f000 r--p 000fa000 09:00 30778148                   /lib/x86_64-linux-gnu/libm-2.15.so
2aaaacb6f000-2aaaacb70000 rw-p 000fb000 09:00 30778148                   /lib/x86_64-linux-gnu/libm-2.15.so
2aaaacb70000-2aaaacb85000 r-xp 00000000 09:00 30778130                   /lib/x86_64-linux-gnu/libgcc_s.so.1
2aaaacb85000-2aaaacd84000 ---p 00015000 09:00 30778130                   /lib/x86_64-linux-gnu/libgcc_s.so.1
2aaaacd84000-2aaaacd85000 r--p 00014000 09:00 30778130                   /lib/x86_64-linux-gnu/libgcc_s.so.1
2aaaacd85000-2aaaacd86000 rw-p 00015000 09:00 30778130                   /lib/x86_64-linux-gnu/libgcc_s.so.1
2aaaacd86000-2aaaacd89000 ---p 00000000 00:00 0 
2aaaacd89000-2aaaad587000 rw-p 00000000 00:00 0                          [stack:6354]
2aaaad587000-2aaaad58e000 r-xp 00000000 09:00 30778293                   /lib/x86_64-linux-gnu/librt-2.15.so
2aaaad58e000-2aaaad78d000 ---p 00007000 09:00 30778293                   /lib/x86_64-linux-gnu/librt-2.15.so
2aaaad78d000-2aaaad78e000 r--p 00006000 09:00 30778293                   /lib/x86_64-linux-gnu/librt-2.15.so
2aaaad78e000-2aaaad78f000 rw-p 00007000 09:00 30778293                   /lib/x86_64-linux-gnu/librt-2.15.so
2aaaad78f000-2aaaad79d000 r-xp 00000000 09:00 10854610                   /usr/lib/jvm/java-7-openjdk-amd64/jre/lib/amd64/libverify.so
2aaaad79d000-2aaaad99c000 ---p 0000e000 09:00 10854610                   /usr/lib/jvm/java-7-openjdk-amd64/jre/lib/amd64/libverify.so
2aaaad99c000-2aaaad99e000 r--p 0000d000 09:00 10854610                   /usr/lib/jvm/java-7-openjdk-amd64/jre/lib/amd64/libverify.so
2aaaad99e000-2aaaad99f000 rw-p 0000f000 09:00 10854610                   /usr/lib/jvm/java-7-openjdk-amd64/jre/lib/amd64/libverify.so
2aaaad99f000-2aaaad9c8000 r-xp 00000000 09:00 10854620                   /usr/lib/jvm/java-7-openjdk-amd64/jre/lib/amd64/libjava.so
2aaaad9c8000-2aaaadbc7000 ---p 00029000 09:00 10854620                   /usr/lib/jvm/java-7-openjdk-amd64/jre/lib/amd64/libjava.so
2aaaadbc7000-2aaaadbc8000 r--p 00028000 09:00 10854620                   /usr/lib/jvm/java-7-openjdk-amd64/jre/lib/amd64/libjava.so
2aaaadbc8000-2aaaadbca000 rw-p 00029000 09:00 10854620                   /usr/lib/jvm/java-7-openjdk-amd64/jre/lib/amd64/libjava.so
2aaaadbca000-2aaaadbd6000 r-xp 00000000 09:00 30778197                   /lib/x86_64-linux-gnu/libnss_files-2.15.so
2aaaadbd6000-2aaaaddd5000 ---p 0000c000 09:00 30778197                   /lib/x86_64-linux-gnu/libnss_files-2.15.so
2aaaaddd5000-2aaaaddd6000 r--p 0000b000 09:00 30778197                   /lib/x86_64-linux-gnu/libnss_files-2.15.so
2aaaaddd6000-2aaaaddd7000 rw-p 0000c000 09:00 30778197                   /lib/x86_64-linux-gnu/libnss_files-2.15.so
2aaaaddd7000-2aaaaddeb000 r-xp 00000000 09:00 30778149                   /lib/x86_64-linux-gnu/libnss_ldap-2.13.so
2aaaaddeb000-2aaaadfea000 ---p 00014000 09:00 30778149                   /lib/x86_64-linux-gnu/libnss_ldap-2.13.so
2aaaadfea000-2aaaadfeb000 r--p 00013000 09:00 30778149                   /lib/x86_64-linux-gnu/libnss_ldap-2.13.so
2aaaadfeb000-2aaaadfec000 rw-p 00014000 09:00 30778149                   /lib/x86_64-linux-gnu/libnss_ldap-2.13.so
2aaaadfec000-2aaaadff7000 rw-p 00000000 00:00 0 
2aaaadff7000-2aaaae042000 r-xp 00000000 09:00 10717449                   /usr/lib/x86_64-linux-gnu/libldap_r-2.4.so.2.8.1
2aaaae042000-2aaaae241000 ---p 0004b000 09:00 10717449                   /usr/lib/x86_64-linux-gnu/libldap_r-2.4.so.2.8.1
2aaaae241000-2aaaae243000 r--p 0004a000 09:00 10717449                   /usr/lib/x86_64-linux-gnu/libldap_r-2.4.so.2.8.1
2aaaae243000-2aaaae244000 rw-p 0004c000 09:00 10717449                   /usr/lib/x86_64-linux-gnu/libldap_r-2.4.so.2.8.1
2aaaae244000-2aaaae246000 rw-p 00000000 00:00 0 
2aaaae246000-2aaaae253000 r-xp 00000000 09:00 10717139                   /usr/lib/x86_64-linux-gnu/liblber-2.4.so.2.8.1
2aaaae253000-2aaaae452000 ---p 0000d000 09:00 10717139                   /usr/lib/x86_64-linux-gnu/liblber-2.4.so.2.8.1
2aaaae452000-2aaaae453000 r--p 0000c000 09:00 10717139                   /usr/lib/x86_64-linux-gnu/liblber-2.4.so.2.8.1
2aaaae453000-2aaaae454000 rw-p 0000d000 09:00 10717139                   /usr/lib/x86_64-linux-gnu/liblber-2.4.so.2.8.1
2aaaae454000-2aaaae48f000 r-xp 00000000 09:00 10716590                   /usr/lib/x86_64-linux-gnu/libgssapi_krb5.so.2.2
2aaaae48f000-2aaaae68f000 ---p 0003b000 09:00 10716590                   /usr/lib/x86_64-linux-gnu/libgssapi_krb5.so.2.2
2aaaae68f000-2aaaae690000 r--p 0003b000 09:00 10716590                   /usr/lib/x86_64-linux-gnu/libgssapi_krb5.so.2.2
2aaaae690000-2aaaae692000 rw-p 0003c000 09:00 10716590                   /usr/lib/x86_64-linux-gnu/libgssapi_krb5.so.2.2
2aaaae692000-2aaaae6aa000 r-xp 00000000 09:00 30778154                   /lib/x86_64-linux-gnu/libresolv-2.15.so
2aaaae6aa000-2aaaae8aa000 ---p 00018000 09:00 30778154                   /lib/x86_64-linux-gnu/libresolv-2.15.so
2aaaae8aa000-2aaaae8ab000 r--p 00018000 09:00 30778154                   /lib/x86_64-linux-gnu/libresolv-2.15.so
2aaaae8ab000-2aaaae8ac000 rw-p 00019000 09:00 30778154                   /lib/x86_64-linux-gnu/libresolv-2.15.so
2aaaae8ac000-2aaaae8ae000 rw-p 00000000 00:00 0 
2aaaae8ae000-2aaaae8c8000 r-xp 00000000 09:00 10716737                   /usr/lib/x86_64-linux-gnu/libsasl2.so.2.0.25
2aaaae8c8000-2aaaaeac7000 ---p 0001a000 09:00 10716737                   /usr/lib/x86_64-linux-gnu/libsasl2.so.2.0.25
2aaaaeac7000-2aaaaeac8000 r--p 00019000 09:00 10716737                   /usr/lib/x86_64-linux-gnu/libsasl2.so.2.0.25
2aaaaeac8000-2aaaaeac9000 rw-p 0001a000 09:00 10716737                   /usr/lib/x86_64-linux-gnu/libsasl2.so.2.0.25
2aaaaeac9000-2aaaaeb03000 r-xp 00000000 09:00 10717436                   /usr/lib/x86_64-linux-gnu/libgssapi.so.3.0.0
2aaaaeb03000-2aaaaed03000 ---p 0003a000 09:00 10717436                   /usr/lib/x86_64-linux-gnu/libgssapi.so.3.0.0
2aaaaed03000-2aaaaed04000 r--p 0003a000 09:00 10717436                   /usr/lib/x86_64-linux-gnu/libgssapi.so.3.0.0
2aaaaed04000-2aaaaed07000 rw-p 0003b000 09:00 10717436                   /usr/lib/x86_64-linux-gnu/libgssapi.so.3.0.0
2aaaaed07000-2aaaaedbb000 r-xp 00000000 09:00 10716841                   /usr/lib/x86_64-linux-gnu/libgnutls.so.26.21.8
2aaaaedbb000-2aaaaefbb000 ---p 000b4000 09:00 10716841                   /usr/lib/x86_64-linux-gnu/libgnutls.so.26.21.8
2aaaaefbb000-2aaaaefc1000 r--p 000b4000 09:00 10716841                   /usr/lib/x86_64-linux-gnu/libgnutls.so.26.21.8
2aaaaefc1000-2aaaaefc2000 rw-p 000ba000 09:00 10716841                   /usr/lib/x86_64-linux-gnu/libgnutls.so.26.21.8
2aaaaefc2000-2aaaaefc3000 rw-p 00000000 00:00 0 
2aaaaefc3000-2aaaaf03d000 r-xp 00000000 09:00 30778276                   /lib/x86_64-linux-gnu/libgcrypt.so.11.7.0
2aaaaf03d000-2aaaaf23d000 ---p 0007a000 09:00 30778276                   /lib/x86_64-linux-gnu/libgcrypt.so.11.7.0
2aaaaf23d000-2aaaaf23e000 r--p 0007a000 09:00 30778276                   /lib/x86_64-linux-gnu/libgcrypt.so.11.7.0
2aaaaf23e000-2aaaaf241000 rw-p 0007b000 09:00 30778276                   /lib/x86_64-linux-gnu/libgcrypt.so.11.7.0
2aaaaf241000-2aaaaf305000 r-xp 00000000 09:00 10717559                   /usr/lib/x86_64-linux-gnu/libkrb5.so.3.3
2aaaaf305000-2aaaaf504000 ---p 000c4000 09:00 10717559                   /usr/lib/x86_64-linux-gnu/libkrb5.so.3.3
2aaaaf504000-2aaaaf50e000 r--p 000c3000 09:00 10717559                   /usr/lib/x86_64-linux-gnu/libkrb5.so.3.3
2aaaaf50e000-2aaaaf50f000 rw-p 000cd000 09:00 10717559                   /usr/lib/x86_64-linux-gnu/libkrb5.so.3.3
2aaaaf50f000-2aaaaf534000 r-xp 00000000 09:00 10717515                   /usr/lib/x86_64-linux-gnu/libk5crypto.so.3.1
2aaaaf534000-2aaaaf734000 ---p 00025000 09:00 10717515                   /usr/lib/x86_64-linux-gnu/libk5crypto.so.3.1
2aaaaf734000-2aaaaf735000 r--p 00025000 09:00 10717515                   /usr/lib/x86_64-linux-gnu/libk5crypto.so.3.1
2aaaaf735000-2aaaaf736000 rw-p 00026000 09:00 10717515                   /usr/lib/x86_64-linux-gnu/libk5crypto.so.3.1
2aaaaf736000-2aaaaf737000 rw-p 00000000 00:00 0 
2aaaaf737000-2aaaaf73a000 r-xp 00000000 09:00 30778268                   /lib/x86_64-linux-gnu/libcom_err.so.2.1
2aaaaf73a000-2aaaaf939000 ---p 00003000 09:00 30778268                   /lib/x86_64-linux-gnu/libcom_err.so.2.1
2aaaaf939000-2aaaaf93a000 r--p 00002000 09:00 30778268                   /lib/x86_64-linux-gnu/libcom_err.so.2.1
2aaaaf93a000-2aaaaf93b000 rw-p 00003000 09:00 30778268                   /lib/x86_64-linux-gnu/libcom_err.so.2.1
2aaaaf93b000-2aaaaf942000 r-xp 00000000 09:00 10716618                   /usr/lib/x86_64-linux-gnu/libkrb5support.so.0.1
2aaaaf942000-2aaaafb41000 ---p 00007000 09:00 10716618                   /usr/lib/x86_64-linux-gnu/libkrb5support.so.0.1
2aaaafb41000-2aaaafb42000 r--p 00006000 09:00 10716618                   /usr/lib/x86_64-linux-gnu/libkrb5support.so.0.1
2aaaafb42000-2aaaafb43000 rw-p 00007000 09:00 10716618                   /usr/lib/x86_64-linux-gnu/libkrb5support.so.0.1
2aaaafb43000-2aaaafb49000 r-xp 00000000 09:00 10717308                   /usr/lib/x86_64-linux-gnu/libheimntlm.so.0.1.0
2aaaafb49000-2aaaafd48000 ---p 00006000 09:00 10717308                   /usr/lib/x86_64-linux-gnu/libheimntlm.so.0.1.0
2aaaafd48000-2aaaafd49000 r--p 00005000 09:00 10717308                   /usr/lib/x86_64-linux-gnu/libheimntlm.so.0.1.0
2aaaafd49000-2aaaafd4a000 rw-p 00006000 09:00 10717308                   /usr/lib/x86_64-linux-gnu/libheimntlm.so.0.1.0
2aaaafd4a000-2aaaafdca000 r-xp 00000000 09:00 10717459                   /usr/lib/x86_64-linux-gnu/libkrb5.so.26.0.0
2aaaafdca000-2aaaaffca000 ---p 00080000 09:00 10717459                   /usr/lib/x86_64-linux-gnu/libkrb5.so.26.0.0
2aaaaffca000-2aaaaffcc000 r--p 00080000 09:00 10717459                   /usr/lib/x86_64-linux-gnu/libkrb5.so.26.0.0
2aaaaffcc000-2aaaaffd0000 rw-p 00082000 09:00 10717459                   /usr/lib/x86_64-linux-gnu/libkrb5.so.26.0.0
2aaaaffd0000-2aaaaffe6000 r--s 000e8000 00:23 170133430                  /home/maysam/workSpace/hub/Gorilla++/chisel/Gorilla++/sbt/sbt-launch.jar
2aaaaffe6000-2aaaafff5000 r--s 000d9000 00:23 129630255                  /home/maysam/.sbt/boot/scala-2.9.1/org.scala-tools.sbt/sbt/0.11.0/ivy-2.2.0.jar
2aaaafff5000-2aaaafffc000 r--s 00046000 00:23 129630238                  /home/maysam/.sbt/boot/scala-2.9.1/org.scala-tools.sbt/sbt/0.11.0/api_2.9.1-0.11.0.jar
2aaaafffc000-2aaaaffff000 r--s 00019000 00:23 129630260                  /home/maysam/.sbt/boot/scala-2.9.1/org.scala-tools.sbt/sbt/0.11.0/cache_2.9.1-0.11.0.jar
2aaaaffff000-2aaab0000000 r--p 00000000 00:00 0 
2aaab0000000-2aaab0a93000 rw-p 00000000 00:00 0 
2aaab0a93000-2aaab4000000 ---p 00000000 00:00 0 
2aaab4000000-2aaab409b000 r-xp 00000000 09:00 10716800                   /usr/lib/x86_64-linux-gnu/libasn1.so.8.0.0
2aaab409b000-2aaab429a000 ---p 0009b000 09:00 10716800                   /usr/lib/x86_64-linux-gnu/libasn1.so.8.0.0
2aaab429a000-2aaab429c000 r--p 0009a000 09:00 10716800                   /usr/lib/x86_64-linux-gnu/libasn1.so.8.0.0
2aaab429c000-2aaab42a0000 rw-p 0009c000 09:00 10716800                   /usr/lib/x86_64-linux-gnu/libasn1.so.8.0.0
2aaab42a0000-2aaab42d1000 r-xp 00000000 09:00 10717142                   /usr/lib/x86_64-linux-gnu/libhcrypto.so.4.1.0
2aaab42d1000-2aaab44d1000 ---p 00031000 09:00 10717142                   /usr/lib/x86_64-linux-gnu/libhcrypto.so.4.1.0
2aaab44d1000-2aaab44d2000 r--p 00031000 09:00 10717142                   /usr/lib/x86_64-linux-gnu/libhcrypto.so.4.1.0
2aaab44d2000-2aaab44d3000 rw-p 00032000 09:00 10717142                   /usr/lib/x86_64-linux-gnu/libhcrypto.so.4.1.0
2aaab44d3000-2aaab44d4000 rw-p 00000000 00:00 0 
2aaab44d4000-2aaab44e8000 r-xp 00000000 09:00 10716845                   /usr/lib/x86_64-linux-gnu/libroken.so.18.1.0
2aaab44e8000-2aaab46e7000 ---p 00014000 09:00 10716845                   /usr/lib/x86_64-linux-gnu/libroken.so.18.1.0
2aaab46e7000-2aaab46e8000 r--p 00013000 09:00 10716845                   /usr/lib/x86_64-linux-gnu/libroken.so.18.1.0
2aaab46e8000-2aaab46e9000 rw-p 00014000 09:00 10716845                   /usr/lib/x86_64-linux-gnu/libroken.so.18.1.0
2aaab46e9000-2aaab46f9000 r-xp 00000000 09:00 10717242                   /usr/lib/x86_64-linux-gnu/libtasn1.so.3.1.12
2aaab46f9000-2aaab48f8000 ---p 00010000 09:00 10717242                   /usr/lib/x86_64-linux-gnu/libtasn1.so.3.1.12
2aaab48f8000-2aaab48f9000 r--p 0000f000 09:00 10717242                   /usr/lib/x86_64-linux-gnu/libtasn1.so.3.1.12
2aaab48f9000-2aaab48fa000 rw-p 00010000 09:00 10717242                   /usr/lib/x86_64-linux-gnu/libtasn1.so.3.1.12
2aaab48fa000-2aaab490b000 r-xp 00000000 09:00 10716783                   /usr/lib/x86_64-linux-gnu/libp11-kit.so.0.0.0
2aaab490b000-2aaab4b0a000 ---p 00011000 09:00 10716783                   /usr/lib/x86_64-linux-gnu/libp11-kit.so.0.0.0
2aaab4b0a000-2aaab4b0b000 r--p 00010000 09:00 10716783                   /usr/lib/x86_64-linux-gnu/libp11-kit.so.0.0.0
2aaab4b0b000-2aaab4b0c000 rw-p 00011000 09:00 10716783                   /usr/lib/x86_64-linux-gnu/libp11-kit.so.0.0.0
2aaab4b0c000-2aaab4b0f000 r-xp 00000000 09:00 30778138                   /lib/x86_64-linux-gnu/libgpg-error.so.0.8.0
2aaab4b0f000-2aaab4d0e000 ---p 00003000 09:00 30778138                   /lib/x86_64-linux-gnu/libgpg-error.so.0.8.0
2aaab4d0e000-2aaab4d0f000 r--p 00002000 09:00 30778138                   /lib/x86_64-linux-gnu/libgpg-error.so.0.8.0
2aaab4d0f000-2aaab4d10000 rw-p 00003000 09:00 30778138                   /lib/x86_64-linux-gnu/libgpg-error.so.0.8.0
2aaab4d10000-2aaab4d13000 r-xp 00000000 09:00 30778159                   /lib/x86_64-linux-gnu/libkeyutils.so.1.4
2aaab4d13000-2aaab4f12000 ---p 00003000 09:00 30778159                   /lib/x86_64-linux-gnu/libkeyutils.so.1.4
2aaab4f12000-2aaab4f13000 r--p 00002000 09:00 30778159                   /lib/x86_64-linux-gnu/libkeyutils.so.1.4
2aaab4f13000-2aaab4f14000 rw-p 00003000 09:00 30778159                   /lib/x86_64-linux-gnu/libkeyutils.so.1.4
2aaab4f14000-2aaab4f3c000 r-xp 00000000 09:00 10717007                   /usr/lib/x86_64-linux-gnu/libwind.so.0.0.0
2aaab4f3c000-2aaab513b000 ---p 00028000 09:00 10717007                   /usr/lib/x86_64-linux-gnu/libwind.so.0.0.0
2aaab513b000-2aaab513c000 r--p 00027000 09:00 10717007                   /usr/lib/x86_64-linux-gnu/libwind.so.0.0.0
2aaab513c000-2aaab513d000 rw-p 00028000 09:00 10717007                   /usr/lib/x86_64-linux-gnu/libwind.so.0.0.0
2aaab513d000-2aaab514b000 r-xp 00000000 09:00 10716772                   /usr/lib/x86_64-linux-gnu/libheimbase.so.1.0.0
2aaab514b000-2aaab534a000 ---p 0000e000 09:00 10716772                   /usr/lib/x86_64-linux-gnu/libheimbase.so.1.0.0
2aaab534a000-2aaab534b000 r--p 0000d000 09:00 10716772                   /usr/lib/x86_64-linux-gnu/libheimbase.so.1.0.0
2aaab534b000-2aaab534c000 rw-p 0000e000 09:00 10716772                   /usr/lib/x86_64-linux-gnu/libheimbase.so.1.0.0
2aaab534c000-2aaab5391000 r-xp 00000000 09:00 10716963                   /usr/lib/x86_64-linux-gnu/libhx509.so.5.0.0
2aaab5391000-2aaab5591000 ---p 00045000 09:00 10716963                   /usr/lib/x86_64-linux-gnu/libhx509.so.5.0.0
2aaab5591000-2aaab5593000 r--p 00045000 09:00 10716963                   /usr/lib/x86_64-linux-gnu/libhx509.so.5.0.0
2aaab5593000-2aaab5595000 rw-p 00047000 09:00 10716963                   /usr/lib/x86_64-linux-gnu/libhx509.so.5.0.0
2aaab5595000-2aaab5596000 rw-p 00000000 00:00 0 
2aaab5596000-2aaab5634000 r-xp 00000000 09:00 10717069                   /usr/lib/x86_64-linux-gnu/libsqlite3.so.0.8.6
2aaab5634000-2aaab5834000 ---p 0009e000 09:00 10717069                   /usr/lib/x86_64-linux-gnu/libsqlite3.so.0.8.6
2aaab5834000-2aaab5836000 r--p 0009e000 09:00 10717069                   /usr/lib/x86_64-linux-gnu/libsqlite3.so.0.8.6
2aaab5836000-2aaab5838000 rw-p 000a0000 09:00 10717069                   /usr/lib/x86_64-linux-gnu/libsqlite3.so.0.8.6
2aaab5838000-2aaab5839000 rw-p 00000000 00:00 0 
2aaab5839000-2aaab5842000 r-xp 00000000 09:00 30778261                   /lib/x86_64-linux-gnu/libcrypt-2.15.so
2aaab5842000-2aaab5a42000 ---p 00009000 09:00 30778261                   /lib/x86_64-linux-gnu/libcrypt-2.15.so
2aaab5a42000-2aaab5a43000 r--p 00009000 09:00 30778261                   /lib/x86_64-linux-gnu/libcrypt-2.15.so
2aaab5a43000-2aaab5a44000 rw-p 0000a000 09:00 30778261                   /lib/x86_64-linux-gnu/libcrypt-2.15.so
2aaab5a44000-2aaab5a72000 rw-p 00000000 00:00 0 
2aaab5a72000-2aaab5a7a000 r-xp 00000000 09:00 10854632                   /usr/lib/jvm/java-7-openjdk-amd64/jre/lib/amd64/libzip.so
2aaab5a7a000-2aaab5c79000 ---p 00008000 09:00 10854632                   /usr/lib/jvm/java-7-openjdk-amd64/jre/lib/amd64/libzip.so
2aaab5c79000-2aaab5c7a000 r--p 00007000 09:00 10854632                   /usr/lib/jvm/java-7-openjdk-amd64/jre/lib/amd64/libzip.so
2aaab5c7a000-2aaab5c7b000 rw-p 00008000 09:00 10854632                   /usr/lib/jvm/java-7-openjdk-amd64/jre/lib/amd64/libzip.so
2aaab5c7b000-2aaab619b000 rwxp 00000000 00:00 0 
2aaab619b000-2aaab8c7b000 rw-p 00000000 00:00 0 
2aaab8c7b000-2aaab8c98000 rw-p 00000000 00:00 0 
2aaab8c98000-2aaab8cb9000 ---p 00000000 00:00 0 
2aaab8cb9000-2aaab907b000 rw-p 00000000 00:00 0 
2aaab907b000-2aaab9b05000 rw-p 00000000 00:00 0 
2aaab9b05000-2aaab9f05000 rw-p 00000000 00:00 0 
2aaab9f05000-2aaab9f16000 ---p 00000000 00:00 0 
2aaab9f16000-2aaaba04b000 rw-p 00000000 00:00 0 
2aaaba04b000-2aaabaad7000 rw-p 00000000 00:00 0 
2aaabaad7000-2aaabaaf4000 rw-p 00000000 00:00 0 
2aaabaaf4000-2aaabab15000 ---p 00000000 00:00 0 
2aaabab15000-2aaabaed7000 rw-p 00000000 00:00 0 
2aaabaed7000-2aaabaed8000 ---p 00000000 00:00 0 
2aaabaed8000-2aaabafd8000 rw-p 00000000 00:00 0                          [stack:6357]
2aaabafd8000-2aaabafd9000 ---p 00000000 00:00 0 
2aaabafd9000-2aaabb0d9000 rw-p 00000000 00:00 0                          [stack:6358]
2aaabb0d9000-2aaabb0da000 ---p 00000000 00:00 0 
2aaabb0da000-2aaabb1da000 rw-p 00000000 00:00 0                          [stack:6359]
2aaabb1da000-2aaabb1db000 ---p 00000000 00:00 0 
2aaabb1db000-2aaabb2db000 rw-p 00000000 00:00 0                          [stack:6360]
2aaabb2db000-2aaabb2dc000 ---p 00000000 00:00 0 
2aaabb2dc000-2aaabb3dc000 rw-p 00000000 00:00 0                          [stack:6361]
2aaabb3dc000-2aaabb3dd000 ---p 00000000 00:00 0 
2aaabb3dd000-2aaabb4dd000 rw-p 00000000 00:00 0                          [stack:6362]
2aaabb4dd000-2aaabb4de000 ---p 00000000 00:00 0 
2aaabb4de000-2aaabb5de000 rw-p 00000000 00:00 0                          [stack:6363]
2aaabb5de000-2aaabb5df000 ---p 00000000 00:00 0 
2aaabb5df000-2aaabb6df000 rw-p 00000000 00:00 0                          [stack:6364]
2aaabb6df000-2aaabb6e0000 ---p 00000000 00:00 0 
2aaabb6e0000-2aaabb7e0000 rw-p 00000000 00:00 0                          [stack:6365]
2aaabb7e0000-2aaabb98d000 r--s 01cec000 09:00 10854534                   /usr/lib/jvm/java-7-openjdk-amd64/jre/lib/rt.jar
2aaabb98d000-2aaabc000000 rw-p 00000000 00:00 0 
2aaabc000000-2aaabc2d4000 rw-p 00000000 00:00 0 
2aaabc2d4000-2aaac0000000 ---p 00000000 00:00 0 
2aaac0000000-2aaac1b1b000 rw-p 00000000 00:00 0 
2aaac1b1b000-2aaac1b1c000 ---p 00000000 00:00 0 
2aaac1b1c000-2aaac1c1c000 rw-p 00000000 00:00 0                          [stack:6366]
2aaac1c1c000-2aaac1c1f000 ---p 00000000 00:00 0 
2aaac1c1f000-2aaac241d000 rw-p 00000000 00:00 0                          [stack:6367]
2aaac241d000-2aaac2420000 ---p 00000000 00:00 0 
2aaac2420000-2aaac2c1e000 rw-p 00000000 00:00 0                          [stack:6368]
2aaac2c1e000-2aaac3301000 r--p 00000000 09:00 10667000                   /usr/lib/locale/locale-archive
2aaac3301000-2aaac3304000 ---p 00000000 00:00 0 
2aaac3304000-2aaac3b02000 rw-p 00000000 00:00 0                          [stack:6370]
2aaac3b02000-2aaac3b05000 ---p 00000000 00:00 0 
2aaac3b05000-2aaac3c03000 rw-p 00000000 00:00 0                          [stack:6371]
2aaac3c03000-2aaac3c06000 ---p 00000000 00:00 0 
2aaac3c06000-2aaac3d04000 rw-p 00000000 00:00 0                          [stack:6372]
2aaac3d04000-2aaac3d05000 ---p 00000000 00:00 0 
2aaac3d05000-2aaac3e05000 rw-p 00000000 00:00 0                          [stack:6374]
2aaac3e05000-2aaac3ecb000 r--s 00a04000 00:23 129501136                  /home/maysam/.sbt/boot/scala-2.9.1/lib/scala-compiler.jar
2aaac3ecb000-2aaac3f48000 r--s 007f2000 00:23 129501135                  /home/maysam/.sbt/boot/scala-2.9.1/lib/scala-library.jar
2aaac3f48000-2aaac3f51000 r--s 00078000 00:23 129630230                  /home/maysam/.sbt/boot/scala-2.9.1/org.scala-tools.sbt/sbt/0.11.0/ivy_2.9.1-0.11.0.jar
2aaac3f51000-2aaac3f53000 r--s 00008000 00:23 129630244                  /home/maysam/.sbt/boot/scala-2.9.1/org.scala-tools.sbt/sbt/0.11.0/commons-logging-1.0.4.jar
2aaac3f53000-2aaac3f6e000 r--s 0016d000 00:23 129630252                  /home/maysam/.sbt/boot/scala-2.9.1/org.scala-tools.sbt/sbt/0.11.0/main_2.9.1-0.11.0.jar
2aaac3f6e000-2aaac3f70000 r--s 00014000 00:23 129630228                  /home/maysam/.sbt/boot/scala-2.9.1/org.scala-tools.sbt/sbt/0.11.0/jline-0.9.94.jar
2aaac3f70000-2aaac3f76000 r--s 0003a000 00:23 129630245                  /home/maysam/.sbt/boot/scala-2.9.1/org.scala-tools.sbt/sbt/0.11.0/actions_2.9.1-0.11.0.jar
2aaac3f76000-2aaac3f79000 r--s 0001b000 00:23 129630254                  /home/maysam/.sbt/boot/scala-2.9.1/org.scala-tools.sbt/sbt/0.11.0/task-system_2.9.1-0.11.0.jar
2aaac3f79000-2aaac3f7c000 r--s 0000f000 00:23 129630221                  /home/maysam/.sbt/boot/scala-2.9.1/org.scala-tools.sbt/sbt/0.11.0/logging_2.9.1-0.11.0.jar
2aaac3f7c000-2aaac3f7f000 r--s 0001a000 00:23 129630219                  /home/maysam/.sbt/boot/scala-2.9.1/org.scala-tools.sbt/sbt/0.11.0/compile_2.9.1-0.11.0.jar
2aaac3f7f000-2aaac3f82000 r--s 00012000 00:23 129630259                  /home/maysam/.sbt/boot/scala-2.9.1/org.scala-tools.sbt/sbt/0.11.0/classpath_2.9.1-0.11.0.jar
2aaac3f82000-2aaac3f85000 r--s 00016000 00:23 129630233                  /home/maysam/.sbt/boot/scala-2.9.1/org.scala-tools.sbt/sbt/0.11.0/tasks_2.9.1-0.11.0.jar
2aaac3f85000-2aaac3f87000 r--s 00004000 00:23 129630258                  /home/maysam/.sbt/boot/scala-2.9.1/org.scala-tools.sbt/sbt/0.11.0/discovery_2.9.1-0.11.0.jar
2aaac3f87000-2aaac3f8a000 r--s 00019000 00:23 129630247                  /home/maysam/.sbt/boot/scala-2.9.1/org.scala-tools.sbt/sbt/0.11.0/persist_2.9.1-0.11.0.jar
2aaac3f8a000-2aaac3f8c000 r--s 00009000 00:23 129630227                  /home/maysam/.sbt/boot/scala-2.9.1/org.scala-tools.sbt/sbt/0.11.0/tracking_2.9.1-0.11.0.jar
2aaac3f8c000-2aaac3f8e000 r--s 00014000 00:23 129630231                  /home/maysam/.sbt/boot/scala-2.9.1/org.scala-tools.sbt/sbt/0.11.0/run_2.9.1-0.11.0.jar
2aaac3f8e000-2aaac3f94000 r--s 00040000 00:23 129630222                  /home/maysam/.sbt/boot/scala-2.9.1/org.scala-tools.sbt/sbt/0.11.0/completion_2.9.1-0.11.0.jar
2aaac3f94000-2aaac3f9a000 r--s 00038000 00:23 129630237                  /home/maysam/.sbt/boot/scala-2.9.1/org.scala-tools.sbt/sbt/0.11.0/io_2.9.1-0.11.0.jar
2aaac3f9a000-2aaac3f9d000 r--s 00012000 00:23 129630261                  /home/maysam/.sbt/boot/scala-2.9.1/org.scala-tools.sbt/sbt/0.11.0/classfile_2.9.1-0.11.0.jar
2aaac3f9d000-2aaac3fa2000 r--s 0003c000 00:23 129630253                  /home/maysam/.sbt/boot/scala-2.9.1/org.scala-tools.sbt/sbt/0.11.0/collections_2.9.1-0.11.0.jar
2aaac3fa2000-2aaac3fa7000 r--s 0004c000 09:00 10854673                   /usr/lib/jvm/java-7-openjdk-common/jre/lib/jsse.jar
2aaac3fa7000-2aaac3fad000 r--s 00045000 00:23 129630256                  /home/maysam/.sbt/boot/scala-2.9.1/org.scala-tools.sbt/sbt/0.11.0/commons-httpclient-3.1.jar
2aaac3fad000-2aaac3faf000 r--s 00000000 00:23 129630241                  /home/maysam/.sbt/boot/scala-2.9.1/org.scala-tools.sbt/sbt/0.11.0/test-interface-0.5.jar
2aaac3faf000-2aaac3fb2000 r--s 00027000 00:23 129630234                  /home/maysam/.sbt/boot/scala-2.9.1/org.scala-tools.sbt/sbt/0.11.0/jsch-0.1.31.jar
2aaac3fb2000-2aaac3fb5000 r--s 00022000 00:23 129630243                  /home/maysam/.sbt/boot/scala-2.9.1/org.scala-tools.sbt/sbt/0.11.0/sbinary_2.9.0-0.4.0.jar
2aaac3fb5000-2aaac3fb7000 r--s 00010000 00:23 129630257                  /home/maysam/.sbt/boot/scala-2.9.1/org.scala-tools.sbt/sbt/0.11.0/testing_2.9.1-0.11.0.jar
2aaac3fb7000-2aaac3fb9000 r--s 00007000 00:23 129630226                  /home/maysam/.sbt/boot/scala-2.9.1/org.scala-tools.sbt/sbt/0.11.0/xsbti/interface-0.11.0.jar
2aaac3fb9000-2aaac3fbc000 ---p 00000000 00:00 0 
2aaac3fbc000-2aaac3fe1000 rw-p 00000000 00:00 0                          [stack:6376]
2aaac3fe1000-2aaac3fe4000 r--s 00018000 00:23 129630265                  /home/maysam/.sbt/boot/scala-2.9.2/lib/jansi.jar
2aaac3fe4000-2aaac3fe7000 r--s 00024000 00:23 129630267                  /home/maysam/.sbt/boot/scala-2.9.2/lib/jline.jar
2aaac4000000-2aaac4299000 rw-p 00000000 00:00 0 
2aaac4299000-2aaac8000000 ---p 00000000 00:00 0 
2aaac8000000-2aaac8003000 ---p 00000000 00:00 0 
2aaac8003000-2aaac8801000 rw-p 00000000 00:00 0                          [stack:6373]
2aaac8801000-2aaac8817000 r-xp 00000000 09:00 10854602                   /usr/lib/jvm/java-7-openjdk-amd64/jre/lib/amd64/libnet.so
2aaac8817000-2aaac8a16000 ---p 00016000 09:00 10854602                   /usr/lib/jvm/java-7-openjdk-amd64/jre/lib/amd64/libnet.so
2aaac8a16000-2aaac8a17000 r--p 00015000 09:00 10854602                   /usr/lib/jvm/java-7-openjdk-amd64/jre/lib/amd64/libnet.so
2aaac8a17000-2aaac8a18000 rw-p 00016000 09:00 10854602                   /usr/lib/jvm/java-7-openjdk-amd64/jre/lib/amd64/libnet.so
2aaac8a18000-2aaac8b60000 r-xp 00000000 09:00 10716847                   /usr/lib/x86_64-linux-gnu/libgio-2.0.so.0.3200.4
2aaac8b60000-2aaac8d5f000 ---p 00148000 09:00 10716847                   /usr/lib/x86_64-linux-gnu/libgio-2.0.so.0.3200.4
2aaac8d5f000-2aaac8d63000 r--p 00147000 09:00 10716847                   /usr/lib/x86_64-linux-gnu/libgio-2.0.so.0.3200.4
2aaac8d63000-2aaac8d65000 rw-p 0014b000 09:00 10716847                   /usr/lib/x86_64-linux-gnu/libgio-2.0.so.0.3200.4
2aaac8d65000-2aaac8d67000 rw-p 00000000 00:00 0 
2aaac8d67000-2aaac8db4000 r-xp 00000000 09:00 10716670                   /usr/lib/x86_64-linux-gnu/libgobject-2.0.so.0.3200.4
2aaac8db4000-2aaac8fb4000 ---p 0004d000 09:00 10716670                   /usr/lib/x86_64-linux-gnu/libgobject-2.0.so.0.3200.4
2aaac8fb4000-2aaac8fb5000 r--p 0004d000 09:00 10716670                   /usr/lib/x86_64-linux-gnu/libgobject-2.0.so.0.3200.4
2aaac8fb5000-2aaac8fb6000 rw-p 0004e000 09:00 10716670                   /usr/lib/x86_64-linux-gnu/libgobject-2.0.so.0.3200.4
2aaac8fb6000-2aaac90a8000 r-xp 00000000 09:00 30778269                   /lib/x86_64-linux-gnu/libglib-2.0.so.0.3200.4
2aaac90a8000-2aaac92a8000 ---p 000f2000 09:00 30778269                   /lib/x86_64-linux-gnu/libglib-2.0.so.0.3200.4
2aaac92a8000-2aaac92a9000 r--p 000f2000 09:00 30778269                   /lib/x86_64-linux-gnu/libglib-2.0.so.0.3200.4
2aaac92a9000-2aaac92aa000 rw-p 000f3000 09:00 30778269                   /lib/x86_64-linux-gnu/libglib-2.0.so.0.3200.4
2aaac92aa000-2aaac92ab000 rw-p 00000000 00:00 0 
2aaac92ab000-2aaac92ae000 r-xp 00000000 09:00 10716747                   /usr/lib/x86_64-linux-gnu/libgmodule-2.0.so.0.3200.4
2aaac92ae000-2aaac94ad000 ---p 00003000 09:00 10716747                   /usr/lib/x86_64-linux-gnu/libgmodule-2.0.so.0.3200.4
2aaac94ad000-2aaac94ae000 r--p 00002000 09:00 10716747                   /usr/lib/x86_64-linux-gnu/libgmodule-2.0.so.0.3200.4
2aaac94ae000-2aaac94af000 rw-p 00003000 09:00 10716747                   /usr/lib/x86_64-linux-gnu/libgmodule-2.0.so.0.3200.4
2aaac94af000-2aaac94cc000 r-xp 00000000 09:00 30778160                   /lib/x86_64-linux-gnu/libselinux.so.1
2aaac94cc000-2aaac96cb000 ---p 0001d000 09:00 30778160                   /lib/x86_64-linux-gnu/libselinux.so.1
2aaac96cb000-2aaac96cc000 r--p 0001c000 09:00 30778160                   /lib/x86_64-linux-gnu/libselinux.so.1
2aaac96cc000-2aaac96cd000 rw-p 0001d000 09:00 30778160                   /lib/x86_64-linux-gnu/libselinux.so.1
2aaac96cd000-2aaac96ce000 rw-p 00000000 00:00 0 
2aaac96ce000-2aaac96d5000 r-xp 00000000 09:00 10716736                   /usr/lib/x86_64-linux-gnu/libffi.so.6.0.0
2aaac96d5000-2aaac98d4000 ---p 00007000 09:00 10716736                   /usr/lib/x86_64-linux-gnu/libffi.so.6.0.0
2aaac98d4000-2aaac98d5000 r--p 00006000 09:00 10716736                   /usr/lib/x86_64-linux-gnu/libffi.so.6.0.0
2aaac98d5000-2aaac98d6000 rw-p 00007000 09:00 10716736                   /usr/lib/x86_64-linux-gnu/libffi.so.6.0.0
2aaac98d6000-2aaac9912000 r-xp 00000000 09:00 30778142                   /lib/x86_64-linux-gnu/libpcre.so.3.12.1
2aaac9912000-2aaac9b11000 ---p 0003c000 09:00 30778142                   /lib/x86_64-linux-gnu/libpcre.so.3.12.1
2aaac9b11000-2aaac9b12000 r--p 0003b000 09:00 30778142                   /lib/x86_64-linux-gnu/libpcre.so.3.12.1
2aaac9b12000-2aaac9b13000 rw-p 0003c000 09:00 30778142                   /lib/x86_64-linux-gnu/libpcre.so.3.12.1
2aaac9b13000-2aaac9b23000 r-xp 00000000 09:00 10854596                   /usr/lib/jvm/java-7-openjdk-amd64/jre/lib/amd64/libnio.so
2aaac9b23000-2aaac9d22000 ---p 00010000 09:00 10854596                   /usr/lib/jvm/java-7-openjdk-amd64/jre/lib/amd64/libnio.so
2aaac9d22000-2aaac9d23000 r--p 0000f000 09:00 10854596                   /usr/lib/jvm/java-7-openjdk-amd64/jre/lib/amd64/libnio.so
2aaac9d23000-2aaac9d24000 rw-p 00010000 09:00 10854596                   /usr/lib/jvm/java-7-openjdk-amd64/jre/lib/amd64/libnio.so
2aaac9d24000-2aaac9d27000 ---p 00000000 00:00 0 
2aaac9d27000-2aaaca525000 rw-p 00000000 00:00 0                          [stack:6424]
2aaaca525000-2aaaca528000 ---p 00000000 00:00 0 
2aaaca528000-2aaacad26000 rw-p 00000000 00:00 0                          [stack:6425]
2aaacad26000-2aaacaded000 r--s 00a25000 00:23 129630268                  /home/maysam/.sbt/boot/scala-2.9.2/lib/scala-compiler.jar
2aaacaded000-2aaacae6b000 r--s 007f5000 00:23 129630266                  /home/maysam/.sbt/boot/scala-2.9.2/lib/scala-library.jar
2aaacae6b000-2aaacae6e000 ---p 00000000 00:00 0 
2aaacae6e000-2aaacb66c000 rw-p 00000000 00:00 0                          [stack:6426]
2aaacb66c000-2aaacb66f000 ---p 00000000 00:00 0 
2aaacb66f000-2aaacbe6d000 rw-p 00000000 00:00 0                          [stack:6427]
2aaacbe8f000-2aaacbe9f000 r--s 000c1000 00:23 129630275                  /home/maysam/.ivy2/cache/edu.berkeley.cs/chisel_2.9.2/jars/chisel_2.9.2-1.0.jar
2aaacc000000-2aaacc288000 rw-p 00000000 00:00 0 
2aaacc288000-2aaad0000000 ---p 00000000 00:00 0 
2aaad0000000-2aaad0003000 ---p 00000000 00:00 0 
2aaad0003000-2aaad0801000 rw-p 00000000 00:00 0                          [stack:6420]
2aaad0801000-2aaad0804000 ---p 00000000 00:00 0 
2aaad0804000-2aaad1002000 rw-p 00000000 00:00 0                          [stack:6423]
2aaad1002000-2aaad1005000 ---p 00000000 00:00 0 
2aaad1005000-2aaad1803000 rw-p 00000000 00:00 0                          [stack:6428]
2aaad1803000-2aaad1806000 ---p 00000000 00:00 0 
2aaad1806000-2aaad2004000 rw-p 00000000 00:00 0                          [stack:6429]
2aaad2004000-2aaad2007000 ---p 00000000 00:00 0 
2aaad2007000-2aaad2805000 rw-p 00000000 00:00 0                          [stack:6430]
2aaad2805000-2aaad2808000 ---p 00000000 00:00 0 
2aaad2808000-2aaad3006000 rw-p 00000000 00:00 0                          [stack:6421]
2aaad3006000-2aaad3009000 ---p 00000000 00:00 0 
2aaad3009000-2aaad3807000 rw-p 00000000 00:00 0                          [stack:6422]
2aaad4000000-2aaad424c000 rw-p 00000000 00:00 0 
2aaad424c000-2aaad8000000 ---p 00000000 00:00 0 
2aaad8000000-2aaad8003000 ---p 00000000 00:00 0 
2aaad8003000-2aaad8801000 rw-p 00000000 00:00 0                          [stack:6431]
2aaad8801000-2aaad8804000 ---p 00000000 00:00 0 
2aaad8804000-2aaad9002000 rw-p 00000000 00:00 0                          [stack:6439]
2aaad9002000-2aaad9005000 ---p 00000000 00:00 0 
2aaad9005000-2aaad9803000 rw-p 00000000 00:00 0 
2aaad9803000-2aaad9806000 ---p 00000000 00:00 0 
2aaad9806000-2aaada004000 rw-p 00000000 00:00 0 
2aaada004000-2aaada007000 ---p 00000000 00:00 0 
2aaada007000-2aaada805000 rw-p 00000000 00:00 0 
2aaadc000000-2aaadc1a0000 rw-p 00000000 00:00 0 
2aaadc1a0000-2aaae0000000 ---p 00000000 00:00 0 
2aaae4000000-2aaae426b000 rw-p 00000000 00:00 0 
2aaae426b000-2aaae8000000 ---p 00000000 00:00 0 
2aaaec000000-2aaaec335000 rw-p 00000000 00:00 0 
2aaaec335000-2aaaf0000000 ---p 00000000 00:00 0 
2aaaf4000000-2aaaf42b5000 rw-p 00000000 00:00 0 
2aaaf42b5000-2aaaf8000000 ---p 00000000 00:00 0 
2aaafc000000-2aaafc304000 rw-p 00000000 00:00 0 
2aaafc304000-2aab00000000 ---p 00000000 00:00 0 
2aab04000000-2aab042e8000 rw-p 00000000 00:00 0 
2aab042e8000-2aab08000000 ---p 00000000 00:00 0 
2aab08000000-2aab20c40000 rw-p 00000000 00:00 0 
2aab24000000-2aab24131000 rw-p 00000000 00:00 0 
2aab24131000-2aab28000000 ---p 00000000 00:00 0 
2aab28000000-2aab28021000 rw-p 00000000 00:00 0 
2aab28021000-2aab2c000000 ---p 00000000 00:00 0 
2aab2c000000-2aab2c021000 rw-p 00000000 00:00 0 
2aab2c021000-2aab30000000 ---p 00000000 00:00 0 
2aab30000000-2aab30021000 rw-p 00000000 00:00 0 
2aab30021000-2aab34000000 ---p 00000000 00:00 0 
2aab34000000-2aab36bc7000 rw-p 00000000 00:00 0 
2aab36bc7000-2aab38000000 ---p 00000000 00:00 0 
2aab38000000-2aab3926c000 rw-p 00000000 00:00 0 
2aab3926c000-2aab3c000000 ---p 00000000 00:00 0 
2aab3c000000-2aab3c021000 rw-p 00000000 00:00 0 
2aab3c021000-2aab40000000 ---p 00000000 00:00 0 
2aab40000000-2aab40021000 rw-p 00000000 00:00 0 
2aab40021000-2aab44000000 ---p 00000000 00:00 0 
2aab44000000-2aab44021000 rw-p 00000000 00:00 0 
2aab44021000-2aab48000000 ---p 00000000 00:00 0 
2aab48000000-2aab48021000 rw-p 00000000 00:00 0 
2aab48021000-2aab4c000000 ---p 00000000 00:00 0 
2aab4c000000-2aab4c021000 rw-p 00000000 00:00 0 
2aab4c021000-2aab50000000 ---p 00000000 00:00 0 
2aab50000000-2aab50021000 rw-p 00000000 00:00 0 
2aab50021000-2aab54000000 ---p 00000000 00:00 0 
2aab54000000-2aab54063000 rw-p 00000000 00:00 0 
2aab54063000-2aab58000000 ---p 00000000 00:00 0 
2aab58000000-2aab580d1000 rw-p 00000000 00:00 0 
2aab580d1000-2aab5c000000 ---p 00000000 00:00 0 
2aab5c000000-2aab5c026000 rw-p 00000000 00:00 0 
2aab5c026000-2aab60000000 ---p 00000000 00:00 0 
2aab60000000-2aab60021000 rw-p 00000000 00:00 0 
2aab60021000-2aab64000000 ---p 00000000 00:00 0 
2aab64000000-2aab64032000 rw-p 00000000 00:00 0 
2aab64032000-2aab68000000 ---p 00000000 00:00 0 
2aab68000000-2aab686df000 rw-p 00000000 00:00 0 
2aab686df000-2aab6c000000 ---p 00000000 00:00 0 
2aab6c000000-2aab6c021000 rw-p 00000000 00:00 0 
2aab6c021000-2aab70000000 ---p 00000000 00:00 0 
2aab70000000-2aab70021000 rw-p 00000000 00:00 0 
2aab70021000-2aab74000000 ---p 00000000 00:00 0 
2aab74000000-2aab7402d000 rw-p 00000000 00:00 0 
2aab7402d000-2aab78000000 ---p 00000000 00:00 0 
2aab78000000-2aab780cf000 rw-p 00000000 00:00 0 
2aab780cf000-2aab7c000000 ---p 00000000 00:00 0 
2aab7c000000-2aab7c021000 rw-p 00000000 00:00 0 
2aab7c021000-2aab80000000 ---p 00000000 00:00 0 
2aab80000000-2aab80021000 rw-p 00000000 00:00 0 
2aab80021000-2aab84000000 ---p 00000000 00:00 0 
2aab84000000-2aab84021000 rw-p 00000000 00:00 0 
2aab84021000-2aab88000000 ---p 00000000 00:00 0 
7fffcb679000-7fffcb69a000 rw-p 00000000 00:00 0                          [stack]
7fffcb6c1000-7fffcb6c3000 r-xp 00000000 00:00 0                          [vdso]
ffffffffff600000-ffffffffff601000 r-xp 00000000 00:00 0                  [vsyscall]

VM Arguments:
jvm_args: -Xmx8096M -Xss8M -XX:MaxPermSize=2G 
java_command: sbt-launch.jar project KmeansAndMesh run Top --backend c --vcd --compile --test --targetDir ../emulator --genHarness
Launcher Type: SUN_STANDARD

Environment Variables:
PATH=/tools/xilinx-13.1/ISE_DS/common/bin/lin64:/tools/xilinx-13.1/ISE_DS/ISE/sysgen/bin:/tools/xilinx-13.1/ISE_DS/PlanAhead/bin:/tools/xilinx-13.1/ISE_DS/ISE/bin/lin64:/tools/xilinx-13.1/ISE_DS/ISE/sysgen/util:/tools/xilinx-13.1/ISE_DS/EDK/bin/lin64:/tools/xilinx-13.1/ISE_DS/EDK/gnu/microblaze/lin64/bin:/tools/xilinx-13.1/ISE_DS/EDK/gnu/powerpc-eabi/lin64/bin:/usr/local/sbin:/usr/local/bin:/usr/sbin:/usr/bin:/sbin:/bin:/usr/games:/scratch/tools/llvm/clang+llvm-2.9-i686-linux/bin/
SHELL=/bin/bash
DISPLAY=localhost:10.0

Signal Handlers:
SIGSEGV: [libjvm.so+0x83b2a0], sa_mask[0]=0x7ffbfeff, sa_flags=0x10000004
SIGBUS: [libjvm.so+0x83b2a0], sa_mask[0]=0x7ffbfeff, sa_flags=0x10000004
SIGFPE: [libjvm.so+0x6dc040], sa_mask[0]=0x7ffbfeff, sa_flags=0x10000004
SIGPIPE: [libjvm.so+0x6dc040], sa_mask[0]=0x7ffbfeff, sa_flags=0x10000004
SIGXFSZ: [libjvm.so+0x6dc040], sa_mask[0]=0x7ffbfeff, sa_flags=0x10000004
SIGILL: [libjvm.so+0x6dc040], sa_mask[0]=0x7ffbfeff, sa_flags=0x10000004
SIGUSR1: SIG_DFL, sa_mask[0]=0x00000000, sa_flags=0x00000000
SIGUSR2: [libjvm.so+0x6dc480], sa_mask[0]=0x00000000, sa_flags=0x10000004
SIGHUP: [libjvm.so+0x6dc5c0], sa_mask[0]=0x7ffbfeff, sa_flags=0x10000004
SIGINT: [libjvm.so+0x6dc5c0], sa_mask[0]=0x7ffbfeff, sa_flags=0x10000004
SIGTERM: [libjvm.so+0x6dc5c0], sa_mask[0]=0x7ffbfeff, sa_flags=0x10000004
SIGQUIT: [libjvm.so+0x6dc5c0], sa_mask[0]=0x7ffbfeff, sa_flags=0x10000004


---------------  S Y S T E M  ---------------

OS:Ubuntu 12.04 (precise)
uname:Linux 3.8.0-xilinx #1 SMP Wed Feb 20 07:05:58 CST 2013 x86_64
libc:glibc 2.15 NPTL 2.15 
rlimit: STACK infinity, CORE 0k, NPROC 190653, NOFILE 4096, AS infinity
load average:9.37 6.24 3.39

/proc/meminfo:
MemTotal:       24421884 kB
MemFree:         5674936 kB
Buffers:          769208 kB
Cached:          9028496 kB
SwapCached:            0 kB
Active:         13466620 kB
Inactive:        4377688 kB
Active(anon):    8046628 kB
Inactive(anon):      276 kB
Active(file):    5419992 kB
Inactive(file):  4377412 kB
Unevictable:           0 kB
Mlocked:               0 kB
SwapTotal:       4194300 kB
SwapFree:        4194300 kB
Dirty:                24 kB
Writeback:             0 kB
AnonPages:       8045844 kB
Mapped:            69368 kB
Shmem:              1100 kB
Slab:             754784 kB
SReclaimable:     705708 kB
SUnreclaim:        49076 kB
KernelStack:        3584 kB
PageTables:        30696 kB
NFS_Unstable:          0 kB
Bounce:                0 kB
WritebackTmp:          0 kB
CommitLimit:    16405240 kB
Committed_AS:    9155932 kB
VmallocTotal:   34359738367 kB
VmallocUsed:      361416 kB
VmallocChunk:   34359343100 kB
HardwareCorrupted:     0 kB
AnonHugePages:         0 kB
HugePages_Total:       0
HugePages_Free:        0
HugePages_Rsvd:        0
HugePages_Surp:        0
Hugepagesize:       2048 kB
DirectMap4k:      172544 kB
DirectMap2M:     7157760 kB
DirectMap1G:    17825792 kB


CPU:total 12 (6 cores per cpu, 2 threads per core) family 6 model 44 stepping 2, cmov, cx8, fxsr, mmx, sse, sse2, sse3, ssse3, sse4.1, sse4.2, popcnt, ht, tsc, tscinvbit, tscinv

/proc/cpuinfo:
processor	: 0
vendor_id	: GenuineIntel
cpu family	: 6
model		: 44
model name	: Intel(R) Core(TM) i7 CPU       X 980  @ 3.33GHz
stepping	: 2
microcode	: 0x5
cpu MHz		: 3334.000
cache size	: 12288 KB
physical id	: 0
siblings	: 12
core id		: 0
cpu cores	: 6
apicid		: 0
initial apicid	: 0
fpu		: yes
fpu_exception	: yes
cpuid level	: 11
wp		: yes
flags		: fpu vme de pse tsc msr pae mce cx8 apic sep mtrr pge mca cmov pat pse36 clflush dts acpi mmx fxsr sse sse2 ss ht tm pbe syscall nx pdpe1gb rdtscp lm constant_tsc arch_perfmon pebs bts rep_good nopl xtopology nonstop_tsc aperfmperf pni pclmulqdq dtes64 monitor ds_cpl vmx est tm2 ssse3 cx16 xtpr pdcm pcid sse4_1 sse4_2 popcnt aes lahf_lm ida arat dtherm tpr_shadow vnmi flexpriority ept vpid
bogomips	: 6681.52
clflush size	: 64
cache_alignment	: 64
address sizes	: 36 bits physical, 48 bits virtual
power management:

processor	: 1
vendor_id	: GenuineIntel
cpu family	: 6
model		: 44
model name	: Intel(R) Core(TM) i7 CPU       X 980  @ 3.33GHz
stepping	: 2
microcode	: 0x5
cpu MHz		: 3334.000
cache size	: 12288 KB
physical id	: 0
siblings	: 12
core id		: 1
cpu cores	: 6
apicid		: 2
initial apicid	: 2
fpu		: yes
fpu_exception	: yes
cpuid level	: 11
wp		: yes
flags		: fpu vme de pse tsc msr pae mce cx8 apic sep mtrr pge mca cmov pat pse36 clflush dts acpi mmx fxsr sse sse2 ss ht tm pbe syscall nx pdpe1gb rdtscp lm constant_tsc arch_perfmon pebs bts rep_good nopl xtopology nonstop_tsc aperfmperf pni pclmulqdq dtes64 monitor ds_cpl vmx est tm2 ssse3 cx16 xtpr pdcm pcid sse4_1 sse4_2 popcnt aes lahf_lm ida arat dtherm tpr_shadow vnmi flexpriority ept vpid
bogomips	: 6681.52
clflush size	: 64
cache_alignment	: 64
address sizes	: 36 bits physical, 48 bits virtual
power management:

processor	: 2
vendor_id	: GenuineIntel
cpu family	: 6
model		: 44
model name	: Intel(R) Core(TM) i7 CPU       X 980  @ 3.33GHz
stepping	: 2
microcode	: 0x5
cpu MHz		: 3334.000
cache size	: 12288 KB
physical id	: 0
siblings	: 12
core id		: 2
cpu cores	: 6
apicid		: 4
initial apicid	: 4
fpu		: yes
fpu_exception	: yes
cpuid level	: 11
wp		: yes
flags		: fpu vme de pse tsc msr pae mce cx8 apic sep mtrr pge mca cmov pat pse36 clflush dts acpi mmx fxsr sse sse2 ss ht tm pbe syscall nx pdpe1gb rdtscp lm constant_tsc arch_perfmon pebs bts rep_good nopl xtopology nonstop_tsc aperfmperf pni pclmulqdq dtes64 monitor ds_cpl vmx est tm2 ssse3 cx16 xtpr pdcm pcid sse4_1 sse4_2 popcnt aes lahf_lm ida arat dtherm tpr_shadow vnmi flexpriority ept vpid
bogomips	: 6681.52
clflush size	: 64
cache_alignment	: 64
address sizes	: 36 bits physical, 48 bits virtual
power management:

processor	: 3
vendor_id	: GenuineIntel
cpu family	: 6
model		: 44
model name	: Intel(R) Core(TM) i7 CPU       X 980  @ 3.33GHz
stepping	: 2
microcode	: 0x5
cpu MHz		: 3334.000
cache size	: 12288 KB
physical id	: 0
siblings	: 12
core id		: 8
cpu cores	: 6
apicid		: 16
initial apicid	: 16
fpu		: yes
fpu_exception	: yes
cpuid level	: 11
wp		: yes
flags		: fpu vme de pse tsc msr pae mce cx8 apic sep mtrr pge mca cmov pat pse36 clflush dts acpi mmx fxsr sse sse2 ss ht tm pbe syscall nx pdpe1gb rdtscp lm constant_tsc arch_perfmon pebs bts rep_good nopl xtopology nonstop_tsc aperfmperf pni pclmulqdq dtes64 monitor ds_cpl vmx est tm2 ssse3 cx16 xtpr pdcm pcid sse4_1 sse4_2 popcnt aes lahf_lm ida arat dtherm tpr_shadow vnmi flexpriority ept vpid
bogomips	: 6681.52
clflush size	: 64
cache_alignment	: 64
address sizes	: 36 bits physical, 48 bits virtual
power management:

processor	: 4
vendor_id	: GenuineIntel
cpu family	: 6
model		: 44
model name	: Intel(R) Core(TM) i7 CPU       X 980  @ 3.33GHz
stepping	: 2
microcode	: 0x5
cpu MHz		: 1600.000
cache size	: 12288 KB
physical id	: 0
siblings	: 12
core id		: 9
cpu cores	: 6
apicid		: 18
initial apicid	: 18
fpu		: yes
fpu_exception	: yes
cpuid level	: 11
wp		: yes
flags		: fpu vme de pse tsc msr pae mce cx8 apic sep mtrr pge mca cmov pat pse36 clflush dts acpi mmx fxsr sse sse2 ss ht tm pbe syscall nx pdpe1gb rdtscp lm constant_tsc arch_perfmon pebs bts rep_good nopl xtopology nonstop_tsc aperfmperf pni pclmulqdq dtes64 monitor ds_cpl vmx est tm2 ssse3 cx16 xtpr pdcm pcid sse4_1 sse4_2 popcnt aes lahf_lm ida arat dtherm tpr_shadow vnmi flexpriority ept vpid
bogomips	: 6681.52
clflush size	: 64
cache_alignment	: 64
address sizes	: 36 bits physical, 48 bits virtual
power management:

processor	: 5
vendor_id	: GenuineIntel
cpu family	: 6
model		: 44
model name	: Intel(R) Core(TM) i7 CPU       X 980  @ 3.33GHz
stepping	: 2
microcode	: 0x5
cpu MHz		: 1600.000
cache size	: 12288 KB
physical id	: 0
siblings	: 12
core id		: 10
cpu cores	: 6
apicid		: 20
initial apicid	: 20
fpu		: yes
fpu_exception	: yes
cpuid level	: 11
wp		: yes
flags		: fpu vme de pse tsc msr pae mce cx8 apic sep mtrr pge mca cmov pat pse36 clflush dts acpi mmx fxsr sse sse2 ss ht tm pbe syscall nx pdpe1gb rdtscp lm constant_tsc arch_perfmon pebs bts rep_good nopl xtopology nonstop_tsc aperfmperf pni pclmulqdq dtes64 monitor ds_cpl vmx est tm2 ssse3 cx16 xtpr pdcm pcid sse4_1 sse4_2 popcnt aes lahf_lm ida arat dtherm tpr_shadow vnmi flexpriority ept vpid
bogomips	: 6681.52
clflush size	: 64
cache_alignment	: 64
address sizes	: 36 bits physical, 48 bits virtual
power management:

processor	: 6
vendor_id	: GenuineIntel
cpu family	: 6
model		: 44
model name	: Intel(R) Core(TM) i7 CPU       X 980  @ 3.33GHz
stepping	: 2
microcode	: 0x5
cpu MHz		: 3334.000
cache size	: 12288 KB
physical id	: 0
siblings	: 12
core id		: 0
cpu cores	: 6
apicid		: 1
initial apicid	: 1
fpu		: yes
fpu_exception	: yes
cpuid level	: 11
wp		: yes
flags		: fpu vme de pse tsc msr pae mce cx8 apic sep mtrr pge mca cmov pat pse36 clflush dts acpi mmx fxsr sse sse2 ss ht tm pbe syscall nx pdpe1gb rdtscp lm constant_tsc arch_perfmon pebs bts rep_good nopl xtopology nonstop_tsc aperfmperf pni pclmulqdq dtes64 monitor ds_cpl vmx est tm2 ssse3 cx16 xtpr pdcm pcid sse4_1 sse4_2 popcnt aes lahf_lm ida arat dtherm tpr_shadow vnmi flexpriority ept vpid
bogomips	: 6681.52
clflush size	: 64
cache_alignment	: 64
address sizes	: 36 bits physical, 48 bits virtual
power management:

processor	: 7
vendor_id	: GenuineIntel
cpu family	: 6
model		: 44
model name	: Intel(R) Core(TM) i7 CPU       X 980  @ 3.33GHz
stepping	: 2
microcode	: 0x5
cpu MHz		: 3334.000
cache size	: 12288 KB
physical id	: 0
siblings	: 12
core id		: 1
cpu cores	: 6
apicid		: 3
initial apicid	: 3
fpu		: yes
fpu_exception	: yes
cpuid level	: 11
wp		: yes
flags		: fpu vme de pse tsc msr pae mce cx8 apic sep mtrr pge mca cmov pat pse36 clflush dts acpi mmx fxsr sse sse2 ss ht tm pbe syscall nx pdpe1gb rdtscp lm constant_tsc arch_perfmon pebs bts rep_good nopl xtopology nonstop_tsc aperfmperf pni pclmulqdq dtes64 monitor ds_cpl vmx est tm2 ssse3 cx16 xtpr pdcm pcid sse4_1 sse4_2 popcnt aes lahf_lm ida arat dtherm tpr_shadow vnmi flexpriority ept vpid
bogomips	: 6681.52
clflush size	: 64
cache_alignment	: 64
address sizes	: 36 bits physical, 48 bits virtual
power management:

processor	: 8
vendor_id	: GenuineIntel
cpu family	: 6
model		: 44
model name	: Intel(R) Core(TM) i7 CPU       X 980  @ 3.33GHz
stepping	: 2
microcode	: 0x5
cpu MHz		: 3334.000
cache size	: 12288 KB
physical id	: 0
siblings	: 12
core id		: 2
cpu cores	: 6
apicid		: 5
initial apicid	: 5
fpu		: yes
fpu_exception	: yes
cpuid level	: 11
wp		: yes
flags		: fpu vme de pse tsc msr pae mce cx8 apic sep mtrr pge mca cmov pat pse36 clflush dts acpi mmx fxsr sse sse2 ss ht tm pbe syscall nx pdpe1gb rdtscp lm constant_tsc arch_perfmon pebs bts rep_good nopl xtopology nonstop_tsc aperfmperf pni pclmulqdq dtes64 monitor ds_cpl vmx est tm2 ssse3 cx16 xtpr pdcm pcid sse4_1 sse4_2 popcnt aes lahf_lm ida arat dtherm tpr_shadow vnmi flexpriority ept vpid
bogomips	: 6681.52
clflush size	: 64
cache_alignment	: 64
address sizes	: 36 bits physical, 48 bits virtual
power management:

processor	: 9
vendor_id	: GenuineIntel
cpu family	: 6
model		: 44
model name	: Intel(R) Core(TM) i7 CPU       X 980  @ 3.33GHz
stepping	: 2
microcode	: 0x5
cpu MHz		: 3334.000
cache size	: 12288 KB
physical id	: 0
siblings	: 12
core id		: 8
cpu cores	: 6
apicid		: 17
initial apicid	: 17
fpu		: yes
fpu_exception	: yes
cpuid level	: 11
wp		: yes
flags		: fpu vme de pse tsc msr pae mce cx8 apic sep mtrr pge mca cmov pat pse36 clflush dts acpi mmx fxsr sse sse2 ss ht tm pbe syscall nx pdpe1gb rdtscp lm constant_tsc arch_perfmon pebs bts rep_good nopl xtopology nonstop_tsc aperfmperf pni pclmulqdq dtes64 monitor ds_cpl vmx est tm2 ssse3 cx16 xtpr pdcm pcid sse4_1 sse4_2 popcnt aes lahf_lm ida arat dtherm tpr_shadow vnmi flexpriority ept vpid
bogomips	: 6681.52
clflush size	: 64
cache_alignment	: 64
address sizes	: 36 bits physical, 48 bits virtual
power management:

processor	: 10
vendor_id	: GenuineIntel
cpu family	: 6
model		: 44
model name	: Intel(R) Core(TM) i7 CPU       X 980  @ 3.33GHz
stepping	: 2
microcode	: 0x5
cpu MHz		: 3334.000
cache size	: 12288 KB
physical id	: 0
siblings	: 12
core id		: 9
cpu cores	: 6
apicid		: 19
initial apicid	: 19
fpu		: yes
fpu_exception	: yes
cpuid level	: 11
wp		: yes
flags		: fpu vme de pse tsc msr pae mce cx8 apic sep mtrr pge mca cmov pat pse36 clflush dts acpi mmx fxsr sse sse2 ss ht tm pbe syscall nx pdpe1gb rdtscp lm constant_tsc arch_perfmon pebs bts rep_good nopl xtopology nonstop_tsc aperfmperf pni pclmulqdq dtes64 monitor ds_cpl vmx est tm2 ssse3 cx16 xtpr pdcm pcid sse4_1 sse4_2 popcnt aes lahf_lm ida arat dtherm tpr_shadow vnmi flexpriority ept vpid
bogomips	: 6681.52
clflush size	: 64
cache_alignment	: 64
address sizes	: 36 bits physical, 48 bits virtual
power management:

processor	: 11
vendor_id	: GenuineIntel
cpu family	: 6
model		: 44
model name	: Intel(R) Core(TM) i7 CPU       X 980  @ 3.33GHz
stepping	: 2
microcode	: 0x5
cpu MHz		: 3334.000
cache size	: 12288 KB
physical id	: 0
siblings	: 12
core id		: 10
cpu cores	: 6
apicid		: 21
initial apicid	: 21
fpu		: yes
fpu_exception	: yes
cpuid level	: 11
wp		: yes
flags		: fpu vme de pse tsc msr pae mce cx8 apic sep mtrr pge mca cmov pat pse36 clflush dts acpi mmx fxsr sse sse2 ss ht tm pbe syscall nx pdpe1gb rdtscp lm constant_tsc arch_perfmon pebs bts rep_good nopl xtopology nonstop_tsc aperfmperf pni pclmulqdq dtes64 monitor ds_cpl vmx est tm2 ssse3 cx16 xtpr pdcm pcid sse4_1 sse4_2 popcnt aes lahf_lm ida arat dtherm tpr_shadow vnmi flexpriority ept vpid
bogomips	: 6681.52
clflush size	: 64
cache_alignment	: 64
address sizes	: 36 bits physical, 48 bits virtual
power management:



Memory: 4k page, physical 24421884k(5674936k free), swap 4194300k(4194300k free)

vm_info: OpenJDK 64-Bit Server VM (23.7-b01) for linux-amd64 JRE (1.7.0_25-b30), built on Jul 15 2013 20:38:06 by "buildd" with gcc 4.6.3

time: Wed Jan  8 23:01:56 2014
elapsed time: 977 seconds

