This file contains any messages produced by compilers while
running configure, to aid debugging if configure makes a mistake.

It was created by GLPK configure 4.53, which was
generated by GNU Autoconf 2.69.  Invocation command line was

  $ ./configure 

## --------- ##
## Platform. ##
## --------- ##

hostname = lonewolf
uname -m = x86_64
uname -r = 3.8.0-35-generic
uname -s = Linux
uname -v = #50~precise1-Ubuntu SMP Wed Dec 4 17:25:51 UTC 2013

/usr/bin/uname -p = unknown
/bin/uname -X     = unknown

/bin/arch              = unknown
/usr/bin/arch -k       = unknown
/usr/convex/getsysinfo = unknown
/usr/bin/hostinfo      = unknown
/bin/machine           = unknown
/usr/bin/oslevel       = unknown
/bin/universe          = unknown

PATH: /tools/synopsys_2011/vcs-mx//bin
PATH: /usr/local/sbin
PATH: /usr/local/bin
PATH: /usr/sbin
PATH: /usr/bin
PATH: /sbin
PATH: /bin
PATH: /usr/games
PATH: /scratch/tools/llvm/clang+llvm-2.9-i686-linux/bin/


## ----------- ##
## Core tests. ##
## ----------- ##

configure:2256: checking for a BSD-compatible install
configure:2324: result: /usr/bin/install -c
configure:2335: checking whether build environment is sane
configure:2390: result: yes
configure:2541: checking for a thread-safe mkdir -p
configure:2580: result: /bin/mkdir -p
configure:2587: checking for gawk
configure:2603: found /usr/bin/gawk
configure:2614: result: gawk
configure:2625: checking whether make sets $(MAKE)
configure:2647: result: yes
configure:2834: checking for gcc
configure:2850: found /usr/bin/gcc
configure:2861: result: gcc
configure:3090: checking for C compiler version
configure:3099: gcc --version >&5
gcc (Ubuntu/Linaro 4.6.3-1ubuntu5) 4.6.3
Copyright (C) 2011 Free Software Foundation, Inc.
This is free software; see the source for copying conditions.  There is NO
warranty; not even for MERCHANTABILITY or FITNESS FOR A PARTICULAR PURPOSE.

configure:3110: $? = 0
configure:3099: gcc -v >&5
Using built-in specs.
COLLECT_GCC=gcc
COLLECT_LTO_WRAPPER=/usr/lib/gcc/x86_64-linux-gnu/4.6/lto-wrapper
Target: x86_64-linux-gnu
Configured with: ../src/configure -v --with-pkgversion='Ubuntu/Linaro 4.6.3-1ubuntu5' --with-bugurl=file:///usr/share/doc/gcc-4.6/README.Bugs --enable-languages=c,c++,fortran,objc,obj-c++ --prefix=/usr --program-suffix=-4.6 --enable-shared --enable-linker-build-id --with-system-zlib --libexecdir=/usr/lib --without-included-gettext --enable-threads=posix --with-gxx-include-dir=/usr/include/c++/4.6 --libdir=/usr/lib --enable-nls --with-sysroot=/ --enable-clocale=gnu --enable-libstdcxx-debug --enable-libstdcxx-time=yes --enable-gnu-unique-object --enable-plugin --enable-objc-gc --disable-werror --with-arch-32=i686 --with-tune=generic --enable-checking=release --build=x86_64-linux-gnu --host=x86_64-linux-gnu --target=x86_64-linux-gnu
Thread model: posix
gcc version 4.6.3 (Ubuntu/Linaro 4.6.3-1ubuntu5) 
configure:3110: $? = 0
configure:3099: gcc -V >&5
gcc: error: unrecognized option '-V'
gcc: fatal error: no input files
compilation terminated.
configure:3110: $? = 4
configure:3099: gcc -qversion >&5
gcc: error: unrecognized option '-qversion'
gcc: fatal error: no input files
compilation terminated.
configure:3110: $? = 4
configure:3130: checking whether the C compiler works
configure:3152: gcc    conftest.c  >&5
configure:3156: $? = 0
configure:3204: result: yes
configure:3207: checking for C compiler default output file name
configure:3209: result: a.out
configure:3215: checking for suffix of executables
configure:3222: gcc -o conftest    conftest.c  >&5
configure:3226: $? = 0
configure:3248: result: 
configure:3270: checking whether we are cross compiling
configure:3278: gcc -o conftest    conftest.c  >&5
configure:3282: $? = 0
configure:3289: ./conftest
configure:3293: $? = 0
configure:3308: result: no
configure:3313: checking for suffix of object files
configure:3335: gcc -c   conftest.c >&5
configure:3339: $? = 0
configure:3360: result: o
configure:3364: checking whether we are using the GNU C compiler
configure:3383: gcc -c   conftest.c >&5
configure:3383: $? = 0
configure:3392: result: yes
configure:3401: checking whether gcc accepts -g
configure:3421: gcc -c -g  conftest.c >&5
configure:3421: $? = 0
configure:3462: result: yes
configure:3479: checking for gcc option to accept ISO C89
configure:3542: gcc  -c -g -O2  conftest.c >&5
configure:3542: $? = 0
configure:3555: result: none needed
configure:3586: checking for style of include used by make
configure:3614: result: GNU
configure:3640: checking dependency style of gcc
configure:3751: result: gcc3
configure:3796: checking build system type
configure:3810: result: x86_64-unknown-linux-gnu
configure:3830: checking host system type
configure:3843: result: x86_64-unknown-linux-gnu
configure:3884: checking how to print strings
configure:3911: result: printf
configure:3932: checking for a sed that does not truncate output
configure:3996: result: /bin/sed
configure:4014: checking for grep that handles long lines and -e
configure:4072: result: /bin/grep
configure:4077: checking for egrep
configure:4139: result: /bin/grep -E
configure:4144: checking for fgrep
configure:4206: result: /bin/grep -F
configure:4241: checking for ld used by gcc
configure:4308: result: /usr/bin/ld
configure:4315: checking if the linker (/usr/bin/ld) is GNU ld
configure:4330: result: yes
configure:4342: checking for BSD- or MS-compatible name lister (nm)
configure:4391: result: /usr/bin/nm -B
configure:4521: checking the name lister (/usr/bin/nm -B) interface
configure:4528: gcc -c -g -O2  conftest.c >&5
configure:4531: /usr/bin/nm -B "conftest.o"
configure:4534: output
0000000000000000 B some_variable
configure:4541: result: BSD nm
configure:4544: checking whether ln -s works
configure:4548: result: yes
configure:4556: checking the maximum length of command line arguments
configure:4681: result: 1572864
configure:4698: checking whether the shell understands some XSI constructs
configure:4708: result: yes
configure:4712: checking whether the shell understands "+="
configure:4718: result: yes
configure:4753: checking how to convert x86_64-unknown-linux-gnu file names to x86_64-unknown-linux-gnu format
configure:4793: result: func_convert_file_noop
configure:4800: checking how to convert x86_64-unknown-linux-gnu file names to toolchain format
configure:4820: result: func_convert_file_noop
configure:4827: checking for /usr/bin/ld option to reload object files
configure:4834: result: -r
configure:4908: checking for objdump
configure:4924: found /usr/bin/objdump
configure:4935: result: objdump
configure:4967: checking how to recognize dependent libraries
configure:5169: result: pass_all
configure:5254: checking for dlltool
configure:5284: result: no
configure:5314: checking how to associate runtime and link libraries
configure:5341: result: printf %s\n
configure:5402: checking for ar
configure:5418: found /usr/bin/ar
configure:5429: result: ar
configure:5466: checking for archiver @FILE support
configure:5483: gcc -c -g -O2  conftest.c >&5
configure:5483: $? = 0
configure:5486: ar cru libconftest.a @conftest.lst >&5
configure:5489: $? = 0
configure:5494: ar cru libconftest.a @conftest.lst >&5
ar: conftest.o: No such file or directory
configure:5497: $? = 1
configure:5509: result: @
configure:5567: checking for strip
configure:5583: found /usr/bin/strip
configure:5594: result: strip
configure:5666: checking for ranlib
configure:5682: found /usr/bin/ranlib
configure:5693: result: ranlib
configure:5795: checking command to parse /usr/bin/nm -B output from gcc object
configure:5914: gcc -c -g -O2  conftest.c >&5
configure:5917: $? = 0
configure:5921: /usr/bin/nm -B conftest.o \| sed -n -e 's/^.*[ ]\([ABCDGIRSTW][ABCDGIRSTW]*\)[ ][ ]*\([_A-Za-z][_A-Za-z0-9]*\)$/\1 \2 \2/p' | sed '/ __gnu_lto/d' \> conftest.nm
configure:5924: $? = 0
configure:5990: gcc -o conftest -g -O2   conftest.c conftstm.o >&5
configure:5993: $? = 0
configure:6031: result: ok
configure:6068: checking for sysroot
configure:6098: result: no
configure:6175: gcc -c -g -O2  conftest.c >&5
configure:6178: $? = 0
configure:6341: checking for mt
configure:6357: found /bin/mt
configure:6368: result: mt
configure:6391: checking if mt is a manifest tool
configure:6397: mt '-?'
configure:6405: result: no
configure:7037: checking how to run the C preprocessor
configure:7068: gcc -E  conftest.c
configure:7068: $? = 0
configure:7082: gcc -E  conftest.c
conftest.c:11:28: fatal error: ac_nonexistent.h: No such file or directory
compilation terminated.
configure:7082: $? = 1
configure: failed program was:
| /* confdefs.h */
| #define PACKAGE_NAME "GLPK"
| #define PACKAGE_TARNAME "glpk"
| #define PACKAGE_VERSION "4.53"
| #define PACKAGE_STRING "GLPK 4.53"
| #define PACKAGE_BUGREPORT "bug-glpk@gnu.org"
| #define PACKAGE_URL ""
| #define PACKAGE "glpk"
| #define VERSION "4.53"
| /* end confdefs.h.  */
| #include <ac_nonexistent.h>
configure:7107: result: gcc -E
configure:7127: gcc -E  conftest.c
configure:7127: $? = 0
configure:7141: gcc -E  conftest.c
conftest.c:11:28: fatal error: ac_nonexistent.h: No such file or directory
compilation terminated.
configure:7141: $? = 1
configure: failed program was:
| /* confdefs.h */
| #define PACKAGE_NAME "GLPK"
| #define PACKAGE_TARNAME "glpk"
| #define PACKAGE_VERSION "4.53"
| #define PACKAGE_STRING "GLPK 4.53"
| #define PACKAGE_BUGREPORT "bug-glpk@gnu.org"
| #define PACKAGE_URL ""
| #define PACKAGE "glpk"
| #define VERSION "4.53"
| /* end confdefs.h.  */
| #include <ac_nonexistent.h>
configure:7170: checking for ANSI C header files
configure:7190: gcc -c -g -O2  conftest.c >&5
configure:7190: $? = 0
configure:7263: gcc -o conftest -g -O2   conftest.c  >&5
configure:7263: $? = 0
configure:7263: ./conftest
configure:7263: $? = 0
configure:7274: result: yes
configure:7287: checking for sys/types.h
configure:7287: gcc -c -g -O2  conftest.c >&5
configure:7287: $? = 0
configure:7287: result: yes
configure:7287: checking for sys/stat.h
configure:7287: gcc -c -g -O2  conftest.c >&5
configure:7287: $? = 0
configure:7287: result: yes
configure:7287: checking for stdlib.h
configure:7287: gcc -c -g -O2  conftest.c >&5
configure:7287: $? = 0
configure:7287: result: yes
configure:7287: checking for string.h
configure:7287: gcc -c -g -O2  conftest.c >&5
configure:7287: $? = 0
configure:7287: result: yes
configure:7287: checking for memory.h
configure:7287: gcc -c -g -O2  conftest.c >&5
configure:7287: $? = 0
configure:7287: result: yes
configure:7287: checking for strings.h
configure:7287: gcc -c -g -O2  conftest.c >&5
configure:7287: $? = 0
configure:7287: result: yes
configure:7287: checking for inttypes.h
configure:7287: gcc -c -g -O2  conftest.c >&5
configure:7287: $? = 0
configure:7287: result: yes
configure:7287: checking for stdint.h
configure:7287: gcc -c -g -O2  conftest.c >&5
configure:7287: $? = 0
configure:7287: result: yes
configure:7287: checking for unistd.h
configure:7287: gcc -c -g -O2  conftest.c >&5
configure:7287: $? = 0
configure:7287: result: yes
configure:7301: checking for dlfcn.h
configure:7301: gcc -c -g -O2  conftest.c >&5
configure:7301: $? = 0
configure:7301: result: yes
configure:7488: checking for objdir
configure:7503: result: .libs
configure:7774: checking if gcc supports -fno-rtti -fno-exceptions
configure:7792: gcc -c -g -O2  -fno-rtti -fno-exceptions conftest.c >&5
cc1: warning: command line option '-fno-rtti' is valid for C++/ObjC++ but not for C [enabled by default]
configure:7796: $? = 0
configure:7809: result: no
configure:8119: checking for gcc option to produce PIC
configure:8126: result: -fPIC -DPIC
configure:8134: checking if gcc PIC flag -fPIC -DPIC works
configure:8152: gcc -c -g -O2  -fPIC -DPIC -DPIC conftest.c >&5
configure:8156: $? = 0
configure:8169: result: yes
configure:8198: checking if gcc static flag -static works
configure:8226: result: yes
configure:8241: checking if gcc supports -c -o file.o
configure:8262: gcc -c -g -O2  -o out/conftest2.o conftest.c >&5
configure:8266: $? = 0
configure:8288: result: yes
configure:8296: checking if gcc supports -c -o file.o
configure:8343: result: yes
configure:8376: checking whether the gcc linker (/usr/bin/ld -m elf_x86_64) supports shared libraries
configure:9534: result: yes
configure:9571: checking whether -lc should be explicitly linked in
configure:9579: gcc -c -g -O2  conftest.c >&5
configure:9582: $? = 0
configure:9597: gcc -shared  -fPIC -DPIC conftest.o  -v -Wl,-soname -Wl,conftest -o conftest 2\>\&1 \| /bin/grep  -lc  \>/dev/null 2\>\&1
configure:9600: $? = 0
configure:9614: result: no
configure:9779: checking dynamic linker characteristics
configure:10293: gcc -o conftest -g -O2   -Wl,-rpath -Wl,/foo conftest.c  >&5
configure:10293: $? = 0
configure:10515: result: GNU/Linux ld.so
configure:10622: checking how to hardcode library paths into programs
configure:10647: result: immediate
configure:11187: checking whether stripping libraries is possible
configure:11192: result: yes
configure:11227: checking if libtool supports shared libraries
configure:11229: result: yes
configure:11232: checking whether to build shared libraries
configure:11253: result: yes
configure:11256: checking whether to build static libraries
configure:11260: result: yes
configure:11296: checking for exp in -lm
configure:11321: gcc -o conftest -g -O2   conftest.c -lm   >&5
conftest.c:30:6: warning: conflicting types for built-in function 'exp' [enabled by default]
configure:11321: $? = 0
configure:11330: result: yes
configure:11342: checking sys/time.h usability
configure:11342: gcc -c -g -O2  conftest.c >&5
configure:11342: $? = 0
configure:11342: result: yes
configure:11342: checking sys/time.h presence
configure:11342: gcc -E  conftest.c
configure:11342: $? = 0
configure:11342: result: yes
configure:11342: checking for sys/time.h
configure:11342: result: yes
configure:11351: checking for gettimeofday
configure:11351: gcc -o conftest -g -O2   conftest.c -lm  >&5
configure:11351: $? = 0
configure:11351: result: yes
configure:11370: checking whether to use GNU MP bignum library
configure:11380: result: no
configure:11384: checking whether to enable shared library support
configure:11407: result: no
configure:11424: checking whether to enable MathProg ODBC support
configure:11449: result: no
configure:11453: checking whether to enable MathProg MySQL support
configure:11468: result: no
configure:11583: checking that generated files are newer than configure
configure:11589: result: done
configure:11612: creating ./config.status

## ---------------------- ##
## Running config.status. ##
## ---------------------- ##

This file was extended by GLPK config.status 4.53, which was
generated by GNU Autoconf 2.69.  Invocation command line was

  CONFIG_FILES    = 
  CONFIG_HEADERS  = 
  CONFIG_LINKS    = 
  CONFIG_COMMANDS = 
  $ ./config.status 

on lonewolf

config.status:1081: creating src/Makefile
config.status:1081: creating examples/Makefile
config.status:1081: creating Makefile
config.status:1081: creating config.h
config.status:1310: executing depfiles commands
config.status:1310: executing libtool commands

## ---------------- ##
## Cache variables. ##
## ---------------- ##

ac_cv_build=x86_64-unknown-linux-gnu
ac_cv_c_compiler_gnu=yes
ac_cv_env_CC_set=
ac_cv_env_CC_value=
ac_cv_env_CFLAGS_set=
ac_cv_env_CFLAGS_value=
ac_cv_env_CPPFLAGS_set=
ac_cv_env_CPPFLAGS_value=
ac_cv_env_CPP_set=
ac_cv_env_CPP_value=
ac_cv_env_LDFLAGS_set=
ac_cv_env_LDFLAGS_value=
ac_cv_env_LIBS_set=
ac_cv_env_LIBS_value=
ac_cv_env_build_alias_set=
ac_cv_env_build_alias_value=
ac_cv_env_host_alias_set=
ac_cv_env_host_alias_value=
ac_cv_env_target_alias_set=
ac_cv_env_target_alias_value=
ac_cv_func_gettimeofday=yes
ac_cv_header_dlfcn_h=yes
ac_cv_header_inttypes_h=yes
ac_cv_header_memory_h=yes
ac_cv_header_stdc=yes
ac_cv_header_stdint_h=yes
ac_cv_header_stdlib_h=yes
ac_cv_header_string_h=yes
ac_cv_header_strings_h=yes
ac_cv_header_sys_stat_h=yes
ac_cv_header_sys_time_h=yes
ac_cv_header_sys_types_h=yes
ac_cv_header_unistd_h=yes
ac_cv_host=x86_64-unknown-linux-gnu
ac_cv_lib_m_exp=yes
ac_cv_objext=o
ac_cv_path_EGREP='/bin/grep -E'
ac_cv_path_FGREP='/bin/grep -F'
ac_cv_path_GREP=/bin/grep
ac_cv_path_SED=/bin/sed
ac_cv_path_install='/usr/bin/install -c'
ac_cv_path_mkdir=/bin/mkdir
ac_cv_prog_AWK=gawk
ac_cv_prog_CPP='gcc -E'
ac_cv_prog_ac_ct_AR=ar
ac_cv_prog_ac_ct_CC=gcc
ac_cv_prog_ac_ct_MANIFEST_TOOL=mt
ac_cv_prog_ac_ct_OBJDUMP=objdump
ac_cv_prog_ac_ct_RANLIB=ranlib
ac_cv_prog_ac_ct_STRIP=strip
ac_cv_prog_cc_c89=
ac_cv_prog_cc_g=yes
ac_cv_prog_make_make_set=yes
am_cv_CC_dependencies_compiler_type=gcc3
lt_cv_ar_at_file=@
lt_cv_archive_cmds_need_lc=no
lt_cv_deplibs_check_method=pass_all
lt_cv_file_magic_cmd='$MAGIC_CMD'
lt_cv_file_magic_test_file=
lt_cv_ld_reload_flag=-r
lt_cv_nm_interface='BSD nm'
lt_cv_objdir=.libs
lt_cv_path_LD=/usr/bin/ld
lt_cv_path_NM='/usr/bin/nm -B'
lt_cv_path_mainfest_tool=no
lt_cv_prog_compiler_c_o=yes
lt_cv_prog_compiler_pic='-fPIC -DPIC'
lt_cv_prog_compiler_pic_works=yes
lt_cv_prog_compiler_rtti_exceptions=no
lt_cv_prog_compiler_static_works=yes
lt_cv_prog_gnu_ld=yes
lt_cv_sharedlib_from_linklib_cmd='printf %s\n'
lt_cv_shlibpath_overrides_runpath=no
lt_cv_sys_global_symbol_pipe='sed -n -e '\''s/^.*[	 ]\([ABCDGIRSTW][ABCDGIRSTW]*\)[	 ][	 ]*\([_A-Za-z][_A-Za-z0-9]*\)$/\1 \2 \2/p'\'' | sed '\''/ __gnu_lto/d'\'''
lt_cv_sys_global_symbol_to_c_name_address='sed -n -e '\''s/^: \([^ ]*\)[ ]*$/  {\"\1\", (void *) 0},/p'\'' -e '\''s/^[ABCDGIRSTW]* \([^ ]*\) \([^ ]*\)$/  {"\2", (void *) \&\2},/p'\'''
lt_cv_sys_global_symbol_to_c_name_address_lib_prefix='sed -n -e '\''s/^: \([^ ]*\)[ ]*$/  {\"\1\", (void *) 0},/p'\'' -e '\''s/^[ABCDGIRSTW]* \([^ ]*\) \(lib[^ ]*\)$/  {"\2", (void *) \&\2},/p'\'' -e '\''s/^[ABCDGIRSTW]* \([^ ]*\) \([^ ]*\)$/  {"lib\2", (void *) \&\2},/p'\'''
lt_cv_sys_global_symbol_to_cdecl='sed -n -e '\''s/^T .* \(.*\)$/extern int \1();/p'\'' -e '\''s/^[ABCDGIRSTW]* .* \(.*\)$/extern char \1;/p'\'''
lt_cv_sys_max_cmd_len=1572864
lt_cv_to_host_file_cmd=func_convert_file_noop
lt_cv_to_tool_file_cmd=func_convert_file_noop

## ----------------- ##
## Output variables. ##
## ----------------- ##

ACLOCAL='${SHELL} /home/maysam/workSpace/hub/Gorilla++Stable/refine/ilp/glpk-4.53/missing --run aclocal-1.12'
AMDEPBACKSLASH='\'
AMDEP_FALSE='#'
AMDEP_TRUE=''
AMTAR='$${TAR-tar}'
AR='ar'
AUTOCONF='${SHELL} /home/maysam/workSpace/hub/Gorilla++Stable/refine/ilp/glpk-4.53/missing --run autoconf'
AUTOHEADER='${SHELL} /home/maysam/workSpace/hub/Gorilla++Stable/refine/ilp/glpk-4.53/missing --run autoheader'
AUTOMAKE='${SHELL} /home/maysam/workSpace/hub/Gorilla++Stable/refine/ilp/glpk-4.53/missing --run automake-1.12'
AWK='gawk'
CC='gcc'
CCDEPMODE='depmode=gcc3'
CFLAGS='-g -O2'
CPP='gcc -E'
CPPFLAGS=''
CYGPATH_W='echo'
DEFS='-DHAVE_CONFIG_H'
DEPDIR='.deps'
DLLTOOL='false'
DSYMUTIL=''
DUMPBIN=''
ECHO_C=''
ECHO_N='-n'
ECHO_T=''
EGREP='/bin/grep -E'
EXEEXT=''
FGREP='/bin/grep -F'
GREP='/bin/grep'
INSTALL_DATA='${INSTALL} -m 644'
INSTALL_PROGRAM='${INSTALL}'
INSTALL_SCRIPT='${INSTALL}'
INSTALL_STRIP_PROGRAM='$(install_sh) -c -s'
LD='/usr/bin/ld -m elf_x86_64'
LDFLAGS=''
LIBOBJS=''
LIBS='-lm '
LIBTOOL='$(SHELL) $(top_builddir)/libtool'
LIPO=''
LN_S='ln -s'
LTLIBOBJS=''
MAKEINFO='${SHELL} /home/maysam/workSpace/hub/Gorilla++Stable/refine/ilp/glpk-4.53/missing --run makeinfo'
MANIFEST_TOOL=':'
MKDIR_P='/bin/mkdir -p'
NM='/usr/bin/nm -B'
NMEDIT=''
OBJDUMP='objdump'
OBJEXT='o'
OTOOL64=''
OTOOL=''
PACKAGE='glpk'
PACKAGE_BUGREPORT='bug-glpk@gnu.org'
PACKAGE_NAME='GLPK'
PACKAGE_STRING='GLPK 4.53'
PACKAGE_TARNAME='glpk'
PACKAGE_URL=''
PACKAGE_VERSION='4.53'
PATH_SEPARATOR=':'
RANLIB='ranlib'
SED='/bin/sed'
SET_MAKE=''
SHELL='/bin/sh'
STRIP='strip'
VERSION='4.53'
ac_ct_AR='ar'
ac_ct_CC='gcc'
ac_ct_DUMPBIN=''
am__EXEEXT_FALSE=''
am__EXEEXT_TRUE='#'
am__fastdepCC_FALSE='#'
am__fastdepCC_TRUE=''
am__include='include'
am__isrc=''
am__leading_dot='.'
am__nodep='_no'
am__quote=''
am__tar='$${TAR-tar} chof - "$$tardir"'
am__untar='$${TAR-tar} xf -'
bindir='${exec_prefix}/bin'
build='x86_64-unknown-linux-gnu'
build_alias=''
build_cpu='x86_64'
build_os='linux-gnu'
build_vendor='unknown'
datadir='${datarootdir}'
datarootdir='${prefix}/share'
docdir='${datarootdir}/doc/${PACKAGE_TARNAME}'
dvidir='${docdir}'
exec_prefix='${prefix}'
host='x86_64-unknown-linux-gnu'
host_alias=''
host_cpu='x86_64'
host_os='linux-gnu'
host_vendor='unknown'
htmldir='${docdir}'
includedir='${prefix}/include'
infodir='${datarootdir}/info'
install_sh='${SHELL} /home/maysam/workSpace/hub/Gorilla++Stable/refine/ilp/glpk-4.53/install-sh'
libdir='${exec_prefix}/lib'
libexecdir='${exec_prefix}/libexec'
localedir='${datarootdir}/locale'
localstatedir='${prefix}/var'
mandir='${datarootdir}/man'
mkdir_p='$(MKDIR_P)'
oldincludedir='/usr/include'
pdfdir='${docdir}'
prefix='/usr/local'
program_transform_name='s,x,x,'
psdir='${docdir}'
sbindir='${exec_prefix}/sbin'
sharedstatedir='${prefix}/com'
sysconfdir='${prefix}/etc'
target_alias=''

## ----------- ##
## confdefs.h. ##
## ----------- ##

/* confdefs.h */
#define PACKAGE_NAME "GLPK"
#define PACKAGE_TARNAME "glpk"
#define PACKAGE_VERSION "4.53"
#define PACKAGE_STRING "GLPK 4.53"
#define PACKAGE_BUGREPORT "bug-glpk@gnu.org"
#define PACKAGE_URL ""
#define PACKAGE "glpk"
#define VERSION "4.53"
#define STDC_HEADERS 1
#define HAVE_SYS_TYPES_H 1
#define HAVE_SYS_STAT_H 1
#define HAVE_STDLIB_H 1
#define HAVE_STRING_H 1
#define HAVE_MEMORY_H 1
#define HAVE_STRINGS_H 1
#define HAVE_INTTYPES_H 1
#define HAVE_STDINT_H 1
#define HAVE_UNISTD_H 1
#define HAVE_DLFCN_H 1
#define LT_OBJDIR ".libs/"
#define HAVE_LIBM 1
#define HAVE_SYS_TIME_H 1
#define HAVE_GETTIMEOFDAY 1

configure: exit 0
