throughput,uwThreads,ugThreads,addPipelined,mulPipelined,divPipelined,rcPipelined,sharedRc,sharedRa,ugRepFactor,uwRepFactor,burstFactor,fixedFanout,averageFanout
0.0014,1,1,false,false,false,false,true,false,1,1,1,0,10
0.0023,1,1,false,false,false,false,true,false,1,2,1,0,10
0.0031,1,1,false,false,false,false,true,false,1,4,1,0,10
0.0031,1,1,false,false,false,false,true,false,1,8,1,0,10
0.0015,1,1,false,false,false,false,true,false,2,1,1,0,10
0.0030,1,1,false,false,false,false,true,false,2,2,1,0,10
0.0051,1,1,false,false,false,false,true,false,2,4,1,0,10
0.0062,1,1,false,false,false,false,true,false,2,8,1,0,10
0.0015,1,1,false,false,false,false,true,false,4,1,1,0,10
0.0034,1,1,false,false,false,false,true,false,4,2,1,0,10
0.0061,1,1,false,false,false,false,true,false,4,4,1,0,10
0.0105,1,1,false,false,false,false,true,false,4,8,1,0,10
0.0015,1,1,false,false,false,false,true,false,8,1,1,0,10
0.0039,1,1,false,false,false,false,true,false,8,2,1,0,10
0.0062,1,1,false,false,false,false,true,false,8,4,1,0,10
0.0120,1,1,false,false,false,false,true,false,8,8,1,0,10
0.0014,1,1,false,false,false,false,true,true,1,1,1,0,10
0.0022,1,1,false,false,false,false,true,true,1,2,1,0,10
0.0030,1,1,false,false,false,false,true,true,1,4,1,0,10
0.0031,1,1,false,false,false,false,true,true,1,8,1,0,10
0.0015,1,1,false,false,false,false,true,true,2,1,1,0,10
0.0030,1,1,false,false,false,false,true,true,2,2,1,0,10
0.0050,1,1,false,false,false,false,true,true,2,4,1,0,10
0.0061,1,1,false,false,false,false,true,true,2,8,1,0,10
0.0016,1,1,false,false,false,false,true,true,4,1,1,0,10
0.0027,1,1,false,false,false,false,true,true,4,2,1,0,10
0.0061,1,1,false,false,false,false,true,true,4,4,1,0,10
0.0102,1,1,false,false,false,false,true,true,4,8,1,0,10
0.0015,1,1,false,false,false,false,true,true,8,1,1,0,10
0.0027,1,1,false,false,false,false,true,true,8,2,1,0,10
0.0062,1,1,false,false,false,false,true,true,8,4,1,0,10
0.0120,1,1,false,false,false,false,true,true,8,8,1,0,10
0.0015,1,2,false,false,false,false,true,false,1,1,1,0,10
0.0030,1,2,false,false,false,false,true,false,1,2,1,0,10
0.0052,1,2,false,false,false,false,true,false,1,4,1,0,10
0.0063,1,2,false,false,false,false,true,false,1,8,1,0,10
0.0015,1,2,false,false,false,false,true,false,2,1,1,0,10
0.0038,1,2,false,false,false,false,true,false,2,2,1,0,10
0.0062,1,2,false,false,false,false,true,false,2,4,1,0,10
0.0107,1,2,false,false,false,false,true,false,2,8,1,0,10
0.0015,1,2,false,false,false,false,true,false,4,1,1,0,10
0.0039,1,2,false,false,false,false,true,false,4,2,1,0,10
0.0062,1,2,false,false,false,false,true,false,4,4,1,0,10
0.0120,1,2,false,false,false,false,true,false,4,8,1,0,10
0.0015,1,2,false,false,false,false,true,false,8,1,1,0,10
0.0039,1,2,false,false,false,false,true,false,8,2,1,0,10
0.0062,1,2,false,false,false,false,true,false,8,4,1,0,10
0.0120,1,2,false,false,false,false,true,false,8,8,1,0,10
0.0015,1,2,false,false,false,false,true,true,1,1,1,0,10
0.0030,1,2,false,false,false,false,true,true,1,2,1,0,10
0.0051,1,2,false,false,false,false,true,true,1,4,1,0,10
0.0062,1,2,false,false,false,false,true,true,1,8,1,0,10
0.0015,1,2,false,false,false,false,true,true,2,1,1,0,10
0.0027,1,2,false,false,false,false,true,true,2,2,1,0,10
0.0061,1,2,false,false,false,false,true,true,2,4,1,0,10
0.0104,1,2,false,false,false,false,true,true,2,8,1,0,10
0.0015,1,2,false,false,false,false,true,true,4,1,1,0,10
0.0027,1,2,false,false,false,false,true,true,4,2,1,0,10
0.0061,1,2,false,false,false,false,true,true,4,4,1,0,10
0.0118,1,2,false,false,false,false,true,true,4,8,1,0,10
0.0015,1,2,false,false,false,false,true,true,8,1,1,0,10
0.0027,1,2,false,false,false,false,true,true,8,2,1,0,10
0.0062,1,2,false,false,false,false,true,true,8,4,1,0,10
0.0121,1,2,false,false,false,false,true,true,8,8,1,0,10
0.0015,1,4,false,false,false,false,true,false,1,1,1,0,10
0.0032,1,4,false,false,false,false,true,false,1,2,1,0,10
0.0060,1,4,false,false,false,false,true,false,1,4,1,0,10
0.0107,1,4,false,false,false,false,true,false,1,8,1,0,10
0.0015,1,4,false,false,false,false,true,false,2,1,1,0,10
0.0039,1,4,false,false,false,false,true,false,2,2,1,0,10
0.0062,1,4,false,false,false,false,true,false,2,4,1,0,10
0.0120,1,4,false,false,false,false,true,false,2,8,1,0,10
0.0015,1,4,false,false,false,false,true,false,4,1,1,0,10
0.0039,1,4,false,false,false,false,true,false,4,2,1,0,10
0.0062,1,4,false,false,false,false,true,false,4,4,1,0,10
0.0121,1,4,false,false,false,false,true,false,4,8,1,0,10
0.0015,1,4,false,false,false,false,true,false,8,1,1,0,10
0.0038,1,4,false,false,false,false,true,false,8,2,1,0,10
0.0061,1,4,false,false,false,false,true,false,8,4,1,0,10
0.0122,1,4,false,false,false,false,true,false,8,8,1,0,10
0.0015,1,4,false,false,false,false,true,true,1,1,1,0,10
0.0031,1,4,false,false,false,false,true,true,1,2,1,0,10
0.0060,1,4,false,false,false,false,true,true,1,4,1,0,10
0.0102,1,4,false,false,false,false,true,true,1,8,1,0,10
0.0015,1,4,false,false,false,false,true,true,2,1,1,0,10
0.0027,1,4,false,false,false,false,true,true,2,2,1,0,10
0.0062,1,4,false,false,false,false,true,true,2,4,1,0,10
0.0116,1,4,false,false,false,false,true,true,2,8,1,0,10
0.0015,1,4,false,false,false,false,true,true,4,1,1,0,10
0.0027,1,4,false,false,false,false,true,true,4,2,1,0,10
0.0062,1,4,false,false,false,false,true,true,4,4,1,0,10
0.0121,1,4,false,false,false,false,true,true,4,8,1,0,10
0.0015,1,4,false,false,false,false,true,true,8,1,1,0,10
0.0028,1,4,false,false,false,false,true,true,8,2,1,0,10
0.0062,1,4,false,false,false,false,true,true,8,4,1,0,10
0.0121,1,4,false,false,false,false,true,true,8,8,1,0,10
0.0015,1,8,false,false,false,false,true,false,1,1,1,0,10
0.0035,1,8,false,false,false,false,true,false,1,2,1,0,10
0.0061,1,8,false,false,false,false,true,false,1,4,1,0,10
0.0116,1,8,false,false,false,false,true,false,1,8,1,0,10
0.0015,1,8,false,false,false,false,true,false,2,1,1,0,10
,1,8,false,false,false,false,true,false,2,2,1,0,10
0.0063,1,8,false,false,false,false,true,false,2,4,1,0,10
0.0121,1,8,false,false,false,false,true,false,2,8,1,0,10
0.0015,1,8,false,false,false,false,true,false,4,1,1,0,10
0.0038,1,8,false,false,false,false,true,false,4,2,1,0,10
0.0062,1,8,false,false,false,false,true,false,4,4,1,0,10
0.0118,1,8,false,false,false,false,true,false,4,8,1,0,10
0.0015,1,8,false,false,false,false,true,false,8,1,1,0,10
0.0032,1,8,false,false,false,false,true,false,8,2,1,0,10
0.0063,1,8,false,false,false,false,true,false,8,4,1,0,10
0.0122,1,8,false,false,false,false,true,false,8,8,1,0,10
0.0015,1,8,false,false,false,false,true,true,1,1,1,0,10
0.0031,1,8,false,false,false,false,true,true,1,2,1,0,10
0.0061,1,8,false,false,false,false,true,true,1,4,1,0,10
0.0117,1,8,false,false,false,false,true,true,1,8,1,0,10
0.0015,1,8,false,false,false,false,true,true,2,1,1,0,10
0.0027,1,8,false,false,false,false,true,true,2,2,1,0,10
0.0061,1,8,false,false,false,false,true,true,2,4,1,0,10
0.0121,1,8,false,false,false,false,true,true,2,8,1,0,10
0.0015,1,8,false,false,false,false,true,true,4,1,1,0,10
0.0028,1,8,false,false,false,false,true,true,4,2,1,0,10
0.0061,1,8,false,false,false,false,true,true,4,4,1,0,10
0.0120,1,8,false,false,false,false,true,true,4,8,1,0,10
0.0015,1,8,false,false,false,false,true,true,8,1,1,0,10
0.0030,1,8,false,false,false,false,true,true,8,2,1,0,10
0.0061,1,8,false,false,false,false,true,true,8,4,1,0,10
0.0121,1,8,false,false,false,false,true,true,8,8,1,0,10
0.0022,2,1,false,false,false,false,true,false,1,1,1,0,10
0.0028,2,1,false,false,false,false,true,false,1,2,1,0,10
0.0031,2,1,false,false,false,false,true,false,1,4,1,0,10
0.0031,2,1,false,false,false,false,true,false,1,8,1,0,10
0.0029,2,1,false,false,false,false,true,false,2,1,1,0,10
0.0036,2,1,false,false,false,false,true,false,2,2,1,0,10
0.0060,2,1,false,false,false,false,true,false,2,4,1,0,10
0.0063,2,1,false,false,false,false,true,false,2,8,1,0,10
0.0025,2,1,false,false,false,false,true,false,4,1,1,0,10
0.0058,2,1,false,false,false,false,true,false,4,2,1,0,10
0.0100,2,1,false,false,false,false,true,false,4,4,1,0,10
0.0117,2,1,false,false,false,false,true,false,4,8,1,0,10
0.0029,2,1,false,false,false,false,true,false,8,1,1,0,10
0.0060,2,1,false,false,false,false,true,false,8,2,1,0,10
0.0092,2,1,false,false,false,false,true,false,8,4,1,0,10
0.0150,2,1,false,false,false,false,true,false,8,8,1,0,10
0.0022,2,1,false,false,false,false,true,true,1,1,1,0,10
0.0024,2,1,false,false,false,false,true,true,1,2,1,0,10
0.0031,2,1,false,false,false,false,true,true,1,4,1,0,10
0.0031,2,1,false,false,false,false,true,true,1,8,1,0,10
0.0029,2,1,false,false,false,false,true,true,2,1,1,0,10
0.0048,2,1,false,false,false,false,true,true,2,2,1,0,10
0.0062,2,1,false,false,false,false,true,true,2,4,1,0,10
0.0063,2,1,false,false,false,false,true,true,2,8,1,0,10
0.0030,2,1,false,false,false,false,true,true,4,1,1,0,10
0.0060,2,1,false,false,false,false,true,true,4,2,1,0,10
0.0103,2,1,false,false,false,false,true,true,4,4,1,0,10
0.0121,2,1,false,false,false,false,true,true,4,8,1,0,10
0.0029,2,1,false,false,false,false,true,true,8,1,1,0,10
0.0059,2,1,false,false,false,false,true,true,8,2,1,0,10
0.0093,2,1,false,false,false,false,true,true,8,4,1,0,10
0.0150,2,1,false,false,false,false,true,true,8,8,1,0,10
0.0029,2,2,false,false,false,false,true,false,1,1,1,0,10
0.0050,2,2,false,false,false,false,true,false,1,2,1,0,10
0.0058,2,2,false,false,false,false,true,false,1,4,1,0,10
0.0062,2,2,false,false,false,false,true,false,1,8,1,0,10
0.0029,2,2,false,false,false,false,true,false,2,1,1,0,10
0.0059,2,2,false,false,false,false,true,false,2,2,1,0,10
0.0100,2,2,false,false,false,false,true,false,2,4,1,0,10
0.0119,2,2,false,false,false,false,true,false,2,8,1,0,10
0.0029,2,2,false,false,false,false,true,false,4,1,1,0,10
0.0060,2,2,false,false,false,false,true,false,4,2,1,0,10
0.0092,2,2,false,false,false,false,true,false,4,4,1,0,10
0.0150,2,2,false,false,false,false,true,false,4,8,1,0,10
0.0028,2,2,false,false,false,false,true,false,8,1,1,0,10
0.0047,2,2,false,false,false,false,true,false,8,2,1,0,10
0.0077,2,2,false,false,false,false,true,false,8,4,1,0,10
0.0156,2,2,false,false,false,false,true,false,8,8,1,0,10
0.0029,2,2,false,false,false,false,true,true,1,1,1,0,10
0.0044,2,2,false,false,false,false,true,true,1,2,1,0,10
0.0060,2,2,false,false,false,false,true,true,1,4,1,0,10
0.0062,2,2,false,false,false,false,true,true,1,8,1,0,10
0.0030,2,2,false,false,false,false,true,true,2,1,1,0,10
0.0061,2,2,false,false,false,false,true,true,2,2,1,0,10
0.0095,2,2,false,false,false,false,true,true,2,4,1,0,10
0.0118,2,2,false,false,false,false,true,true,2,8,1,0,10
0.0030,2,2,false,false,false,false,true,true,4,1,1,0,10
0.0060,2,2,false,false,false,false,true,true,4,2,1,0,10
0.0084,2,2,false,false,false,false,true,true,4,4,1,0,10
0.0142,2,2,false,false,false,false,true,true,4,8,1,0,10
0.0029,2,2,false,false,false,false,true,true,8,1,1,0,10
0.0051,2,2,false,false,false,false,true,true,8,2,1,0,10
0.0104,2,2,false,false,false,false,true,true,8,4,1,0,10
0.0147,2,2,false,false,false,false,true,true,8,8,1,0,10
0.0030,2,4,false,false,false,false,true,false,1,1,1,0,10
0.0057,2,4,false,false,false,false,true,false,1,2,1,0,10
0.0099,2,4,false,false,false,false,true,false,1,4,1,0,10
0.0117,2,4,false,false,false,false,true,false,1,8,1,0,10
0.0030,2,4,false,false,false,false,true,false,2,1,1,0,10
0.0059,2,4,false,false,false,false,true,false,2,2,1,0,10
0.0104,2,4,false,false,false,false,true,false,2,4,1,0,10
0.0156,2,4,false,false,false,false,true,false,2,8,1,0,10
0.0030,2,4,false,false,false,false,true,false,4,1,1,0,10
0.0061,2,4,false,false,false,false,true,false,4,2,1,0,10
0.0100,2,4,false,false,false,false,true,false,4,4,1,0,10
0.0150,2,4,false,false,false,false,true,false,4,8,1,0,10
0.0029,2,4,false,false,false,false,true,false,8,1,1,0,10
0.0057,2,4,false,false,false,false,true,false,8,2,1,0,10
0.0107,2,4,false,false,false,false,true,false,8,4,1,0,10
0.0156,2,4,false,false,false,false,true,false,8,8,1,0,10
0.0030,2,4,false,false,false,false,true,true,1,1,1,0,10
0.0059,2,4,false,false,false,false,true,true,1,2,1,0,10
0.0106,2,4,false,false,false,false,true,true,1,4,1,0,10
0.0116,2,4,false,false,false,false,true,true,1,8,1,0,10
0.0030,2,4,false,false,false,false,true,true,2,1,1,0,10
0.0052,2,4,false,false,false,false,true,true,2,2,1,0,10
0.0097,2,4,false,false,false,false,true,true,2,4,1,0,10
0.0144,2,4,false,false,false,false,true,true,2,8,1,0,10
0.0030,2,4,false,false,false,false,true,true,4,1,1,0,10
0.0061,2,4,false,false,false,false,true,true,4,2,1,0,10
0.0100,2,4,false,false,false,false,true,true,4,4,1,0,10
0.0145,2,4,false,false,false,false,true,true,4,8,1,0,10
0.0029,2,4,false,false,false,false,true,true,8,1,1,0,10
0.0061,2,4,false,false,false,false,true,true,8,2,1,0,10
0.0100,2,4,false,false,false,false,true,true,8,4,1,0,10
0.0163,2,4,false,false,false,false,true,true,8,8,1,0,10
0.0028,2,8,false,false,false,false,true,false,1,1,1,0,10
0.0048,2,8,false,false,false,false,true,false,1,2,1,0,10
0.0099,2,8,false,false,false,false,true,false,1,4,1,0,10
0.0145,2,8,false,false,false,false,true,false,1,8,1,0,10
0.0027,2,8,false,false,false,false,true,false,2,1,1,0,10
0.0059,2,8,false,false,false,false,true,false,2,2,1,0,10
0.0096,2,8,false,false,false,false,true,false,2,4,1,0,10
0.0163,2,8,false,false,false,false,true,false,2,8,1,0,10
0.0030,2,8,false,false,false,false,true,false,4,1,1,0,10
0.0047,2,8,false,false,false,false,true,false,4,2,1,0,10
0.0101,2,8,false,false,false,false,true,false,4,4,1,0,10
0.0160,2,8,false,false,false,false,true,false,4,8,1,0,10
0.0030,2,8,false,false,false,false,true,false,8,1,1,0,10
0.0060,2,8,false,false,false,false,true,false,8,2,1,0,10
0.0093,2,8,false,false,false,false,true,false,8,4,1,0,10
0.0154,2,8,false,false,false,false,true,false,8,8,1,0,10
0.0030,2,8,false,false,false,false,true,true,1,1,1,0,10
0.0060,2,8,false,false,false,false,true,true,1,2,1,0,10
0.0103,2,8,false,false,false,false,true,true,1,4,1,0,10
0.0137,2,8,false,false,false,false,true,true,1,8,1,0,10
0.0030,2,8,false,false,false,false,true,true,2,1,1,0,10
0.0060,2,8,false,false,false,false,true,true,2,2,1,0,10
0.0092,2,8,false,false,false,false,true,true,2,4,1,0,10
0.0137,2,8,false,false,false,false,true,true,2,8,1,0,10
0.0030,2,8,false,false,false,false,true,true,4,1,1,0,10
0.0061,2,8,false,false,false,false,true,true,4,2,1,0,10
0.0082,2,8,false,false,false,false,true,true,4,4,1,0,10
0.0151,2,8,false,false,false,false,true,true,4,8,1,0,10
0.0030,2,8,false,false,false,false,true,true,8,1,1,0,10
0.0060,2,8,false,false,false,false,true,true,8,2,1,0,10
0.0106,2,8,false,false,false,false,true,true,8,4,1,0,10
0.0157,2,8,false,false,false,false,true,true,8,8,1,0,10
0.0030,4,1,false,false,false,false,true,false,1,1,1,0,10
0.0031,4,1,false,false,false,false,true,false,1,2,1,0,10
0.0031,4,1,false,false,false,false,true,false,1,4,1,0,10
0.0031,4,1,false,false,false,false,true,false,1,8,1,0,10
0.0048,4,1,false,false,false,false,true,false,2,1,1,0,10
0.0057,4,1,false,false,false,false,true,false,2,2,1,0,10
0.0063,4,1,false,false,false,false,true,false,2,4,1,0,10
0.0063,4,1,false,false,false,false,true,false,2,8,1,0,10
0.0057,4,1,false,false,false,false,true,false,4,1,1,0,10
0.0099,4,1,false,false,false,false,true,false,4,2,1,0,10
0.0109,4,1,false,false,false,false,true,false,4,4,1,0,10
0.0122,4,1,false,false,false,false,true,false,4,8,1,0,10
0.0058,4,1,false,false,false,false,true,false,8,1,1,0,10
0.0111,4,1,false,false,false,false,true,false,8,2,1,0,10
0.0143,4,1,false,false,false,false,true,false,8,4,1,0,10
0.0173,4,1,false,false,false,false,true,false,8,8,1,0,10
0.0030,4,1,false,false,false,false,true,true,1,1,1,0,10
0.0031,4,1,false,false,false,false,true,true,1,2,1,0,10
0.0031,4,1,false,false,false,false,true,true,1,4,1,0,10
0.0031,4,1,false,false,false,false,true,true,1,8,1,0,10
0.0049,4,1,false,false,false,false,true,true,2,1,1,0,10
0.0061,4,1,false,false,false,false,true,true,2,2,1,0,10
0.0063,4,1,false,false,false,false,true,true,2,4,1,0,10
0.0063,4,1,false,false,false,false,true,true,2,8,1,0,10
0.0058,4,1,false,false,false,false,true,true,4,1,1,0,10
0.0090,4,1,false,false,false,false,true,true,4,2,1,0,10
0.0112,4,1,false,false,false,false,true,true,4,4,1,0,10
0.0123,4,1,false,false,false,false,true,true,4,8,1,0,10
0.0060,4,1,false,false,false,false,true,true,8,1,1,0,10
0.0099,4,1,false,false,false,false,true,true,8,2,1,0,10
0.0136,4,1,false,false,false,false,true,true,8,4,1,0,10
0.0164,4,1,false,false,false,false,true,true,8,8,1,0,10
0.0049,4,2,false,false,false,false,true,false,1,1,1,0,10
0.0062,4,2,false,false,false,false,true,false,1,2,1,0,10
0.0062,4,2,false,false,false,false,true,false,1,4,1,0,10
0.0062,4,2,false,false,false,false,true,false,1,8,1,0,10
0.0057,4,2,false,false,false,false,true,false,2,1,1,0,10
0.0083,4,2,false,false,false,false,true,false,2,2,1,0,10
0.0113,4,2,false,false,false,false,true,false,2,4,1,0,10
0.0118,4,2,false,false,false,false,true,false,2,8,1,0,10
0.0057,4,2,false,false,false,false,true,false,4,1,1,0,10
0.0091,4,2,false,false,false,false,true,false,4,2,1,0,10
0.0133,4,2,false,false,false,false,true,false,4,4,1,0,10
0.0168,4,2,false,false,false,false,true,false,4,8,1,0,10
0.0058,4,2,false,false,false,false,true,false,8,1,1,0,10
0.0109,4,2,false,false,false,false,true,false,8,2,1,0,10
0.0148,4,2,false,false,false,false,true,false,8,4,1,0,10
0.0176,4,2,false,false,false,false,true,false,8,8,1,0,10
0.0049,4,2,false,false,false,false,true,true,1,1,1,0,10
0.0060,4,2,false,false,false,false,true,true,1,2,1,0,10
0.0062,4,2,false,false,false,false,true,true,1,4,1,0,10
0.0062,4,2,false,false,false,false,true,true,1,8,1,0,10
0.0058,4,2,false,false,false,false,true,true,2,1,1,0,10
0.0086,4,2,false,false,false,false,true,true,2,2,1,0,10
0.0111,4,2,false,false,false,false,true,true,2,4,1,0,10
0.0118,4,2,false,false,false,false,true,true,2,8,1,0,10
0.0059,4,2,false,false,false,false,true,true,4,1,1,0,10
0.0086,4,2,false,false,false,false,true,true,4,2,1,0,10
0.0140,4,2,false,false,false,false,true,true,4,4,1,0,10
0.0162,4,2,false,false,false,false,true,true,4,8,1,0,10
0.0059,4,2,false,false,false,false,true,true,8,1,1,0,10
0.0097,4,2,false,false,false,false,true,true,8,2,1,0,10
0.0118,4,2,false,false,false,false,true,true,8,4,1,0,10
0.0155,4,2,false,false,false,false,true,true,8,8,1,0,10
0.0056,4,4,false,false,false,false,true,false,1,1,1,0,10
0.0090,4,4,false,false,false,false,true,false,1,2,1,0,10
0.0113,4,4,false,false,false,false,true,false,1,4,1,0,10
0.0123,4,4,false,false,false,false,true,false,1,8,1,0,10
0.0057,4,4,false,false,false,false,true,false,2,1,1,0,10
0.0091,4,4,false,false,false,false,true,false,2,2,1,0,10
0.0138,4,4,false,false,false,false,true,false,2,4,1,0,10
0.0167,4,4,false,false,false,false,true,false,2,8,1,0,10
0.0058,4,4,false,false,false,false,true,false,4,1,1,0,10
0.0107,4,4,false,false,false,false,true,false,4,2,1,0,10
0.0134,4,4,false,false,false,false,true,false,4,4,1,0,10
0.0177,4,4,false,false,false,false,true,false,4,8,1,0,10
0.0057,4,4,false,false,false,false,true,false,8,1,1,0,10
0.0117,4,4,false,false,false,false,true,false,8,2,1,0,10
0.0144,4,4,false,false,false,false,true,false,8,4,1,0,10
0.0179,4,4,false,false,false,false,true,false,8,8,1,0,10
0.0058,4,4,false,false,false,false,true,true,1,1,1,0,10
0.0096,4,4,false,false,false,false,true,true,1,2,1,0,10
0.0114,4,4,false,false,false,false,true,true,1,4,1,0,10
0.0122,4,4,false,false,false,false,true,true,1,8,1,0,10
0.0058,4,4,false,false,false,false,true,true,2,1,1,0,10
0.0093,4,4,false,false,false,false,true,true,2,2,1,0,10
0.0136,4,4,false,false,false,false,true,true,2,4,1,0,10
0.0151,4,4,false,false,false,false,true,true,2,8,1,0,10
0.0058,4,4,false,false,false,false,true,true,4,1,1,0,10
0.0103,4,4,false,false,false,false,true,true,4,2,1,0,10
0.0140,4,4,false,false,false,false,true,true,4,4,1,0,10
0.0174,4,4,false,false,false,false,true,true,4,8,1,0,10
0.0060,4,4,false,false,false,false,true,true,8,1,1,0,10
0.0111,4,4,false,false,false,false,true,true,8,2,1,0,10
0.0122,4,4,false,false,false,false,true,true,8,4,1,0,10
0.0159,4,4,false,false,false,false,true,true,8,8,1,0,10
0.0800,4,8,false,false,false,false,true,false,1,1,1,0,10
0.0106,4,8,false,false,false,false,true,false,1,2,1,0,10
0.0145,4,8,false,false,false,false,true,false,1,4,1,0,10
0.0169,4,8,false,false,false,false,true,false,1,8,1,0,10
0.0800,4,8,false,false,false,false,true,false,2,1,1,0,10
0.0106,4,8,false,false,false,false,true,false,2,2,1,0,10
0.0145,4,8,false,false,false,false,true,false,2,4,1,0,10
0.0169,4,8,false,false,false,false,true,false,2,8,1,0,10
0.0057,4,8,false,false,false,false,true,false,4,1,1,0,10
0.0108,4,8,false,false,false,false,true,false,4,2,1,0,10
0.0140,4,8,false,false,false,false,true,false,4,4,1,0,10
0.0171,4,8,false,false,false,false,true,false,4,8,1,0,10
0.0057,4,8,false,false,false,false,true,false,8,1,1,0,10
0.0107,4,8,false,false,false,false,true,false,8,2,1,0,10
0.0137,4,8,false,false,false,false,true,false,8,4,1,0,10
0.0182,4,8,false,false,false,false,true,false,8,8,1,0,10
0.0059,4,8,false,false,false,false,true,true,1,1,1,0,10
0.0096,4,8,false,false,false,false,true,true,1,2,1,0,10
0.0124,4,8,false,false,false,false,true,true,1,4,1,0,10
0.0148,4,8,false,false,false,false,true,true,1,8,1,0,10
0.0059,4,8,false,false,false,false,true,true,2,1,1,0,10
0.0110,4,8,false,false,false,false,true,true,2,2,1,0,10
0.0132,4,8,false,false,false,false,true,true,2,4,1,0,10
0.0161,4,8,false,false,false,false,true,true,2,8,1,0,10
0.0058,4,8,false,false,false,false,true,true,4,1,1,0,10
0.0100,4,8,false,false,false,false,true,true,4,2,1,0,10
0.0123,4,8,false,false,false,false,true,true,4,4,1,0,10
0.0168,4,8,false,false,false,false,true,true,4,8,1,0,10
0.0059,4,8,false,false,false,false,true,true,8,1,1,0,10
0.0108,4,8,false,false,false,false,true,true,8,2,1,0,10
0.0127,4,8,false,false,false,false,true,true,8,4,1,0,10
0.0169,4,8,false,false,false,false,true,true,8,8,1,0,10
0.0031,8,1,false,false,false,false,true,false,1,1,1,0,10
0.0031,8,1,false,false,false,false,true,false,1,2,1,0,10
0.0031,8,1,false,false,false,false,true,false,1,4,1,0,10
0.0031,8,1,false,false,false,false,true,false,1,8,1,0,10
0.0062,8,1,false,false,false,false,true,false,2,1,1,0,10
0.0063,8,1,false,false,false,false,true,false,2,2,1,0,10
0.0063,8,1,false,false,false,false,true,false,2,4,1,0,10
0.0063,8,1,false,false,false,false,true,false,2,8,1,0,10
0.0099,8,1,false,false,false,false,true,false,4,1,1,0,10
0.0101,8,1,false,false,false,false,true,false,4,2,1,0,10
0.0122,8,1,false,false,false,false,true,false,4,4,1,0,10
0.0122,8,1,false,false,false,false,true,false,4,8,1,0,10
0.0108,8,1,false,false,false,false,true,false,8,1,1,0,10
0.0130,8,1,false,false,false,false,true,false,8,2,1,0,10
0.0156,8,1,false,false,false,false,true,false,8,4,1,0,10
0.0177,8,1,false,false,false,false,true,false,8,8,1,0,10
0.0031,8,1,false,false,false,false,true,true,1,1,1,0,10
0.0031,8,1,false,false,false,false,true,true,1,2,1,0,10
0.0031,8,1,false,false,false,false,true,true,1,4,1,0,10
0.0031,8,1,false,false,false,false,true,true,1,8,1,0,10
0.0061,8,1,false,false,false,false,true,true,2,1,1,0,10
0.0063,8,1,false,false,false,false,true,true,2,2,1,0,10
0.0063,8,1,false,false,false,false,true,true,2,4,1,0,10
0.0063,8,1,false,false,false,false,true,true,2,8,1,0,10
0.0098,8,1,false,false,false,false,true,true,4,1,1,0,10
0.0102,8,1,false,false,false,false,true,true,4,2,1,0,10
0.0121,8,1,false,false,false,false,true,true,4,4,1,0,10
0.0122,8,1,false,false,false,false,true,true,4,8,1,0,10
0.0112,8,1,false,false,false,false,true,true,8,1,1,0,10
0.0114,8,1,false,false,false,false,true,true,8,2,1,0,10
0.0133,8,1,false,false,false,false,true,true,8,4,1,0,10
0.0174,8,1,false,false,false,false,true,true,8,8,1,0,10
0.0061,8,2,false,false,false,false,true,false,1,1,1,0,10
0.0062,8,2,false,false,false,false,true,false,1,2,1,0,10
0.0062,8,2,false,false,false,false,true,false,1,4,1,0,10
0.0061,8,2,false,false,false,false,true,false,1,8,1,0,10
0.0099,8,2,false,false,false,false,true,false,2,1,1,0,10
0.0116,8,2,false,false,false,false,true,false,2,2,1,0,10
0.0117,8,2,false,false,false,false,true,false,2,4,1,0,10
0.0118,8,2,false,false,false,false,true,false,2,8,1,0,10
0.0109,8,2,false,false,false,false,true,false,4,1,1,0,10
0.0128,8,2,false,false,false,false,true,false,4,2,1,0,10
0.0152,8,2,false,false,false,false,true,false,4,4,1,0,10
0.0178,8,2,false,false,false,false,true,false,4,8,1,0,10
0.0111,8,2,false,false,false,false,true,false,8,1,1,0,10
0.0127,8,2,false,false,false,false,true,false,8,2,1,0,10
0.0156,8,2,false,false,false,false,true,false,8,4,1,0,10
0.0177,8,2,false,false,false,false,true,false,8,8,1,0,10
0.0060,8,2,false,false,false,false,true,true,1,1,1,0,10
0.0061,8,2,false,false,false,false,true,true,1,2,1,0,10
0.0061,8,2,false,false,false,false,true,true,1,4,1,0,10
0.0062,8,2,false,false,false,false,true,true,1,8,1,0,10
0.0101,8,2,false,false,false,false,true,true,2,1,1,0,10
0.0103,8,2,false,false,false,false,true,true,2,2,1,0,10
0.0122,8,2,false,false,false,false,true,true,2,4,1,0,10
0.0117,8,2,false,false,false,false,true,true,2,8,1,0,10
0.0111,8,2,false,false,false,false,true,true,4,1,1,0,10
0.0115,8,2,false,false,false,false,true,true,4,2,1,0,10
0.0109,8,2,false,false,false,false,true,true,4,4,1,0,10
0.0173,8,2,false,false,false,false,true,true,4,8,1,0,10
0.0110,8,2,false,false,false,false,true,true,8,1,1,0,10
0.0112,8,2,false,false,false,false,true,true,8,2,1,0,10
0.0137,8,2,false,false,false,false,true,true,8,4,1,0,10
0.0176,8,2,false,false,false,false,true,true,8,8,1,0,10
0.0098,8,4,false,false,false,false,true,false,1,1,1,0,10
0.0113,8,4,false,false,false,false,true,false,1,2,1,0,10
0.0121,8,4,false,false,false,false,true,false,1,4,1,0,10
0.0122,8,4,false,false,false,false,true,false,1,8,1,0,10
0.0109,8,4,false,false,false,false,true,false,2,1,1,0,10
0.0125,8,4,false,false,false,false,true,false,2,2,1,0,10
0.0141,8,4,false,false,false,false,true,false,2,4,1,0,10
0.0176,8,4,false,false,false,false,true,false,2,8,1,0,10
0.0109,8,4,false,false,false,false,true,false,4,1,1,0,10
0.0133,8,4,false,false,false,false,true,false,4,2,1,0,10
0.0162,8,4,false,false,false,false,true,false,4,4,1,0,10
0.0180,8,4,false,false,false,false,true,false,4,8,1,0,10
0.0109,8,4,false,false,false,false,true,false,8,1,1,0,10
0.0142,8,4,false,false,false,false,true,false,8,2,1,0,10
0.0168,8,4,false,false,false,false,true,false,8,4,1,0,10
0.0189,8,4,false,false,false,false,true,false,8,8,1,0,10
0.0098,8,4,false,false,false,false,true,true,1,1,1,0,10
0.0104,8,4,false,false,false,false,true,true,1,2,1,0,10
0.0121,8,4,false,false,false,false,true,true,1,4,1,0,10
0.0122,8,4,false,false,false,false,true,true,1,8,1,0,10
0.0113,8,4,false,false,false,false,true,true,2,1,1,0,10
0.0119,8,4,false,false,false,false,true,true,2,2,1,0,10
0.0144,8,4,false,false,false,false,true,true,2,4,1,0,10
0.0171,8,4,false,false,false,false,true,true,2,8,1,0,10
0.0116,8,4,false,false,false,false,true,true,4,1,1,0,10
0.0115,8,4,false,false,false,false,true,true,4,2,1,0,10
0.0139,8,4,false,false,false,false,true,true,4,4,1,0,10
0.0186,8,4,false,false,false,false,true,true,4,8,1,0,10
0.0113,8,4,false,false,false,false,true,true,8,1,1,0,10
0.0084,8,4,false,false,false,false,true,true,8,2,1,0,10
0.0138,8,4,false,false,false,false,true,true,8,4,1,0,10
0.0194,8,4,false,false,false,false,true,true,8,8,1,0,10
0.0107,8,8,false,false,false,false,true,false,1,1,1,0,10
0.0118,8,8,false,false,false,false,true,false,1,2,1,0,10
0.0139,8,8,false,false,false,false,true,false,1,4,1,0,10
0.0168,8,8,false,false,false,false,true,false,1,8,1,0,10
0.0106,8,8,false,false,false,false,true,false,2,1,1,0,10
0.0133,8,8,false,false,false,false,true,false,2,2,1,0,10
0.0165,8,8,false,false,false,false,true,false,2,4,1,0,10
0.0178,8,8,false,false,false,false,true,false,2,8,1,0,10
0.0111,8,8,false,false,false,false,true,false,4,1,1,0,10
0.0107,8,8,false,false,false,false,true,false,4,2,1,0,10
0.0154,8,8,false,false,false,false,true,false,4,4,1,0,10
0.0182,8,8,false,false,false,false,true,false,4,8,1,0,10
0.0108,8,8,false,false,false,false,true,false,8,1,1,0,10
0.0135,8,8,false,false,false,false,true,false,8,2,1,0,10
0.0165,8,8,false,false,false,false,true,false,8,4,1,0,10
0.0191,8,8,false,false,false,false,true,false,8,8,1,0,10
0.0108,8,8,false,false,false,false,true,true,1,1,1,0,10
0.0120,8,8,false,false,false,false,true,true,1,2,1,0,10
0.0125,8,8,false,false,false,false,true,true,1,4,1,0,10
0.0164,8,8,false,false,false,false,true,true,1,8,1,0,10
0.0110,8,8,false,false,false,false,true,true,2,1,1,0,10
0.0115,8,8,false,false,false,false,true,true,2,2,1,0,10
0.0124,8,8,false,false,false,false,true,true,2,4,1,0,10
0.0181,8,8,false,false,false,false,true,true,2,8,1,0,10
0.0115,8,8,false,false,false,false,true,true,4,1,1,0,10
0.0107,8,8,false,false,false,false,true,true,4,2,1,0,10
0.0134,8,8,false,false,false,false,true,true,4,4,1,0,10
0.0183,8,8,false,false,false,false,true,true,4,8,1,0,10
0.0114,8,8,false,false,false,false,true,true,8,1,1,0,10
0.0112,8,8,false,false,false,false,true,true,8,2,1,0,10
0.0149,8,8,false,false,false,false,true,true,8,4,1,0,10
0.0187,8,8,false,false,false,false,true,true,8,8,1,0,10
