# Preference setting overrides
gui_create_pref_key -category {Globals} -key {load_detail_for_funcov} -value_type {bool} -value {false}

# State setting overrides
gui_state_default_create -off -ini
gui_set_state_value -category Globals -key open_wave_inside -value true
gui_set_state_value -category Globals -key recent_sessions -value {{gui_load_session -file /home/maysam/magilla/magilla/board_ml605/sessions/syn_sim/engine_scheduler.tcl -ignore_errors} {gui_load_session -file /home/maysam/magilla/magilla/board_ml605/sessions/syn_sim/engine_scheduler.tcl} {gui_load_session -file /home/maysam/magilla/magilla/board_ml605/syn_sim/mem_helper.tcl} {gui_load_session -file /home/maysam/magilla/magilla/board_ml605/sessions/engines/engine_c_0_e_1.tcl -ignore_errors}}
gui_set_state_value -category Layout -key child_console_docknewline -value false
gui_set_state_value -category Layout -key child_console_dockstate -value undocked
gui_set_state_value -category Layout -key child_console_pos_x -value {-2}
gui_set_state_value -category Layout -key child_console_pos_y -value {-15}
gui_set_state_value -category Layout -key child_console_showstate -value maximized
gui_set_state_value -category Layout -key child_console_size_x -value 936
gui_set_state_value -category Layout -key child_console_size_y -value 731
gui_set_state_value -category Layout -key child_data_coltype -value 267
gui_set_state_value -category Layout -key child_data_colvalue -value 260
gui_set_state_value -category Layout -key child_data_colvariable -value 401
gui_set_state_value -category Layout -key child_data_docknewline -value false
gui_set_state_value -category Layout -key child_data_dockstate -value undocked
gui_set_state_value -category Layout -key child_data_pos_x -value {-2}
gui_set_state_value -category Layout -key child_data_pos_y -value {-15}
gui_set_state_value -category Layout -key child_data_showstate -value maximized
gui_set_state_value -category Layout -key child_data_size_x -value 936
gui_set_state_value -category Layout -key child_data_size_y -value 731
gui_set_state_value -category Layout -key child_hier_colhier -value 277
gui_set_state_value -category Layout -key child_hier_size_x -value 318
gui_set_state_value -category Layout -key child_hier_size_y -value 736
gui_set_state_value -category Layout -key child_list_down -value 155
gui_set_state_value -category Layout -key child_list_right -value 443
gui_set_state_value -category Layout -key child_schematic_docknewline -value false
gui_set_state_value -category Layout -key child_schematic_pos_x -value {-2}
gui_set_state_value -category Layout -key child_schematic_pos_y -value {-15}
gui_set_state_value -category Layout -key child_schematic_size_x -value 937
gui_set_state_value -category Layout -key child_schematic_size_y -value 728
gui_set_state_value -category Layout -key child_source_docknewline -value false
gui_set_state_value -category Layout -key child_source_pos_x -value {-2}
gui_set_state_value -category Layout -key child_source_pos_y -value {-15}
gui_set_state_value -category Layout -key child_source_size_x -value 936
gui_set_state_value -category Layout -key child_source_size_y -value 731
gui_set_state_value -category Layout -key child_wave_colname -value 275
gui_set_state_value -category Layout -key child_wave_colvalue -value 137
gui_set_state_value -category Layout -key child_wave_docknewline -value false
gui_set_state_value -category Layout -key child_wave_left -value 417
gui_set_state_value -category Layout -key child_wave_pos_x -value {-2}
gui_set_state_value -category Layout -key child_wave_pos_y -value {-15}
gui_set_state_value -category Layout -key child_wave_right -value 509
gui_set_state_value -category Layout -key child_wave_size_x -value 936
gui_set_state_value -category Layout -key child_wave_size_y -value 731
gui_set_state_value -category Layout -key main_pos_x -value {-12}
gui_set_state_value -category Layout -key main_pos_y -value 54
gui_set_state_value -category Layout -key main_size_x -value 1238
gui_set_state_value -category Layout -key main_size_y -value 885
gui_set_state_value -category Layout -key stand_list_child_docknewline -value false
gui_set_state_value -category Layout -key stand_list_child_pos_x -value {-2}
gui_set_state_value -category Layout -key stand_list_child_pos_y -value {-15}
gui_set_state_value -category Layout -key stand_list_child_size_x -value 603
gui_set_state_value -category Layout -key stand_list_child_size_y -value 300
gui_set_state_value -category Layout -key stand_list_top_pos_x -value 520
gui_set_state_value -category Layout -key stand_list_top_pos_y -value 64
gui_set_state_value -category Layout -key stand_list_top_size_x -value 1118
gui_set_state_value -category Layout -key stand_list_top_size_y -value 562
gui_set_state_value -category Layout -key stand_source_child_docknewline -value false
gui_set_state_value -category Layout -key stand_source_child_pos_x -value {-2}
gui_set_state_value -category Layout -key stand_source_child_pos_y -value {-15}
gui_set_state_value -category Layout -key stand_source_child_size_x -value 175
gui_set_state_value -category Layout -key stand_source_child_size_y -value 378
gui_set_state_value -category Layout -key stand_wave_child_docknewline -value false
gui_set_state_value -category Layout -key stand_wave_child_pos_x -value {-2}
gui_set_state_value -category Layout -key stand_wave_child_pos_y -value {-17}
gui_set_state_value -category Layout -key stand_wave_child_size_x -value 1209
gui_set_state_value -category Layout -key stand_wave_child_size_y -value 537
gui_set_state_value -category Layout -key stand_wave_top_pos_x -value 87
gui_set_state_value -category Layout -key stand_wave_top_pos_y -value 153
gui_set_state_value -category Layout -key stand_wave_top_size_x -value 1291
gui_set_state_value -category Layout -key stand_wave_top_size_y -value 836
gui_create_state_key -category FindDialog -key m_pMatchCase -value_type bool -value false
gui_create_state_key -category FindDialog -key m_pMatchWord -value_type bool -value false
gui_create_state_key -category FindDialog -key m_pUseCombo -value_type string -value {}
gui_create_state_key -category FindDialog -key m_pWrapAround -value_type bool -value true
gui_create_state_key -category Widget_History -key TopLevel.1|EkTopVbox|wndWorkspace|qt_workspacechild2|DLPane.1|pages|Data.1|hbox|textfilter -value_type string -value *Mux*
gui_create_state_key -category Widget_History -key TopLevel.1|EkTopVbox|wndWorkspace|qt_workspacechild4|Wave.1|left|filterVBox|controlHBox|unnamed -value_type string -value {*(valid|State)* State *State*}
gui_state_default_create -off

# Begin command logging
gui_sim_run Ucli -exe ./simv -args {-ucligui    } -dir .
gui_list_expand -id  Hier.1   test
gui_list_expand -id  Hier.1   test.Top
gui_list_expand -id  Hier.1   test.Top.generatedTop
gui_list_expand -id  Hier.1   test.Top.generatedTop.source
gui_list_expand -id  Hier.1   test.Top.generatedTop.source.sink
gui_list_expand -id  Hier.1   test.Top.generatedTop.source.sink.mainComp
gui_list_expand -id  Hier.1   test.Top.generatedTop.source.sink.mainComp.gOffloadedComponent
gui_list_select -id Hier.1 {  test   test.Top.generatedTop.source.sink.mainComp.gOffloadedComponent.mainComp   }
gui_open_window Group TopLevel.1
gui_sg_create mainComp
gui_sg_addsignal -group mainComp test.Top.generatedTop.source.sink.mainComp.gOffloadedComponent.mainComp
gui_sg_addsignal -group mainComp {}
gui_open_window Wave
gui_list_add -id Wave.1 -from Hier.1 { test.Top.generatedTop.source.sink.mainComp.gOffloadedComponent.mainComp } -insertionbar
gui_sim_continue  
gui_sim_stop 
gui_list_set_filter -id Wave.1 -text {*state*}
gui_marker_move -id  Wave.1 C1 75843353
gui_zoom -window Wave.1 -factor 0.5
gui_zoom -window Wave.1 -factor 0.5
gui_zoom -window Wave.1 -factor 0.5
gui_zoom -window Wave.1 -factor 0.5
gui_zoom -window Wave.1 -factor 0.5
gui_zoom -window Wave.1 -factor 0.5
gui_zoom -window Wave.1 -factor 0.5
gui_zoom -window Wave.1 -factor 0.5
gui_zoom -window Wave.1 -factor 0.5
gui_zoom -window Wave.1 -factor 0.5
gui_zoom -window Wave.1 -factor 0.5
gui_zoom -window Wave.1 -factor 0.5
gui_zoom -window Wave.1 -factor 0.5
gui_zoom -window Wave.1 -factor 0.5
gui_zoom -window Wave.1 -factor 0.5
gui_zoom -window Wave.1 -factor 0.5
gui_zoom -window Wave.1 -factor 0.5
gui_zoom -window Wave.1 -factor 0.5
gui_zoom -window Wave.1 -factor 0.5
gui_zoom -window Wave.1 -factor 0.5
gui_zoom -window Wave.1 -factor 0.5
gui_zoom -window Wave.1 -factor 0.5
gui_zoom -window Wave.1 -factor 0.5
gui_marker_move -id  Wave.1 C1 35100
gui_zoom -window Wave.1 -factor 2
gui_zoom -window Wave.1 -factor 2
gui_zoom -window Wave.1 -factor 2
gui_zoom -window Wave.1 -factor 2
gui_zoom -window Wave.1 -factor 2
gui_zoom -window Wave.1 -factor 2
gui_zoom -window Wave.1 -factor 2
gui_zoom -window Wave.1 -factor 2
gui_zoom -window Wave.1 -factor 2
gui_zoom -window Wave.1 -factor 2
gui_zoom -window Wave.1 -factor 2
gui_zoom -window Wave.1 -factor 2
gui_zoom -window Wave.1 -factor 2
gui_zoom -window Wave.1 -factor 2
gui_zoom -window Wave.1 -factor 2
gui_zoom -window Wave.1 -factor 2
gui_zoom -window Wave.1 -factor 2
gui_zoom -window Wave.1 -factor 2
gui_zoom -window Wave.1 -factor 2
gui_zoom -window Wave.1 -factor 2
gui_zoom -window Wave.1 -factor 2
gui_zoom -window Wave.1 -factor 2
gui_zoom -window Wave.1 -factor 2
gui_zoom -window Wave.1 -factor 2
gui_zoom -window Wave.1 -factor 2
gui_zoom -window Wave.1 -factor 2
gui_zoom -window Wave.1 -factor 2
gui_zoom -window Wave.1 -factor 2
gui_zoom -window Wave.1 -factor 2
gui_zoom -window Wave.1 -factor 2
gui_zoom -window Wave.1 -factor 2
gui_zoom -window Wave.1 -factor 2
gui_zoom -window Wave.1 -factor 2
gui_zoom -window Wave.1 -factor 2
gui_list_expand -id  Hier.1   test.Top.generatedTop.sink
gui_list_expand -id  Hier.1   test.Top.generatedTop.sink.mainComp
gui_list_expand -id  Hier.1   test.Top.generatedTop.sink.mainComp.mainComp
gui_list_select -id Hier.1 {  test.Top.generatedTop.source.sink.mainComp.gOffloadedComponent.mainComp   test.Top.generatedTop.sink.mainComp.mainComp.updateWriter   }
gui_open_window Wave
gui_list_add -id Wave.2 -from Hier.1 { test.Top.generatedTop.sink.mainComp.mainComp.updateWriter } -insertionbar
gui_sim_restart
gui_sim_continue  
gui_sim_stop 
gui_list_select -id Wave.2 {  {test.Top.generatedTop.sink.mainComp.mainComp.updateWriter.State[7:0]}   }
gui_marker_move -id  Wave.2 C1 60313093
gui_seek_previous -id Wave.2 -number 1 
gui_seek_previous -id Wave.2 -number 1 
gui_seek_previous -id Wave.2 -number 1 
gui_seek_previous -id Wave.2 -number 1 
gui_zoom -window Wave.2 -factor 0.5
gui_zoom -window Wave.2 -factor 0.5
gui_zoom -window Wave.2 -factor 0.5
gui_zoom -window Wave.2 -factor 0.5
gui_zoom -window Wave.2 -factor 0.5
gui_zoom -window Wave.2 -factor 0.5
gui_zoom -window Wave.2 -factor 0.5
gui_zoom -window Wave.2 -factor 0.5
gui_zoom -window Wave.2 -factor 0.5
gui_zoom -window Wave.2 -factor 0.5
gui_zoom -window Wave.2 -factor 0.5
gui_zoom -window Wave.2 -factor 0.5
gui_zoom -window Wave.2 -factor 2
gui_zoom -window Wave.2 -factor 2
gui_zoom -window Wave.2 -factor 2
gui_zoom -window Wave.2 -factor 2
gui_zoom -window Wave.2 -factor 2
gui_zoom -window Wave.2 -factor 2
gui_list_set_filter -id Wave.2 -text {*off_mem*}
gui_list_select -id Wave.2 {  {test.Top.generatedTop.sink.mainComp.mainComp.updateWriter.State[7:0]}   test.Top.generatedTop.sink.mainComp.mainComp.updateWriter.io_off_mem_rep_ready   }
gui_list_select -id Wave.2 {  test.Top.generatedTop.sink.mainComp.mainComp.updateWriter.io_off_mem_rep_ready   {test.Top.generatedTop.sink.mainComp.mainComp.updateWriter.io_off_mem_req_bits_data[127:0]}   }
gui_list_select -id Wave.2 {  {test.Top.generatedTop.sink.mainComp.mainComp.updateWriter.io_off_mem_req_bits_data[127:0]}   test.Top.generatedTop.sink.mainComp.mainComp.updateWriter.io_off_mem_rep_valid   }
gui_list_select -id Wave.2 {  test.Top.generatedTop.sink.mainComp.mainComp.updateWriter.io_off_mem_rep_valid   test.Top.generatedTop.sink.mainComp.mainComp.updateWriter.io_off_mem_req_bits_cached   }
gui_zoom -window Wave.2 -factor 2
gui_marker_move -id  Wave.2 C1 2900
gui_list_select -id Wave.2 {  test.Top.generatedTop.sink.mainComp.mainComp.updateWriter.io_off_mem_req_bits_cached   test.Top.generatedTop.sink.mainComp.mainComp.updateWriter.io_off_mem_req_valid   }
gui_seek_previous -id Wave.2 -number 1 
gui_seek_next -id Wave.2 -number 1 
gui_zoom -window Wave.2 -factor 0.5
gui_zoom -window Wave.2 -factor 0.5
gui_zoom -window Wave.2 -factor 0.5
gui_zoom -window Wave.2 -factor 0.5
gui_zoom -window Wave.2 -factor 2
gui_zoom -window Wave.2 -factor 2
gui_zoom -window Wave.2 -factor 2
gui_zoom -window Wave.2 -factor 2
gui_zoom -window Wave.2 -factor 2
gui_zoom -window Wave.2 -factor 2
gui_zoom -window Wave.2 -factor 2
gui_zoom -window Wave.2 -factor 0.5
gui_zoom -window Wave.2 -factor 0.5
gui_zoom -window Wave.2 -factor 0.5
gui_zoom -window Wave.2 -factor 0.5
gui_zoom -window Wave.2 -factor 0.5
gui_zoom -window Wave.2 -factor 0.5
gui_zoom -window Wave.2 -factor 0.5
gui_marker_move -id  Wave.2 C1 13900
gui_zoom -window Wave.2 -factor 2
gui_zoom -window Wave.2 -factor 2
gui_zoom -window Wave.2 -factor 2
gui_zoom -window Wave.2 -factor 2
gui_list_set_filter -id Wave.2 -text {*io_off_mem*}
gui_list_select -id Wave.2 {  test.Top.generatedTop.sink.mainComp.mainComp.updateWriter.io_off_mem_req_valid   {test.Top.generatedTop.sink.mainComp.mainComp.updateWriter.io_off_mem_rep_bits_data[127:0]}   }
gui_sim_restart
gui_sim_continue  
gui_sim_stop 
gui_zoom -window Wave.2 -factor 0.5
gui_zoom -window Wave.2 -factor 0.5
gui_zoom -window Wave.2 -factor 0.5
gui_zoom -window Wave.2 -factor 0.5
gui_zoom -window Wave.2 -factor 0.5
gui_list_set_filter -id Wave.2 -text {*state*}
gui_list_select -id Wave.2 {  {test.Top.generatedTop.sink.mainComp.mainComp.updateWriter.io_off_mem_rep_bits_data[127:0]}   {test.Top.generatedTop.sink.mainComp.mainComp.updateWriter.State[7:0]}   }
gui_marker_move -id  Wave.2 C1 86863654
gui_seek_previous -id Wave.2 -number 1 
gui_seek_previous -id Wave.2 -number 1 
gui_seek_previous -id Wave.2 -number 1 
gui_seek_previous -id Wave.2 -number 1 
gui_seek_previous -id Wave.2 -number 1 
gui_seek_previous -id Wave.2 -number 1 
gui_seek_previous -id Wave.2 -number 1 
gui_seek_previous -id Wave.2 -number 1 
gui_seek_previous -id Wave.2 -number 1 
gui_seek_previous -id Wave.2 -number 1 
gui_seek_previous -id Wave.2 -number 1 
gui_seek_previous -id Wave.2 -number 1 
gui_seek_previous -id Wave.2 -number 1 
gui_seek_previous -id Wave.2 -number 1 
gui_seek_previous -id Wave.2 -number 1 
gui_seek_previous -id Wave.2 -number 1 
gui_seek_previous -id Wave.2 -number 1 
gui_seek_previous -id Wave.2 -number 1 
gui_seek_previous -id Wave.2 -number 1 
gui_seek_previous -id Wave.2 -number 1 
gui_seek_previous -id Wave.2 -number 1 
gui_seek_previous -id Wave.2 -number 1 
gui_seek_previous -id Wave.2 -number 1 
gui_seek_previous -id Wave.2 -number 1 
gui_seek_previous -id Wave.2 -number 1 
gui_seek_previous -id Wave.2 -number 1 
gui_seek_previous -id Wave.2 -number 1 
gui_seek_previous -id Wave.2 -number 1 
gui_seek_previous -id Wave.2 -number 1 
gui_seek_previous -id Wave.2 -number 1 
gui_seek_previous -id Wave.2 -number 1 
gui_seek_previous -id Wave.2 -number 1 
gui_seek_previous -id Wave.2 -number 1 
gui_seek_previous -id Wave.2 -number 1 
gui_seek_previous -id Wave.2 -number 1 
gui_seek_previous -id Wave.2 -number 1 
gui_seek_previous -id Wave.2 -number 1 
gui_seek_previous -id Wave.2 -number 1 
gui_seek_previous -id Wave.2 -number 1 
gui_seek_next -id Wave.2 -number 1 
gui_seek_next -id Wave.2 -number 1 
gui_seek_next -id Wave.2 -number 1 
gui_seek_next -id Wave.2 -number 1 
gui_seek_next -id Wave.2 -number 1 
gui_seek_next -id Wave.2 -number 1 
gui_seek_next -id Wave.2 -number 1 
gui_seek_next -id Wave.2 -number 1 
gui_seek_next -id Wave.2 -number 1 
gui_seek_next -id Wave.2 -number 1 
gui_seek_next -id Wave.2 -number 1 
gui_seek_next -id Wave.2 -number 1 
gui_seek_next -id Wave.2 -number 1 
gui_seek_next -id Wave.2 -number 1 
gui_seek_next -id Wave.2 -number 1 
gui_seek_next -id Wave.2 -number 1 
gui_seek_next -id Wave.2 -number 1 
gui_seek_next -id Wave.2 -number 1 
gui_seek_next -id Wave.2 -number 1 
gui_seek_next -id Wave.2 -number 1 
gui_seek_next -id Wave.2 -number 1 
gui_zoom -window Wave.2 -factor 2
gui_zoom -window Wave.2 -factor 2
gui_zoom -window Wave.2 -factor 2
gui_zoom -window Wave.2 -factor 2
gui_wv_scrollright -id  Wave.2  line
gui_wv_scrollright -id  Wave.2  line
gui_wv_scrollright -id  Wave.2  line
gui_wv_scrollright -id  Wave.2  line
gui_wv_scrollright -id  Wave.2  line
gui_wv_scrollright -id  Wave.2  line
gui_wv_scrollright -id  Wave.2  line
gui_wv_scrollright -id  Wave.2  line
gui_wv_scrollright -id  Wave.2  line
gui_wv_scrollright -id  Wave.2  line
gui_wv_scrollright -id  Wave.2  line
gui_zoom -window Wave.2 -factor 2
gui_zoom -window Wave.2 -factor 2
gui_seek_next -id Wave.2 -number 1 
gui_seek_next -id Wave.2 -number 1 
gui_seek_next -id Wave.2 -number 1 
gui_seek_next -id Wave.2 -number 1 
gui_seek_next -id Wave.2 -number 1 
gui_seek_next -id Wave.2 -number 1 
gui_seek_next -id Wave.2 -number 1 
gui_seek_next -id Wave.2 -number 1 
gui_seek_next -id Wave.2 -number 1 
gui_seek_next -id Wave.2 -number 1 
gui_seek_next -id Wave.2 -number 1 
gui_seek_next -id Wave.2 -number 1 
gui_seek_next -id Wave.2 -number 1 
gui_seek_next -id Wave.2 -number 1 
gui_seek_next -id Wave.2 -number 1 
gui_seek_next -id Wave.2 -number 1 
gui_seek_next -id Wave.2 -number 1 
gui_seek_next -id Wave.2 -number 1 
gui_seek_next -id Wave.2 -number 1 
gui_seek_previous -id Wave.2 -number 1 
gui_seek_previous -id Wave.2 -number 1 
gui_seek_previous -id Wave.2 -number 1 
gui_seek_previous -id Wave.2 -number 1 
gui_seek_previous -id Wave.2 -number 1 
gui_seek_previous -id Wave.2 -number 1 
gui_seek_previous -id Wave.2 -number 1 
gui_seek_previous -id Wave.2 -number 1 
gui_seek_previous -id Wave.2 -number 1 
gui_seek_previous -id Wave.2 -number 1 
gui_seek_previous -id Wave.2 -number 1 
gui_seek_previous -id Wave.2 -number 1 
gui_seek_previous -id Wave.2 -number 1 
gui_zoom -window Wave.2 -factor 0.5
gui_zoom -window Wave.2 -factor 0.5
gui_zoom -window Wave.2 -factor 0.5
gui_zoom -window Wave.2 -factor 0.5
gui_zoom -window Wave.2 -factor 0.5
gui_zoom -window Wave.2 -factor 0.5
gui_zoom -window Wave.2 -factor 2
gui_zoom -window Wave.2 -factor 2
gui_zoom -window Wave.2 -factor 2
gui_zoom -window Wave.2 -factor 2
gui_seek_previous -id Wave.2 -number 1 
gui_seek_previous -id Wave.2 -number 1 
gui_seek_previous -id Wave.2 -number 1 
gui_seek_previous -id Wave.2 -number 1 
gui_seek_previous -id Wave.2 -number 1 
gui_zoom -window Wave.2 -factor 2
gui_zoom -window Wave.2 -factor 2
gui_seek_next -id Wave.2 -number 1 
gui_seek_next -id Wave.2 -number 1 
gui_seek_next -id Wave.2 -number 1 
gui_seek_next -id Wave.2 -number 1 
gui_seek_next -id Wave.2 -number 1 
gui_seek_next -id Wave.2 -number 1 
gui_seek_next -id Wave.2 -number 1 
gui_seek_next -id Wave.2 -number 1 
gui_seek_next -id Wave.2 -number 1 
gui_seek_next -id Wave.2 -number 1 
gui_seek_next -id Wave.2 -number 1 
gui_seek_next -id Wave.2 -number 1 
gui_seek_next -id Wave.2 -number 1 
gui_seek_previous -id Wave.2 -number 1 
gui_seek_previous -id Wave.2 -number 1 
gui_list_set_filter -id Wave.2 -text {*done*}
gui_list_select -id Wave.2 {  {test.Top.generatedTop.sink.mainComp.mainComp.updateWriter.State[7:0]}   test.Top.generatedTop.sink.mainComp.mainComp.updateWriter.io_in_bits_done   }
gui_marker_move -id  Wave.2 C1 101762
gui_seek_previous -id Wave.2 -number 1 
gui_seek_previous -id Wave.2 -number 1 
gui_zoom -window Wave.2 -factor 0.5
gui_zoom -window Wave.2 -factor 0.5
gui_zoom -window Wave.2 -factor 0.5
gui_zoom -window Wave.2 -factor 0.5
gui_zoom -window Wave.2 -factor 0.5
gui_zoom -window Wave.2 -factor 0.5
gui_zoom -window Wave.2 -factor 0.5
gui_zoom -window Wave.2 -factor 0.5
gui_zoom -window Wave.2 -factor 0.5
gui_zoom -window Wave.2 -factor 0.5
gui_zoom -window Wave.2 -factor 2
gui_zoom -window Wave.2 -factor 2
gui_zoom -window Wave.2 -factor 2
gui_zoom -window Wave.2 -factor 2
gui_zoom -window Wave.2 -factor 2
gui_list_select -id Wave.2 {  test.Top.generatedTop.sink.mainComp.mainComp.updateWriter.io_in_bits_done   {test.Top.generatedTop.sink.mainComp.mainComp.updateWriter.inputReg_done[0:0]}   }
gui_marker_move -id  Wave.2 C1 13549
gui_seek_next -id Wave.2 -number 1 
gui_seek_next -id Wave.2 -number 1 
gui_seek_next -id Wave.2 -number 1 
gui_seek_next -id Wave.2 -number 1 
gui_seek_previous -id Wave.2 -number 1 
gui_seek_previous -id Wave.2 -number 1 
gui_seek_previous -id Wave.2 -number 1 
gui_list_select -id Wave.2 {  {test.Top.generatedTop.sink.mainComp.mainComp.updateWriter.inputReg_done[0:0]}   test.Top.generatedTop.sink.mainComp.mainComp.updateWriter.io_in_bits_done   }
gui_seek_next -id Wave.2 -number 1 
gui_seek_next -id Wave.2 -number 1 
gui_seek_next -id Wave.2 -number 1 
gui_seek_previous -id Wave.2 -number 1 
gui_seek_previous -id Wave.2 -number 1 
gui_seek_previous -id Wave.2 -number 1 
gui_seek_previous -id Wave.2 -number 1 
gui_zoom -window Wave.2 -factor 2
gui_zoom -window Wave.2 -factor 2
gui_zoom -window Wave.2 -factor 2
gui_zoom -window Wave.2 -factor 2
gui_list_set_filter -id Wave.2 -text {*state*}
gui_wv_scrollright -id  Wave.2  page
gui_wv_scrollright -id  Wave.2  page
gui_wv_scrollright -id  Wave.2  page
gui_wv_scrollright -id  Wave.2  page
gui_wv_scrollright -id  Wave.2  page
gui_wv_scrollright -id  Wave.2  page
gui_marker_move -id  Wave.2 C1 26374
gui_seek_previous -id Wave.2 -number 1 
gui_seek_previous -id Wave.2 -number 1 
gui_seek_previous -id Wave.2 -number 1 
gui_seek_previous -id Wave.2 -number 1 
gui_seek_previous -id Wave.2 -number 1 
gui_seek_previous -id Wave.2 -number 1 
gui_seek_previous -id Wave.2 -number 1 
gui_seek_previous -id Wave.2 -number 1 
gui_seek_previous -id Wave.2 -number 1 
gui_seek_previous -id Wave.2 -number 1 
gui_seek_previous -id Wave.2 -number 1 
gui_seek_previous -id Wave.2 -number 1 
gui_seek_previous -id Wave.2 -number 1 
gui_seek_previous -id Wave.2 -number 1 
gui_seek_previous -id Wave.2 -number 1 
gui_seek_previous -id Wave.2 -number 1 
gui_seek_previous -id Wave.2 -number 1 
gui_seek_previous -id Wave.2 -number 1 
gui_seek_next -id Wave.2 -number 1 
gui_seek_next -id Wave.2 -number 1 
gui_seek_next -id Wave.2 -number 1 
gui_seek_next -id Wave.2 -number 1 
gui_seek_next -id Wave.2 -number 1 
gui_list_select -id Wave.2 {  test.Top.generatedTop.sink.mainComp.mainComp.updateWriter.io_in_bits_done   {test.Top.generatedTop.sink.mainComp.mainComp.updateWriter.State[7:0]}   }
gui_seek_next -id Wave.2 -number 1 
gui_seek_next -id Wave.2 -number 1 
gui_seek_next -id Wave.2 -number 1 
gui_seek_next -id Wave.2 -number 1 
gui_seek_previous -id Wave.2 -number 1 
gui_seek_previous -id Wave.2 -number 1 
gui_seek_next -id Wave.2 -number 1 
gui_zoom -window Wave.2 -factor 0.5
gui_zoom -window Wave.2 -factor 0.5
gui_zoom -window Wave.2 -factor 0.5
gui_list_set_filter -id Wave.2 -text {*lock*valid*}
gui_list_set_filter -id Wave.2 -text {*mode*}
gui_list_select -id Wave.2 {  {test.Top.generatedTop.sink.mainComp.mainComp.updateWriter.State[7:0]}   {test.Top.generatedTop.sink.mainComp.mainComp.updateWriter.mode[0:0]}   }
gui_marker_move -id  Wave.2 C1 31503
gui_seek_next -id Wave.2 -number 1 
gui_seek_previous -id Wave.2 -number 1 
gui_seek_previous -id Wave.2 -number 1 
gui_seek_previous -id Wave.2 -number 1 
gui_zoom -window Wave.2 -factor 0.5
gui_zoom -window Wave.2 -factor 0.5
gui_zoom -window Wave.2 -factor 0.5
gui_zoom -window Wave.2 -factor 0.5
gui_marker_move -id  Wave.2 C1 135300
gui_zoom -window Wave.2 -factor 2
gui_zoom -window Wave.2 -factor 2
gui_zoom -window Wave.2 -factor 2
gui_list_set_filter -id Wave.2 -text {*state*}
gui_wv_scrollleft -id  Wave.2  line
gui_wv_scrollleft -id  Wave.2  line
gui_wv_scrollleft -id  Wave.2  line
gui_wv_scrollleft -id  Wave.2  line
gui_wv_scrollleft -id  Wave.2  line
gui_wv_scrollleft -id  Wave.2  line
gui_wv_scrollleft -id  Wave.2  line
gui_wv_scrollleft -id  Wave.2  line
gui_wv_scrollleft -id  Wave.2  line
gui_wv_scrollleft -id  Wave.2  line
gui_wv_scrollleft -id  Wave.2  line
gui_wv_scrollleft -id  Wave.2  line
gui_zoom -window Wave.2 -factor 2
gui_zoom -window Wave.2 -factor 2
gui_wv_scrollleft -id  Wave.2  line
gui_wv_scrollleft -id  Wave.2  line
gui_wv_scrollleft -id  Wave.2  line
gui_wv_scrollleft -id  Wave.2  line
gui_wv_scrollleft -id  Wave.2  line
gui_wv_scrollleft -id  Wave.2  line
gui_wv_scrollleft -id  Wave.2  line
gui_wv_scrollleft -id  Wave.2  line
gui_wv_scrollleft -id  Wave.2  line
gui_wv_scrollleft -id  Wave.2  line
gui_wv_scrollleft -id  Wave.2  line
gui_wv_scrollleft -id  Wave.2  line
gui_wv_scrollleft -id  Wave.2  line
gui_wv_scrollleft -id  Wave.2  line
gui_wv_scrollleft -id  Wave.2  line
gui_wv_scrollleft -id  Wave.2  line
gui_zoom -window Wave.2 -factor 2
gui_zoom -window Wave.2 -factor 2
gui_wv_scrollright -id  Wave.2  line
gui_wv_scrollright -id  Wave.2  line
gui_wv_scrollright -id  Wave.2  line
gui_wv_scrollright -id  Wave.2  line
gui_wv_scrollright -id  Wave.2  line
gui_wv_scrollright -id  Wave.2  line
gui_wv_scrollright -id  Wave.2  line
gui_wv_scrollright -id  Wave.2  line
gui_wv_scrollright -id  Wave.2  line
gui_wv_scrollright -id  Wave.2  line
gui_wv_scrollright -id  Wave.2  line
gui_wv_scrollright -id  Wave.2  line
gui_wv_scrollright -id  Wave.2  line
gui_wv_scrollright -id  Wave.2  line
gui_wv_scrollright -id  Wave.2  line
gui_wv_scrollright -id  Wave.2  line
gui_wv_scrollright -id  Wave.2  line
gui_wv_scrollright -id  Wave.2  line
gui_wv_scrollright -id  Wave.2  line
gui_wv_scrollright -id  Wave.2  line
gui_wv_scrollright -id  Wave.2  line
gui_wv_scrollright -id  Wave.2  line
gui_wv_scrollright -id  Wave.2  line
gui_wv_scrollright -id  Wave.2  line
gui_list_select -id Wave.2 {  {test.Top.generatedTop.sink.mainComp.mainComp.updateWriter.mode[0:0]}   {test.Top.generatedTop.sink.mainComp.mainComp.updateWriter.State[7:0]}   }
gui_marker_move -id  Wave.2 C1 120055
gui_seek_next -id Wave.2 -number 1 
gui_zoom -window Wave.2 -factor 0.5
gui_zoom -window Wave.2 -factor 0.5
gui_zoom -window Wave.2 -factor 0.5
gui_zoom -window Wave.2 -factor 0.5
gui_zoom -window Wave.2 -factor 0.5
gui_seek_previous -id Wave.2 -number 1 
gui_seek_previous -id Wave.2 -number 1 
gui_seek_previous -id Wave.2 -number 1 
gui_seek_previous -id Wave.2 -number 1 
gui_seek_previous -id Wave.2 -number 1 
gui_seek_previous -id Wave.2 -number 1 
gui_seek_previous -id Wave.2 -number 1 
gui_seek_previous -id Wave.2 -number 1 
gui_seek_previous -id Wave.2 -number 1 
gui_seek_previous -id Wave.2 -number 1 
gui_seek_previous -id Wave.2 -number 1 
gui_seek_next -id Wave.2 -number 1 
gui_seek_next -id Wave.2 -number 1 
gui_seek_next -id Wave.2 -number 1 
gui_seek_next -id Wave.2 -number 1 
gui_seek_next -id Wave.2 -number 1 
gui_seek_next -id Wave.2 -number 1 
gui_seek_next -id Wave.2 -number 1 
gui_seek_next -id Wave.2 -number 1 
gui_seek_next -id Wave.2 -number 1 
gui_seek_next -id Wave.2 -number 1 
gui_seek_next -id Wave.2 -number 1 
gui_list_set_filter -id Wave.2 -text {*io*add*}
gui_list_select -id Wave.2 {  {test.Top.generatedTop.sink.mainComp.mainComp.updateWriter.State[7:0]}   {test.Top.generatedTop.sink.mainComp.mainComp.updateWriter.io_off_add_req_bits_in2[63:0]}   }
